Vivado Simulator 2019.2
Time resolution is 1 ps
==============================================================
Test begin!
----[  12055 ns] Number 8'd01 Functional Test Point PASS!!!
        [  22000 ns] Test is running, debug_wb_pc = 0x1c04c2b4
        [  32000 ns] Test is running, debug_wb_pc = 0x1c04d254
----[  36405 ns] Number 8'd02 Functional Test Point PASS!!!
        [  42000 ns] Test is running, debug_wb_pc = 0x1c061da8
        [  52000 ns] Test is running, debug_wb_pc = 0x1c062d48
----[  54735 ns] Number 8'd03 Functional Test Point PASS!!!
        [  62000 ns] Test is running, debug_wb_pc = 0x1c0732f4
        [  72000 ns] Test is running, debug_wb_pc = 0x1c074294
----[  79085 ns] Number 8'd04 Functional Test Point PASS!!!
        [  82000 ns] Test is running, debug_wb_pc = 0x1c076b68
        [  92000 ns] Test is running, debug_wb_pc = 0x1c077b08
        [ 102000 ns] Test is running, debug_wb_pc = 0x1c078aa8
----[ 103435 ns] Number 8'd05 Functional Test Point PASS!!!
        [ 112000 ns] Test is running, debug_wb_pc = 0x1c07a13c
        [ 122000 ns] Test is running, debug_wb_pc = 0x1c07b0dc
----[ 127785 ns] Number 8'd06 Functional Test Point PASS!!!
        [ 132000 ns] Test is running, debug_wb_pc = 0x1c07cc48
        [ 142000 ns] Test is running, debug_wb_pc = 0x1c07dbe8
        [ 152000 ns] Test is running, debug_wb_pc = 0x1c07eb88
----[ 152135 ns] Number 8'd07 Functional Test Point PASS!!!
        [ 162000 ns] Test is running, debug_wb_pc = 0x1c07fadc
        [ 172000 ns] Test is running, debug_wb_pc = 0x1c080a7c
----[ 176485 ns] Number 8'd08 Functional Test Point PASS!!!
        [ 182000 ns] Test is running, debug_wb_pc = 0x1c0819d0
        [ 192000 ns] Test is running, debug_wb_pc = 0x1c082970
----[ 200835 ns] Number 8'd09 Functional Test Point PASS!!!
        [ 202000 ns] Test is running, debug_wb_pc = 0x1c0109bc
        [ 212000 ns] Test is running, debug_wb_pc = 0x1c01195c
        [ 222000 ns] Test is running, debug_wb_pc = 0x1c0128fc
----[ 225185 ns] Number 8'd10 Functional Test Point PASS!!!
        [ 232000 ns] Test is running, debug_wb_pc = 0x1c013850
        [ 242000 ns] Test is running, debug_wb_pc = 0x1c0147f0
----[ 243515 ns] Number 8'd11 Functional Test Point PASS!!!
        [ 252000 ns] Test is running, debug_wb_pc = 0x1c015744
----[ 261845 ns] Number 8'd12 Functional Test Point PASS!!!
        [ 262000 ns] Test is running, debug_wb_pc = 0x1c01036c
        [ 272000 ns] Test is running, debug_wb_pc = 0x1c017638
----[ 280175 ns] Number 8'd13 Functional Test Point PASS!!!
        [ 282000 ns] Test is running, debug_wb_pc = 0x1c01858c
----[ 290685 ns] Number 8'd14 Functional Test Point PASS!!!
        [ 292000 ns] Test is running, debug_wb_pc = 0x1c0194e0
----[ 301995 ns] Number 8'd15 Functional Test Point PASS!!!
        [ 302000 ns] Test is running, debug_wb_pc = 0x1c0100c4
        [ 312000 ns] Test is running, debug_wb_pc = 0x1c01b8ac
        [ 322000 ns] Test is running, debug_wb_pc = 0x1c01ccfc
        [ 332000 ns] Test is running, debug_wb_pc = 0x1c01ddec
        [ 342000 ns] Test is running, debug_wb_pc = 0x1c01eef4
        [ 352000 ns] Test is running, debug_wb_pc = 0x1c0202ac
        [ 362000 ns] Test is running, debug_wb_pc = 0x1c02173c
----[ 363495 ns] Number 8'd16 Functional Test Point PASS!!!
        [ 372000 ns] Test is running, debug_wb_pc = 0x1c022854
        [ 382000 ns] Test is running, debug_wb_pc = 0x1c023938
        [ 392000 ns] Test is running, debug_wb_pc = 0x1c024c34
        [ 402000 ns] Test is running, debug_wb_pc = 0x1c0260c4
        [ 412000 ns] Test is running, debug_wb_pc = 0x1c02731c
        [ 422000 ns] Test is running, debug_wb_pc = 0x1c02840c
----[ 428955 ns] Number 8'd17 Functional Test Point PASS!!!
        [ 432000 ns] Test is running, debug_wb_pc = 0x1c0294bc
        [ 442000 ns] Test is running, debug_wb_pc = 0x1c02a5a0
        [ 452000 ns] Test is running, debug_wb_pc = 0x1c02b664
        [ 462000 ns] Test is running, debug_wb_pc = 0x1c02c734
        [ 472000 ns] Test is running, debug_wb_pc = 0x1c02d80c
----[ 481225 ns] Number 8'd18 Functional Test Point PASS!!!
        [ 482000 ns] Test is running, debug_wb_pc = 0x1c02e888
        [ 492000 ns] Test is running, debug_wb_pc = 0x1c02f978
        [ 502000 ns] Test is running, debug_wb_pc = 0x1c030a68
        [ 512000 ns] Test is running, debug_wb_pc = 0x1c031b50
        [ 522000 ns] Test is running, debug_wb_pc = 0x1c032c40
----[ 529495 ns] Number 8'd19 Functional Test Point PASS!!!
        [ 532000 ns] Test is running, debug_wb_pc = 0x1c034c44
        [ 542000 ns] Test is running, debug_wb_pc = 0x1c035d8c
        [ 552000 ns] Test is running, debug_wb_pc = 0x1c036ecc
        [ 562000 ns] Test is running, debug_wb_pc = 0x1c038014
----[ 567765 ns] Number 8'd20 Functional Test Point PASS!!!
        [ 572000 ns] Test is running, debug_wb_pc = 0x1c039050
        [ 582000 ns] Test is running, debug_wb_pc = 0x1c039ff8
        [ 592000 ns] Test is running, debug_wb_pc = 0x1c03af98
----[ 595125 ns] Number 8'd21 Functional Test Point PASS!!!
        [ 602000 ns] Test is running, debug_wb_pc = 0x1c03bef0
        [ 612000 ns] Test is running, debug_wb_pc = 0x1c03ce90
----[ 613455 ns] Number 8'd22 Functional Test Point PASS!!!
        [ 622000 ns] Test is running, debug_wb_pc = 0x1c03dde4
----[ 631785 ns] Number 8'd23 Functional Test Point PASS!!!
        [ 632000 ns] Test is running, debug_wb_pc = 0x1c03ed38
        [ 642000 ns] Test is running, debug_wb_pc = 0x1c03fcd8
----[ 650115 ns] Number 8'd24 Functional Test Point PASS!!!
        [ 652000 ns] Test is running, debug_wb_pc = 0x1c040c2c
        [ 662000 ns] Test is running, debug_wb_pc = 0x1c041bcc
----[ 668445 ns] Number 8'd25 Functional Test Point PASS!!!
        [ 672000 ns] Test is running, debug_wb_pc = 0x1c042b20
        [ 682000 ns] Test is running, debug_wb_pc = 0x1c043ac0
----[ 686775 ns] Number 8'd26 Functional Test Point PASS!!!
        [ 692000 ns] Test is running, debug_wb_pc = 0x1c044a14
        [ 702000 ns] Test is running, debug_wb_pc = 0x1c0459b4
----[ 711125 ns] Number 8'd27 Functional Test Point PASS!!!
        [ 712000 ns] Test is running, debug_wb_pc = 0x1c046908
        [ 722000 ns] Test is running, debug_wb_pc = 0x1c0478a8
        [ 732000 ns] Test is running, debug_wb_pc = 0x1c048848
----[ 735475 ns] Number 8'd28 Functional Test Point PASS!!!
        [ 742000 ns] Test is running, debug_wb_pc = 0x1c04979c
        [ 752000 ns] Test is running, debug_wb_pc = 0x1c04a73c
----[ 759825 ns] Number 8'd29 Functional Test Point PASS!!!
        [ 762000 ns] Test is running, debug_wb_pc = 0x1c04dc50
----[ 768595 ns] Number 8'd30 Functional Test Point PASS!!!
        [ 772000 ns] Test is running, debug_wb_pc = 0x1c04eba4
----[ 781235 ns] Number 8'd31 Functional Test Point PASS!!!
        [ 782000 ns] Test is running, debug_wb_pc = 0x1c04fafc
        [ 792000 ns] Test is running, debug_wb_pc = 0x1c050a9c
----[ 793625 ns] Number 8'd32 Functional Test Point PASS!!!
        [ 802000 ns] Test is running, debug_wb_pc = 0x1c0519f0
----[ 806155 ns] Number 8'd33 Functional Test Point PASS!!!
        [ 812000 ns] Test is running, debug_wb_pc = 0x1c052944
----[ 817525 ns] Number 8'd34 Functional Test Point PASS!!!
        [ 822000 ns] Test is running, debug_wb_pc = 0x1c053898
----[ 827485 ns] Number 8'd35 Functional Test Point PASS!!!
        [ 832000 ns] Test is running, debug_wb_pc = 0x1c0547f0
----[ 841825 ns] Number 8'd36 Functional Test Point PASS!!!
        [ 842000 ns] Test is running, debug_wb_pc = 0x1c010374
        [ 852000 ns] Test is running, debug_wb_pc = 0x1c056ad8
        [ 862000 ns] Test is running, debug_wb_pc = 0x1c057e88
        [ 872000 ns] Test is running, debug_wb_pc = 0x1c059240
----[ 873975 ns] Number 8'd37 Functional Test Point PASS!!!
        [ 882000 ns] Test is running, debug_wb_pc = 0x1c05a5dc
        [ 892000 ns] Test is running, debug_wb_pc = 0x1c05b9bc
        [ 902000 ns] Test is running, debug_wb_pc = 0x1c05cd1c
----[ 906715 ns] Number 8'd38 Functional Test Point PASS!!!
        [ 912000 ns] Test is running, debug_wb_pc = 0x1c05e00c
        [ 922000 ns] Test is running, debug_wb_pc = 0x1c05f3cc
        [ 932000 ns] Test is running, debug_wb_pc = 0x1c0606dc
----[ 939415 ns] Number 8'd39 Functional Test Point PASS!!!
        [ 942000 ns] Test is running, debug_wb_pc = 0x1c063644
        [ 952000 ns] Test is running, debug_wb_pc = 0x1c0649a4
        [ 962000 ns] Test is running, debug_wb_pc = 0x1c065d6c
        [ 972000 ns] Test is running, debug_wb_pc = 0x1c06714c
----[ 972215 ns] Number 8'd40 Functional Test Point PASS!!!
        [ 982000 ns] Test is running, debug_wb_pc = 0x1c06809c
----[ 991205 ns] Number 8'd41 Functional Test Point PASS!!!
        [ 992000 ns] Test is running, debug_wb_pc = 0x1c068ff0
        [1002000 ns] Test is running, debug_wb_pc = 0x1c069f90
----[1005235 ns] Number 8'd42 Functional Test Point PASS!!!
        [1012000 ns] Test is running, debug_wb_pc = 0x1c06aee4
        [1022000 ns] Test is running, debug_wb_pc = 0x1c06be84
----[1025665 ns] Number 8'd43 Functional Test Point PASS!!!
        [1032000 ns] Test is running, debug_wb_pc = 0x1c06cdd8
        [1042000 ns] Test is running, debug_wb_pc = 0x1c06dd78
----[1043535 ns] Number 8'd44 Functional Test Point PASS!!!
        [1052000 ns] Test is running, debug_wb_pc = 0x1c06eccc
        [1062000 ns] Test is running, debug_wb_pc = 0x1c06fc6c
----[1065275 ns] Number 8'd45 Functional Test Point PASS!!!
        [1072000 ns] Test is running, debug_wb_pc = 0x1c070bc4
        [1082000 ns] Test is running, debug_wb_pc = 0x1c071b64
----[1085115 ns] Number 8'd46 Functional Test Point PASS!!!
----[1088795 ns] Number 8'd47 Functional Test Point PASS!!!
        [1092000 ns] Test is running, debug_wb_pc = 0x1c0080fc
----[1092665 ns] Number 8'd48 Functional Test Point PASS!!!
        [1102000 ns] Test is running, debug_wb_pc = 0x1c0723a8
        [1112000 ns] Test is running, debug_wb_pc = 0x1c0723a8
        [1122000 ns] Test is running, debug_wb_pc = 0x1c0723a8
        [1132000 ns] Test is running, debug_wb_pc = 0x1c0723a8
        [1142000 ns] Test is running, debug_wb_pc = 0x1c0723b4
        [1152000 ns] Test is running, debug_wb_pc = 0x1c0723b4
        [1162000 ns] Test is running, debug_wb_pc = 0x1c0723b4
        [1172000 ns] Test is running, debug_wb_pc = 0x1c072460
        [1182000 ns] Test is running, debug_wb_pc = 0x1c072460
        [1192000 ns] Test is running, debug_wb_pc = 0x1c072460
        [1202000 ns] Test is running, debug_wb_pc = 0x1c072460
        [1212000 ns] Test is running, debug_wb_pc = 0x1c07246c
        [1222000 ns] Test is running, debug_wb_pc = 0x1c07246c
        [1232000 ns] Test is running, debug_wb_pc = 0x1c07246c
        [1242000 ns] Test is running, debug_wb_pc = 0x1c07246c
        [1252000 ns] Test is running, debug_wb_pc = 0x1c072514
        [1262000 ns] Test is running, debug_wb_pc = 0x1c072514
        [1272000 ns] Test is running, debug_wb_pc = 0x1c072514
        [1282000 ns] Test is running, debug_wb_pc = 0x1c072514
        [1292000 ns] Test is running, debug_wb_pc = 0x1c072520
        [1302000 ns] Test is running, debug_wb_pc = 0x1c072520
        [1312000 ns] Test is running, debug_wb_pc = 0x1c072520
        [1322000 ns] Test is running, debug_wb_pc = 0x1c0725a0
        [1332000 ns] Test is running, debug_wb_pc = 0x1c0725a0
        [1342000 ns] Test is running, debug_wb_pc = 0x1c0725a0
        [1352000 ns] Test is running, debug_wb_pc = 0x1c0725a0
        [1362000 ns] Test is running, debug_wb_pc = 0x1c0725ac
        [1372000 ns] Test is running, debug_wb_pc = 0x1c0725ac
        [1382000 ns] Test is running, debug_wb_pc = 0x1c0725ac
        [1392000 ns] Test is running, debug_wb_pc = 0x1c0725ac
        [1402000 ns] Test is running, debug_wb_pc = 0x1c072644
        [1412000 ns] Test is running, debug_wb_pc = 0x1c072644
        [1422000 ns] Test is running, debug_wb_pc = 0x1c072644
        [1432000 ns] Test is running, debug_wb_pc = 0x1c072644
        [1442000 ns] Test is running, debug_wb_pc = 0x1c072650
        [1452000 ns] Test is running, debug_wb_pc = 0x1c072650
        [1462000 ns] Test is running, debug_wb_pc = 0x1c072650
        [1472000 ns] Test is running, debug_wb_pc = 0x1c0726d0
        [1482000 ns] Test is running, debug_wb_pc = 0x1c0726d0
        [1492000 ns] Test is running, debug_wb_pc = 0x1c0726d0
        [1502000 ns] Test is running, debug_wb_pc = 0x1c0726d0
        [1512000 ns] Test is running, debug_wb_pc = 0x1c0726dc
        [1522000 ns] Test is running, debug_wb_pc = 0x1c0726dc
        [1532000 ns] Test is running, debug_wb_pc = 0x1c0726dc
        [1542000 ns] Test is running, debug_wb_pc = 0x1c0726dc
        [1552000 ns] Test is running, debug_wb_pc = 0x1c072764
        [1562000 ns] Test is running, debug_wb_pc = 0x1c072764
        [1572000 ns] Test is running, debug_wb_pc = 0x1c072764
        [1582000 ns] Test is running, debug_wb_pc = 0x1c072764
        [1592000 ns] Test is running, debug_wb_pc = 0x1c072770
        [1602000 ns] Test is running, debug_wb_pc = 0x1c072770
        [1612000 ns] Test is running, debug_wb_pc = 0x1c072770
        [1622000 ns] Test is running, debug_wb_pc = 0x1c0727b0
----[1624675 ns] Number 8'd49 Functional Test Point PASS!!!
----[1628565 ns] Number 8'd50 Functional Test Point PASS!!!
        [1632000 ns] Test is running, debug_wb_pc = 0x1c0081ac
----[1636335 ns] Number 8'd51 Functional Test Point PASS!!!
----[1641525 ns] Number 8'd52 Functional Test Point PASS!!!
        [1642000 ns] Test is running, debug_wb_pc = 0x1c00800c
----[1646785 ns] Number 8'd53 Functional Test Point PASS!!!
        [1652000 ns] Test is running, debug_wb_pc = 0x1c075984
----[1652045 ns] Number 8'd54 Functional Test Point PASS!!!
----[1657315 ns] Number 8'd55 Functional Test Point PASS!!!
        [1662000 ns] Test is running, debug_wb_pc = 0x1c075f0c
----[1662655 ns] Number 8'd56 Functional Test Point PASS!!!
----[1667995 ns] Number 8'd57 Functional Test Point PASS!!!
----[1670395 ns] Number 8'd58 Functional Test Point PASS!!!
        [1672000 ns] Test is running, debug_wb_pc = 0x1c01064c
----[1674045 ns] Number 8'd59 Functional Test Point PASS!!!
----[1678995 ns] Number 8'd60 Functional Test Point PASS!!!
        [1682000 ns] Test is running, debug_wb_pc = 0x1c078e8c
----[1682125 ns] Number 8'd61 Functional Test Point PASS!!!
----[1687635 ns] Number 8'd62 Functional Test Point PASS!!!
        [1692000 ns] Test is running, debug_wb_pc = 0x1c078f8c
----[1692955 ns] Number 8'd63 Functional Test Point PASS!!!
----[1697525 ns] Number 8'd64 Functional Test Point PASS!!!
        [1702000 ns] Test is running, debug_wb_pc = 0x1c0790c0
----[1702615 ns] Number 8'd65 Functional Test Point PASS!!!
----[1707145 ns] Number 8'd66 Functional Test Point PASS!!!
----[1711485 ns] Number 8'd67 Functional Test Point PASS!!!
        [1712000 ns] Test is running, debug_wb_pc = 0x1c0104f0
----[1715855 ns] Number 8'd68 Functional Test Point PASS!!!
----[1720235 ns] Number 8'd69 Functional Test Point PASS!!!
----[1721755 ns] Number 8'd70 Functional Test Point PASS!!!
        [1722000 ns] Test is running, debug_wb_pc = 0x1c0103d4
        [1732000 ns] Test is running, debug_wb_pc = 0x1c07c3d4
----[1733205 ns] Number 8'd71 Functional Test Point PASS!!!
----[1734945 ns] Number 8'd72 Functional Test Point PASS!!!
==============================================================
gettrace end!
----Succeed in generating trace file!
$finish called at time : 1735275 ns : File "E:/loongson/cdp_ede_local/mycpu_env/gettrace/src/tb_top.v" Line 224
