INFO: [VRFC 10-2263] Analyzing Verilog file "E:/loongson/cdp_ede_local/mycpu_env/soc_verify/soc_bram/rtl/xilinx_ip/clk_pll/clk_pll_clk_wiz.v" into library xil_defaultlib
INFO: [VRFC 10-311] analyzing module clk_pll_clk_wiz
INFO: [VRFC 10-2263] Analyzing Verilog file "E:/loongson/cdp_ede_local/mycpu_env/soc_verify/soc_bram/rtl/xilinx_ip/clk_pll/clk_pll.v" into library xil_defaultlib
INFO: [VRFC 10-311] analyzing module clk_pll
INFO: [VRFC 10-2263] Analyzing Verilog file "E:/loongson/cdp_ede_local/mycpu_env/soc_verify/soc_bram/rtl/xilinx_ip/data_ram/sim/data_ram.v" into library xil_defaultlib
INFO: [VRFC 10-311] analyzing module data_ram
INFO: [VRFC 10-2263] Analyzing Verilog file "E:/loongson/cdp_ede_local/mycpu_env/soc_verify/soc_bram/rtl/xilinx_ip/inst_ram/sim/inst_ram.v" into library xil_defaultlib
INFO: [VRFC 10-311] analyzing module inst_ram
INFO: [VRFC 10-2263] Analyzing Verilog file "E:/loongson/cdp_ede_local/mycpu_env/myCPU/alu.v" into library xil_defaultlib
INFO: [VRFC 10-311] analyzing module alu
INFO: [VRFC 10-2263] Analyzing Verilog file "E:/loongson/cdp_ede_local/mycpu_env/soc_verify/soc_bram/rtl/BRIDGE/bridge_1x2.v" into library xil_defaultlib
INFO: [VRFC 10-311] analyzing module bridge_1x2
INFO: [VRFC 10-2263] Analyzing Verilog file "E:/loongson/cdp_ede_local/mycpu_env/soc_verify/soc_bram/rtl/CONFREG/confreg.v" into library xil_defaultlib
INFO: [VRFC 10-311] analyzing module confreg
INFO: [VRFC 10-2263] Analyzing Verilog file "E:/loongson/cdp_ede_local/mycpu_env/myCPU/decoder_2_4.v" into library xil_defaultlib
INFO: [VRFC 10-311] analyzing module decoder_2_4
INFO: [VRFC 10-2263] Analyzing Verilog file "E:/loongson/cdp_ede_local/mycpu_env/myCPU/decoder_4_16.v" into library xil_defaultlib
INFO: [VRFC 10-311] analyzing module decoder_4_16
INFO: [VRFC 10-2263] Analyzing Verilog file "E:/loongson/cdp_ede_local/mycpu_env/myCPU/decoder_5_32.v" into library xil_defaultlib
INFO: [VRFC 10-311] analyzing module decoder_5_32
INFO: [VRFC 10-2263] Analyzing Verilog file "E:/loongson/cdp_ede_local/mycpu_env/myCPU/decoder_6_64.v" into library xil_defaultlib
INFO: [VRFC 10-311] analyzing module decoder_6_64
INFO: [VRFC 10-2263] Analyzing Verilog file "E:/loongson/cdp_ede_local/mycpu_env/myCPU/div.v" into library xil_defaultlib
INFO: [VRFC 10-311] analyzing module div
INFO: [VRFC 10-2263] Analyzing Verilog file "E:/loongson/cdp_ede_local/mycpu_env/myCPU/mul_ip.v" into library xil_defaultlib
INFO: [VRFC 10-311] analyzing module mul_ip
INFO: [VRFC 10-2263] Analyzing Verilog file "E:/loongson/cdp_ede_local/mycpu_env/myCPU/mycpu_top.v" into library xil_defaultlib
INFO: [VRFC 10-311] analyzing module mycpu_top
INFO: [VRFC 10-2458] undeclared symbol need_ui12, assumed default net type wire [E:/loongson/cdp_ede_local/mycpu_env/myCPU/mycpu_top.v:300]
INFO: [VRFC 10-2458] undeclared symbol rj_eq_rd, assumed default net type wire [E:/loongson/cdp_ede_local/mycpu_env/myCPU/mycpu_top.v:395]
INFO: [VRFC 10-2458] undeclared symbol rj_less_rd, assumed default net type wire [E:/loongson/cdp_ede_local/mycpu_env/myCPU/mycpu_top.v:396]
INFO: [VRFC 10-2458] undeclared symbol rj_uless_rd, assumed default net type wire [E:/loongson/cdp_ede_local/mycpu_env/myCPU/mycpu_top.v:397]
INFO: [VRFC 10-2458] undeclared symbol ex_alu_op, assumed default net type wire [E:/loongson/cdp_ede_local/mycpu_env/myCPU/mycpu_top.v:415]
INFO: [VRFC 10-2458] undeclared symbol ex_alu_src1, assumed default net type wire [E:/loongson/cdp_ede_local/mycpu_env/myCPU/mycpu_top.v:416]
INFO: [VRFC 10-2458] undeclared symbol ex_alu_src2, assumed default net type wire [E:/loongson/cdp_ede_local/mycpu_env/myCPU/mycpu_top.v:417]
INFO: [VRFC 10-2458] undeclared symbol ex_mul_hres, assumed default net type wire [E:/loongson/cdp_ede_local/mycpu_env/myCPU/mycpu_top.v:426]
INFO: [VRFC 10-2458] undeclared symbol ex_mul_signed, assumed default net type wire [E:/loongson/cdp_ede_local/mycpu_env/myCPU/mycpu_top.v:427]
INFO: [VRFC 10-2458] undeclared symbol ex_div_enable, assumed default net type wire [E:/loongson/cdp_ede_local/mycpu_env/myCPU/mycpu_top.v:442]
INFO: [VRFC 10-2458] undeclared symbol ex_div_signed, assumed default net type wire [E:/loongson/cdp_ede_local/mycpu_env/myCPU/mycpu_top.v:443]
INFO: [VRFC 10-2458] undeclared symbol id_need_forward_data, assumed default net type wire [E:/loongson/cdp_ede_local/mycpu_env/myCPU/mycpu_top.v:597]
WARNING: [VRFC 10-2938] 'ex_mul_signed' is already implicitly declared on line 427 [E:/loongson/cdp_ede_local/mycpu_env/myCPU/mycpu_top.v:685]
WARNING: [VRFC 10-2938] 'ex_mul_hres' is already implicitly declared on line 426 [E:/loongson/cdp_ede_local/mycpu_env/myCPU/mycpu_top.v:686]
WARNING: [VRFC 10-2938] 'ex_alu_src1' is already implicitly declared on line 416 [E:/loongson/cdp_ede_local/mycpu_env/myCPU/mycpu_top.v:691]
WARNING: [VRFC 10-2938] 'ex_alu_src2' is already implicitly declared on line 417 [E:/loongson/cdp_ede_local/mycpu_env/myCPU/mycpu_top.v:692]
WARNING: [VRFC 10-2938] 'ex_alu_op' is already implicitly declared on line 415 [E:/loongson/cdp_ede_local/mycpu_env/myCPU/mycpu_top.v:693]
WARNING: [VRFC 10-2938] 'ex_div_enable' is already implicitly declared on line 442 [E:/loongson/cdp_ede_local/mycpu_env/myCPU/mycpu_top.v:695]
WARNING: [VRFC 10-2938] 'ex_div_signed' is already implicitly declared on line 443 [E:/loongson/cdp_ede_local/mycpu_env/myCPU/mycpu_top.v:696]
INFO: [VRFC 10-2458] undeclared symbol validout, assumed default net type wire [E:/loongson/cdp_ede_local/mycpu_env/myCPU/mycpu_top.v:875]
INFO: [VRFC 10-2458] undeclared symbol dataout, assumed default net type wire [E:/loongson/cdp_ede_local/mycpu_env/myCPU/mycpu_top.v:876]
WARNING: [VRFC 10-3380] identifier 'if_allowin' is used before its declaration [E:/loongson/cdp_ede_local/mycpu_env/myCPU/mycpu_top.v:180]
WARNING: [VRFC 10-3380] identifier 'id_valid' is used before its declaration [E:/loongson/cdp_ede_local/mycpu_env/myCPU/mycpu_top.v:181]
WARNING: [VRFC 10-3380] identifier 'id_inst' is used before its declaration [E:/loongson/cdp_ede_local/mycpu_env/myCPU/mycpu_top.v:196]
WARNING: [VRFC 10-3380] identifier 'ex_valid' is used before its declaration [E:/loongson/cdp_ede_local/mycpu_env/myCPU/mycpu_top.v:382]
WARNING: [VRFC 10-3380] identifier 'mem_valid' is used before its declaration [E:/loongson/cdp_ede_local/mycpu_env/myCPU/mycpu_top.v:383]
WARNING: [VRFC 10-3380] identifier 'mem_valid' is used before its declaration [E:/loongson/cdp_ede_local/mycpu_env/myCPU/mycpu_top.v:384]
WARNING: [VRFC 10-3380] identifier 'wb_valid' is used before its declaration [E:/loongson/cdp_ede_local/mycpu_env/myCPU/mycpu_top.v:385]
WARNING: [VRFC 10-3380] identifier 'ex_valid' is used before its declaration [E:/loongson/cdp_ede_local/mycpu_env/myCPU/mycpu_top.v:387]
WARNING: [VRFC 10-3380] identifier 'mem_valid' is used before its declaration [E:/loongson/cdp_ede_local/mycpu_env/myCPU/mycpu_top.v:388]
WARNING: [VRFC 10-3380] identifier 'mem_valid' is used before its declaration [E:/loongson/cdp_ede_local/mycpu_env/myCPU/mycpu_top.v:389]
WARNING: [VRFC 10-3380] identifier 'wb_valid' is used before its declaration [E:/loongson/cdp_ede_local/mycpu_env/myCPU/mycpu_top.v:390]
WARNING: [VRFC 10-3380] identifier 'ex_valid' is used before its declaration [E:/loongson/cdp_ede_local/mycpu_env/myCPU/mycpu_top.v:393]
WARNING: [VRFC 10-3380] identifier 'if_pc' is used before its declaration [E:/loongson/cdp_ede_local/mycpu_env/myCPU/mycpu_top.v:407]
WARNING: [VRFC 10-3380] identifier 'id_pc' is used before its declaration [E:/loongson/cdp_ede_local/mycpu_env/myCPU/mycpu_top.v:408]
WARNING: [VRFC 10-3380] identifier 'id_pc' is used before its declaration [E:/loongson/cdp_ede_local/mycpu_env/myCPU/mycpu_top.v:411]
WARNING: [VRFC 10-3380] identifier 'ex_div_res_remainder' is used before its declaration [E:/loongson/cdp_ede_local/mycpu_env/myCPU/mycpu_top.v:451]
WARNING: [VRFC 10-3380] identifier 'ex_mul_enable' is used before its declaration [E:/loongson/cdp_ede_local/mycpu_env/myCPU/mycpu_top.v:454]
WARNING: [VRFC 10-3380] identifier 'mem_op_st_b' is used before its declaration [E:/loongson/cdp_ede_local/mycpu_env/myCPU/mycpu_top.v:458]
WARNING: [VRFC 10-3380] identifier 'mem_EX_result' is used before its declaration [E:/loongson/cdp_ede_local/mycpu_env/myCPU/mycpu_top.v:459]
WARNING: [VRFC 10-3380] identifier 'mem_EX_result' is used before its declaration [E:/loongson/cdp_ede_local/mycpu_env/myCPU/mycpu_top.v:460]
WARNING: [VRFC 10-3380] identifier 'mem_op_st_h' is used before its declaration [E:/loongson/cdp_ede_local/mycpu_env/myCPU/mycpu_top.v:462]
WARNING: [VRFC 10-3380] identifier 'mem_op_st_w' is used before its declaration [E:/loongson/cdp_ede_local/mycpu_env/myCPU/mycpu_top.v:464]
WARNING: [VRFC 10-3380] identifier 'mem_EX_result' is used before its declaration [E:/loongson/cdp_ede_local/mycpu_env/myCPU/mycpu_top.v:467]
WARNING: [VRFC 10-3380] identifier 'mem_op_st_b' is used before its declaration [E:/loongson/cdp_ede_local/mycpu_env/myCPU/mycpu_top.v:468]
WARNING: [VRFC 10-3380] identifier 'mem_op_st_h' is used before its declaration [E:/loongson/cdp_ede_local/mycpu_env/myCPU/mycpu_top.v:469]
WARNING: [VRFC 10-3380] identifier 'mem_rkd_value' is used before its declaration [E:/loongson/cdp_ede_local/mycpu_env/myCPU/mycpu_top.v:470]
WARNING: [VRFC 10-3380] identifier 'wb_mem_word' is used before its declaration [E:/loongson/cdp_ede_local/mycpu_env/myCPU/mycpu_top.v:474]
WARNING: [VRFC 10-3380] identifier 'wb_mem_half' is used before its declaration [E:/loongson/cdp_ede_local/mycpu_env/myCPU/mycpu_top.v:475]
WARNING: [VRFC 10-3380] identifier 'wb_mem_byte' is used before its declaration [E:/loongson/cdp_ede_local/mycpu_env/myCPU/mycpu_top.v:477]
WARNING: [VRFC 10-3380] identifier 'wb_EX_result' is used before its declaration [E:/loongson/cdp_ede_local/mycpu_env/myCPU/mycpu_top.v:478]
WARNING: [VRFC 10-3380] identifier 'wb_EX_result' is used before its declaration [E:/loongson/cdp_ede_local/mycpu_env/myCPU/mycpu_top.v:479]
WARNING: [VRFC 10-3380] identifier 'wb_mem_uext' is used before its declaration [E:/loongson/cdp_ede_local/mycpu_env/myCPU/mycpu_top.v:485]
WARNING: [VRFC 10-3380] identifier 'wb_mem_half' is used before its declaration [E:/loongson/cdp_ede_local/mycpu_env/myCPU/mycpu_top.v:486]
WARNING: [VRFC 10-3380] identifier 'wb_mem_byte' is used before its declaration [E:/loongson/cdp_ede_local/mycpu_env/myCPU/mycpu_top.v:487]
WARNING: [VRFC 10-3380] identifier 'wb_mem_iext' is used before its declaration [E:/loongson/cdp_ede_local/mycpu_env/myCPU/mycpu_top.v:490]
WARNING: [VRFC 10-3380] identifier 'wb_mem_half' is used before its declaration [E:/loongson/cdp_ede_local/mycpu_env/myCPU/mycpu_top.v:491]
WARNING: [VRFC 10-3380] identifier 'wb_mem_byte' is used before its declaration [E:/loongson/cdp_ede_local/mycpu_env/myCPU/mycpu_top.v:492]
WARNING: [VRFC 10-3380] identifier 'wb_res_from_mem' is used before its declaration [E:/loongson/cdp_ede_local/mycpu_env/myCPU/mycpu_top.v:497]
WARNING: [VRFC 10-3380] identifier 'wb_EX_result' is used before its declaration [E:/loongson/cdp_ede_local/mycpu_env/myCPU/mycpu_top.v:498]
WARNING: [VRFC 10-3380] identifier 'wb_gr_we' is used before its declaration [E:/loongson/cdp_ede_local/mycpu_env/myCPU/mycpu_top.v:500]
WARNING: [VRFC 10-3380] identifier 'wb_dest' is used before its declaration [E:/loongson/cdp_ede_local/mycpu_env/myCPU/mycpu_top.v:501]
WARNING: [VRFC 10-3380] identifier 'wb_pc' is used before its declaration [E:/loongson/cdp_ede_local/mycpu_env/myCPU/mycpu_top.v:505]
WARNING: [VRFC 10-3380] identifier 'wb_pc' is used before its declaration [E:/loongson/cdp_ede_local/mycpu_env/myCPU/mycpu_top.v:506]
WARNING: [VRFC 10-3380] identifier 'wb_dest' is used before its declaration [E:/loongson/cdp_ede_local/mycpu_env/myCPU/mycpu_top.v:507]
WARNING: [VRFC 10-3380] identifier 'id_allowin' is used before its declaration [E:/loongson/cdp_ede_local/mycpu_env/myCPU/mycpu_top.v:537]
WARNING: [VRFC 10-3380] identifier 'ex_dest' is used before its declaration [E:/loongson/cdp_ede_local/mycpu_env/myCPU/mycpu_top.v:577]
WARNING: [VRFC 10-3380] identifier 'mem_dest' is used before its declaration [E:/loongson/cdp_ede_local/mycpu_env/myCPU/mycpu_top.v:578]
WARNING: [VRFC 10-3380] identifier 'wb_dest' is used before its declaration [E:/loongson/cdp_ede_local/mycpu_env/myCPU/mycpu_top.v:579]
WARNING: [VRFC 10-3380] identifier 'ex_dest' is used before its declaration [E:/loongson/cdp_ede_local/mycpu_env/myCPU/mycpu_top.v:582]
WARNING: [VRFC 10-3380] identifier 'mem_dest' is used before its declaration [E:/loongson/cdp_ede_local/mycpu_env/myCPU/mycpu_top.v:583]
WARNING: [VRFC 10-3380] identifier 'wb_dest' is used before its declaration [E:/loongson/cdp_ede_local/mycpu_env/myCPU/mycpu_top.v:584]
WARNING: [VRFC 10-3380] identifier 'ex_dest' is used before its declaration [E:/loongson/cdp_ede_local/mycpu_env/myCPU/mycpu_top.v:587]
WARNING: [VRFC 10-3380] identifier 'mem_dest' is used before its declaration [E:/loongson/cdp_ede_local/mycpu_env/myCPU/mycpu_top.v:588]
WARNING: [VRFC 10-3380] identifier 'wb_dest' is used before its declaration [E:/loongson/cdp_ede_local/mycpu_env/myCPU/mycpu_top.v:589]
WARNING: [VRFC 10-3380] identifier 'ex_mem_forward' is used before its declaration [E:/loongson/cdp_ede_local/mycpu_env/myCPU/mycpu_top.v:600]
WARNING: [VRFC 10-3380] identifier 'mem_mem_forward' is used before its declaration [E:/loongson/cdp_ede_local/mycpu_env/myCPU/mycpu_top.v:601]
WARNING: [VRFC 10-3380] identifier 'ex_ex_forward' is used before its declaration [E:/loongson/cdp_ede_local/mycpu_env/myCPU/mycpu_top.v:602]
WARNING: [VRFC 10-3380] identifier 'ex_allowin' is used before its declaration [E:/loongson/cdp_ede_local/mycpu_env/myCPU/mycpu_top.v:605]
WARNING: [VRFC 10-3380] identifier 'id_pc' is used before its declaration [E:/loongson/cdp_ede_local/mycpu_env/myCPU/mycpu_top.v:616]
WARNING: [VRFC 10-3380] identifier 'mem_allowin' is used before its declaration [E:/loongson/cdp_ede_local/mycpu_env/myCPU/mycpu_top.v:637]
WARNING: [VRFC 10-3380] identifier 'ex_pc' is used before its declaration [E:/loongson/cdp_ede_local/mycpu_env/myCPU/mycpu_top.v:645]
WARNING: [VRFC 10-3380] identifier 'mem_pc' is used before its declaration [E:/loongson/cdp_ede_local/mycpu_env/myCPU/mycpu_top.v:767]
WARNING: [VRFC 10-3380] identifier 'wb_pc' is used before its declaration [E:/loongson/cdp_ede_local/mycpu_env/myCPU/mycpu_top.v:853]
INFO: [VRFC 10-2263] Analyzing Verilog file "E:/loongson/cdp_ede_local/mycpu_env/myCPU/regfile.v" into library xil_defaultlib
INFO: [VRFC 10-311] analyzing module regfile
INFO: [VRFC 10-2263] Analyzing Verilog file "E:/loongson/cdp_ede_local/mycpu_env/soc_verify/soc_bram/rtl/soc_lite_top.v" into library xil_defaultlib
INFO: [VRFC 10-311] analyzing module soc_lite_top
INFO: [VRFC 10-2263] Analyzing Verilog file "E:/loongson/cdp_ede_local/mycpu_env/soc_verify/soc_bram/testbench/mycpu_tb.v" into library xil_defaultlib
INFO: [VRFC 10-311] analyzing module tb_top
