Vivado Simulator 2019.2
Time resolution is 1 ps
 Block Memory Generator module loading initial data...
 Block Memory Generator data initialization complete.
Block Memory Generator module tb_top.soc_lite.inst_ram.inst.native_mem_module.blk_mem_gen_v8_4_4_inst is using a behavioral model for simulation which will not precisely model memory collision behavior.
Block Memory Generator module tb_top.soc_lite.data_ram.inst.native_mem_module.blk_mem_gen_v8_4_4_inst is using a behavioral model for simulation which will not precisely model memory collision behavior.
==============================================================
Test begin!
----[  12155 ns] Number 8'd01 Functional Test Point PASS!!!
        [  22000 ns] Test is running, debug_wb_pc = 0x1c04bfa4
        [  32000 ns] Test is running, debug_wb_pc = 0x1c04cd88
----[  39655 ns] Number 8'd02 Functional Test Point PASS!!!
        [  42000 ns] Test is running, debug_wb_pc = 0x1c0616e0
        [  52000 ns] Test is running, debug_wb_pc = 0x1c062444
----[  61135 ns] Number 8'd03 Functional Test Point PASS!!!
        [  62000 ns] Test is running, debug_wb_pc = 0x1c071ffc
        [  72000 ns] Test is running, debug_wb_pc = 0x1c072de0
        [  82000 ns] Test is running, debug_wb_pc = 0x1c073bc0
----[  88635 ns] Number 8'd04 Functional Test Point PASS!!!
        [  92000 ns] Test is running, debug_wb_pc = 0x1c074934
        [ 102000 ns] Test is running, debug_wb_pc = 0x1c075718
        [ 112000 ns] Test is running, debug_wb_pc = 0x1c0764fc
----[ 116135 ns] Number 8'd05 Functional Test Point PASS!!!
        [ 122000 ns] Test is running, debug_wb_pc = 0x1c07726c
        [ 132000 ns] Test is running, debug_wb_pc = 0x1c078050
        [ 142000 ns] Test is running, debug_wb_pc = 0x1c078e34
----[ 143635 ns] Number 8'd06 Functional Test Point PASS!!!
        [ 152000 ns] Test is running, debug_wb_pc = 0x1c079ba4
        [ 162000 ns] Test is running, debug_wb_pc = 0x1c07a988
----[ 171135 ns] Number 8'd07 Functional Test Point PASS!!!
        [ 172000 ns] Test is running, debug_wb_pc = 0x1c07b6fc
        [ 182000 ns] Test is running, debug_wb_pc = 0x1c07c4e0
        [ 192000 ns] Test is running, debug_wb_pc = 0x1c07d2c0
----[ 198635 ns] Number 8'd08 Functional Test Point PASS!!!
        [ 202000 ns] Test is running, debug_wb_pc = 0x1c07e034
        [ 212000 ns] Test is running, debug_wb_pc = 0x1c07ee18
        [ 222000 ns] Test is running, debug_wb_pc = 0x1c07fbfc
----[ 226135 ns] Number 8'd09 Functional Test Point PASS!!!
        [ 232000 ns] Test is running, debug_wb_pc = 0x1c010edc
        [ 242000 ns] Test is running, debug_wb_pc = 0x1c011cc0
        [ 252000 ns] Test is running, debug_wb_pc = 0x1c012aa4
----[ 253635 ns] Number 8'd10 Functional Test Point PASS!!!
        [ 262000 ns] Test is running, debug_wb_pc = 0x1c0137b0
        [ 272000 ns] Test is running, debug_wb_pc = 0x1c014514
----[ 275115 ns] Number 8'd11 Functional Test Point PASS!!!
        [ 282000 ns] Test is running, debug_wb_pc = 0x1c01520c
        [ 292000 ns] Test is running, debug_wb_pc = 0x1c015f70
----[ 296595 ns] Number 8'd12 Functional Test Point PASS!!!
        [ 302000 ns] Test is running, debug_wb_pc = 0x1c016c68
        [ 312000 ns] Test is running, debug_wb_pc = 0x1c0179cc
----[ 318075 ns] Number 8'd13 Functional Test Point PASS!!!
        [ 322000 ns] Test is running, debug_wb_pc = 0x1c018770
----[ 328905 ns] Number 8'd14 Functional Test Point PASS!!!
        [ 332000 ns] Test is running, debug_wb_pc = 0x1c01965c
----[ 340415 ns] Number 8'd15 Functional Test Point PASS!!!
        [ 342000 ns] Test is running, debug_wb_pc = 0x1c01a57c
        [ 352000 ns] Test is running, debug_wb_pc = 0x1c01b5c4
        [ 362000 ns] Test is running, debug_wb_pc = 0x1c01c610
        [ 372000 ns] Test is running, debug_wb_pc = 0x1c01d3f8
        [ 382000 ns] Test is running, debug_wb_pc = 0x1c01e10c
        [ 392000 ns] Test is running, debug_wb_pc = 0x1c01edfc
        [ 402000 ns] Test is running, debug_wb_pc = 0x1c01fd60
        [ 412000 ns] Test is running, debug_wb_pc = 0x1c020da8
----[ 419125 ns] Number 8'd16 Functional Test Point PASS!!!
        [ 422000 ns] Test is running, debug_wb_pc = 0x1c021c8c
        [ 432000 ns] Test is running, debug_wb_pc = 0x1c022960
        [ 442000 ns] Test is running, debug_wb_pc = 0x1c023688
        [ 452000 ns] Test is running, debug_wb_pc = 0x1c024464
        [ 462000 ns] Test is running, debug_wb_pc = 0x1c0254a4
        [ 472000 ns] Test is running, debug_wb_pc = 0x1c0264ec
        [ 482000 ns] Test is running, debug_wb_pc = 0x1c02727c
        [ 492000 ns] Test is running, debug_wb_pc = 0x1c027f50
        [ 502000 ns] Test is running, debug_wb_pc = 0x1c028c78
----[ 503775 ns] Number 8'd17 Functional Test Point PASS!!!
        [ 512000 ns] Test is running, debug_wb_pc = 0x1c02999c
        [ 522000 ns] Test is running, debug_wb_pc = 0x1c02a758
        [ 532000 ns] Test is running, debug_wb_pc = 0x1c02b508
        [ 542000 ns] Test is running, debug_wb_pc = 0x1c02c2c4
        [ 552000 ns] Test is running, debug_wb_pc = 0x1c02d04c
        [ 562000 ns] Test is running, debug_wb_pc = 0x1c02de08
----[ 568185 ns] Number 8'd18 Functional Test Point PASS!!!
        [ 572000 ns] Test is running, debug_wb_pc = 0x1c02eb44
        [ 582000 ns] Test is running, debug_wb_pc = 0x1c02f8c4
        [ 592000 ns] Test is running, debug_wb_pc = 0x1c030654
        [ 602000 ns] Test is running, debug_wb_pc = 0x1c0313e4
        [ 612000 ns] Test is running, debug_wb_pc = 0x1c032164
        [ 622000 ns] Test is running, debug_wb_pc = 0x1c032ef4
----[ 628595 ns] Number 8'd19 Functional Test Point PASS!!!
        [ 632000 ns] Test is running, debug_wb_pc = 0x1c034b48
        [ 642000 ns] Test is running, debug_wb_pc = 0x1c035868
        [ 652000 ns] Test is running, debug_wb_pc = 0x1c036588
        [ 662000 ns] Test is running, debug_wb_pc = 0x1c0372a8
        [ 672000 ns] Test is running, debug_wb_pc = 0x1c037fc8
----[ 679005 ns] Number 8'd20 Functional Test Point PASS!!!
        [ 682000 ns] Test is running, debug_wb_pc = 0x1c038b84
        [ 692000 ns] Test is running, debug_wb_pc = 0x1c0394e0
        [ 702000 ns] Test is running, debug_wb_pc = 0x1c039e3c
        [ 712000 ns] Test is running, debug_wb_pc = 0x1c03a7a4
        [ 722000 ns] Test is running, debug_wb_pc = 0x1c03b100
----[ 724565 ns] Number 8'd21 Functional Test Point PASS!!!
        [ 732000 ns] Test is running, debug_wb_pc = 0x1c03bcf8
        [ 742000 ns] Test is running, debug_wb_pc = 0x1c03ca5c
----[ 746045 ns] Number 8'd22 Functional Test Point PASS!!!
        [ 752000 ns] Test is running, debug_wb_pc = 0x1c03d754
        [ 762000 ns] Test is running, debug_wb_pc = 0x1c03e4b8
----[ 767525 ns] Number 8'd23 Functional Test Point PASS!!!
        [ 772000 ns] Test is running, debug_wb_pc = 0x1c03f1b0
        [ 782000 ns] Test is running, debug_wb_pc = 0x1c03ff18
----[ 789005 ns] Number 8'd24 Functional Test Point PASS!!!
        [ 792000 ns] Test is running, debug_wb_pc = 0x1c040c10
        [ 802000 ns] Test is running, debug_wb_pc = 0x1c041974
----[ 810485 ns] Number 8'd25 Functional Test Point PASS!!!
        [ 812000 ns] Test is running, debug_wb_pc = 0x1c04266c
        [ 822000 ns] Test is running, debug_wb_pc = 0x1c0433d0
----[ 831965 ns] Number 8'd26 Functional Test Point PASS!!!
        [ 832000 ns] Test is running, debug_wb_pc = 0x1c01011c
        [ 842000 ns] Test is running, debug_wb_pc = 0x1c044ea8
        [ 852000 ns] Test is running, debug_wb_pc = 0x1c045c8c
----[ 859465 ns] Number 8'd27 Functional Test Point PASS!!!
        [ 862000 ns] Test is running, debug_wb_pc = 0x1c0469fc
        [ 872000 ns] Test is running, debug_wb_pc = 0x1c0477e0
        [ 882000 ns] Test is running, debug_wb_pc = 0x1c0485c4
----[ 886965 ns] Number 8'd28 Functional Test Point PASS!!!
        [ 892000 ns] Test is running, debug_wb_pc = 0x1c049334
        [ 902000 ns] Test is running, debug_wb_pc = 0x1c04a118
        [ 912000 ns] Test is running, debug_wb_pc = 0x1c04aefc
----[ 914465 ns] Number 8'd29 Functional Test Point PASS!!!
        [ 922000 ns] Test is running, debug_wb_pc = 0x1c04da20
        [ 932000 ns] Test is running, debug_wb_pc = 0x1c04dcc0
        [ 942000 ns] Test is running, debug_wb_pc = 0x1c04df7c
        [ 952000 ns] Test is running, debug_wb_pc = 0x1c04e218
        [ 962000 ns] Test is running, debug_wb_pc = 0x1c04e4d4
----[ 964855 ns] Number 8'd30 Functional Test Point PASS!!!
        [ 972000 ns] Test is running, debug_wb_pc = 0x1c04e76c
        [ 982000 ns] Test is running, debug_wb_pc = 0x1c04ea14
        [ 992000 ns] Test is running, debug_wb_pc = 0x1c04ecc8
        [1002000 ns] Test is running, debug_wb_pc = 0x1c04ef64
        [1012000 ns] Test is running, debug_wb_pc = 0x1c04f21c
        [1022000 ns] Test is running, debug_wb_pc = 0x1c04f4bc
        [1032000 ns] Test is running, debug_wb_pc = 0x1c04f764
----[1038155 ns] Number 8'd31 Functional Test Point PASS!!!
        [1042000 ns] Test is running, debug_wb_pc = 0x1c04fdec
        [1052000 ns] Test is running, debug_wb_pc = 0x1c050bbc
----[1052275 ns] Number 8'd32 Functional Test Point PASS!!!
        [1062000 ns] Test is running, debug_wb_pc = 0x1c051928
----[1066535 ns] Number 8'd33 Functional Test Point PASS!!!
        [1072000 ns] Test is running, debug_wb_pc = 0x1c052688
----[1079465 ns] Number 8'd34 Functional Test Point PASS!!!
        [1082000 ns] Test is running, debug_wb_pc = 0x1c053194
        [1092000 ns] Test is running, debug_wb_pc = 0x1c053484
        [1102000 ns] Test is running, debug_wb_pc = 0x1c053774
        [1112000 ns] Test is running, debug_wb_pc = 0x1c053a70
        [1122000 ns] Test is running, debug_wb_pc = 0x1c053d70
----[1131045 ns] Number 8'd35 Functional Test Point PASS!!!
        [1132000 ns] Test is running, debug_wb_pc = 0x1c05405c
        [1142000 ns] Test is running, debug_wb_pc = 0x1c05435c
        [1152000 ns] Test is running, debug_wb_pc = 0x1c054654
        [1162000 ns] Test is running, debug_wb_pc = 0x1c054938
        [1172000 ns] Test is running, debug_wb_pc = 0x1c054c30
        [1182000 ns] Test is running, debug_wb_pc = 0x1c054f30
        [1192000 ns] Test is running, debug_wb_pc = 0x1c055230
        [1202000 ns] Test is running, debug_wb_pc = 0x1c055530
----[1206045 ns] Number 8'd36 Functional Test Point PASS!!!
        [1212000 ns] Test is running, debug_wb_pc = 0x1c055e80
        [1222000 ns] Test is running, debug_wb_pc = 0x1c056c80
        [1232000 ns] Test is running, debug_wb_pc = 0x1c057ac8
        [1242000 ns] Test is running, debug_wb_pc = 0x1c05895c
----[1250305 ns] Number 8'd37 Functional Test Point PASS!!!
        [1252000 ns] Test is running, debug_wb_pc = 0x1c0596fc
        [1262000 ns] Test is running, debug_wb_pc = 0x1c05a5a8
        [1272000 ns] Test is running, debug_wb_pc = 0x1c05b40c
        [1282000 ns] Test is running, debug_wb_pc = 0x1c05c254
        [1292000 ns] Test is running, debug_wb_pc = 0x1c05d04c
----[1295375 ns] Number 8'd38 Functional Test Point PASS!!!
        [1302000 ns] Test is running, debug_wb_pc = 0x1c05ddf0
        [1312000 ns] Test is running, debug_wb_pc = 0x1c05ec6c
        [1322000 ns] Test is running, debug_wb_pc = 0x1c05fa4c
        [1332000 ns] Test is running, debug_wb_pc = 0x1c060894
----[1340365 ns] Number 8'd39 Functional Test Point PASS!!!
        [1342000 ns] Test is running, debug_wb_pc = 0x1c063254
        [1352000 ns] Test is running, debug_wb_pc = 0x1c064088
        [1362000 ns] Test is running, debug_wb_pc = 0x1c064ed0
        [1372000 ns] Test is running, debug_wb_pc = 0x1c065d18
        [1382000 ns] Test is running, debug_wb_pc = 0x1c066ba4
----[1385515 ns] Number 8'd40 Functional Test Point PASS!!!
        [1392000 ns] Test is running, debug_wb_pc = 0x1c0678f8
        [1402000 ns] Test is running, debug_wb_pc = 0x1c068688
----[1407365 ns] Number 8'd41 Functional Test Point PASS!!!
        [1412000 ns] Test is running, debug_wb_pc = 0x1c0693c4
        [1422000 ns] Test is running, debug_wb_pc = 0x1c06a13c
----[1423675 ns] Number 8'd42 Functional Test Point PASS!!!
        [1432000 ns] Test is running, debug_wb_pc = 0x1c06ae68
        [1442000 ns] Test is running, debug_wb_pc = 0x1c06bbe0
----[1447285 ns] Number 8'd43 Functional Test Point PASS!!!
        [1452000 ns] Test is running, debug_wb_pc = 0x1c06c92c
        [1462000 ns] Test is running, debug_wb_pc = 0x1c06d6bc
----[1467815 ns] Number 8'd44 Functional Test Point PASS!!!
        [1472000 ns] Test is running, debug_wb_pc = 0x1c06e3c0
        [1482000 ns] Test is running, debug_wb_pc = 0x1c06f080
        [1492000 ns] Test is running, debug_wb_pc = 0x1c06fd58
----[1494455 ns] Number 8'd45 Functional Test Point PASS!!!
        [1502000 ns] Test is running, debug_wb_pc = 0x1c0709c0
        [1512000 ns] Test is running, debug_wb_pc = 0x1c071680
----[1518755 ns] Number 8'd46 Functional Test Point PASS!!!
==============================================================
Test end!
----PASS!!!
$finish called at time : 1519295 ns : File "E:/loongson/cdp_ede_local/mycpu_env/soc_verify/soc_bram/testbench/mycpu_tb.v" Line 270
