
*** Running vivado
    with args -log soc_lite_top.vds -m64 -product Vivado -mode batch -messageDb vivado.pb -notrace -source soc_lite_top.tcl


****** Vivado v2019.2 (64-bit)
  **** SW Build 2708876 on Wed Nov  6 21:40:23 MST 2019
  **** IP Build 2700528 on Thu Nov  7 00:09:20 MST 2019
    ** Copyright 1986-2019 Xilinx, Inc. All Rights Reserved.

source soc_lite_top.tcl -notrace
Command: synth_design -top soc_lite_top -part xc7a200tfbg676-1
Starting synth_design
WARNING: [Vivado_Tcl 4-393] The 'Synthesis' target of the following IPs are stale, please generate the output products using the generate_target or synth_ip command before running synth_design.
E:/loongson/cdp_ede_local/mycpu_env/soc_verify/soc_dram/rtl/xilinx_ip/inst_ram/inst_ram.xci

Attempting to get a license for feature 'Synthesis' and/or device 'xc7a200t'
INFO: [Common 17-349] Got license for feature 'Synthesis' and/or device 'xc7a200t'
INFO: [Device 21-403] Loading part xc7a200tfbg676-1
INFO: Launching helper process for spawning children vivado processes
INFO: Helper process launched with PID 9836 
---------------------------------------------------------------------------------
Starting RTL Elaboration : Time (s): cpu = 00:00:02 ; elapsed = 00:00:02 . Memory (MB): peak = 902.031 ; gain = 235.930
---------------------------------------------------------------------------------
INFO: [Synth 8-6157] synthesizing module 'soc_lite_top' [E:/loongson/cdp_ede_local/mycpu_env/soc_verify/soc_dram/rtl/soc_lite_top.v:67]
	Parameter SIMULATION bound to: 1'b0 
INFO: [Synth 8-6157] synthesizing module 'clk_pll' [E:/loongson/cdp_ede_local/mycpu_env/soc_verify/soc_dram/run_vivado/project/loongson.runs/synth_1/.Xil/Vivado-32064-xiaochou/realtime/clk_pll_stub.v:5]
INFO: [Synth 8-6155] done synthesizing module 'clk_pll' (1#1) [E:/loongson/cdp_ede_local/mycpu_env/soc_verify/soc_dram/run_vivado/project/loongson.runs/synth_1/.Xil/Vivado-32064-xiaochou/realtime/clk_pll_stub.v:5]
INFO: [Synth 8-6157] synthesizing module 'mycpu_top' [E:/loongson/cdp_ede_local/mycpu_env/myCPU/mycpu_top.v:1]
INFO: [Synth 8-6157] synthesizing module 'decoder_6_64' [E:/loongson/cdp_ede_local/mycpu_env/myCPU/decoder_6_64.v:1]
INFO: [Synth 8-6155] done synthesizing module 'decoder_6_64' (2#1) [E:/loongson/cdp_ede_local/mycpu_env/myCPU/decoder_6_64.v:1]
INFO: [Synth 8-6157] synthesizing module 'decoder_4_16' [E:/loongson/cdp_ede_local/mycpu_env/myCPU/decoder_4_16.v:1]
INFO: [Synth 8-6155] done synthesizing module 'decoder_4_16' (3#1) [E:/loongson/cdp_ede_local/mycpu_env/myCPU/decoder_4_16.v:1]
INFO: [Synth 8-6157] synthesizing module 'decoder_2_4' [E:/loongson/cdp_ede_local/mycpu_env/myCPU/decoder_2_4.v:1]
INFO: [Synth 8-6155] done synthesizing module 'decoder_2_4' (4#1) [E:/loongson/cdp_ede_local/mycpu_env/myCPU/decoder_2_4.v:1]
INFO: [Synth 8-6157] synthesizing module 'decoder_5_32' [E:/loongson/cdp_ede_local/mycpu_env/myCPU/decoder_5_32.v:1]
INFO: [Synth 8-6155] done synthesizing module 'decoder_5_32' (5#1) [E:/loongson/cdp_ede_local/mycpu_env/myCPU/decoder_5_32.v:1]
INFO: [Synth 8-6157] synthesizing module 'regfile' [E:/loongson/cdp_ede_local/mycpu_env/myCPU/regfile.v:1]
INFO: [Synth 8-6155] done synthesizing module 'regfile' (6#1) [E:/loongson/cdp_ede_local/mycpu_env/myCPU/regfile.v:1]
INFO: [Synth 8-6157] synthesizing module 'alu' [E:/loongson/cdp_ede_local/mycpu_env/myCPU/alu.v:1]
INFO: [Synth 8-6155] done synthesizing module 'alu' (7#1) [E:/loongson/cdp_ede_local/mycpu_env/myCPU/alu.v:1]
WARNING: [Synth 8-3848] Net debug_wb_rf_we in module/entity mycpu_top does not have driver. [E:/loongson/cdp_ede_local/mycpu_env/myCPU/mycpu_top.v:16]
INFO: [Synth 8-6155] done synthesizing module 'mycpu_top' (8#1) [E:/loongson/cdp_ede_local/mycpu_env/myCPU/mycpu_top.v:1]
INFO: [Synth 8-6157] synthesizing module 'inst_ram' [E:/loongson/cdp_ede_local/mycpu_env/soc_verify/soc_dram/run_vivado/project/loongson.runs/synth_1/.Xil/Vivado-32064-xiaochou/realtime/inst_ram_stub.v:6]
INFO: [Synth 8-6155] done synthesizing module 'inst_ram' (9#1) [E:/loongson/cdp_ede_local/mycpu_env/soc_verify/soc_dram/run_vivado/project/loongson.runs/synth_1/.Xil/Vivado-32064-xiaochou/realtime/inst_ram_stub.v:6]
WARNING: [Synth 8-689] width (16) of port connection 'a' does not match port width (15) of module 'inst_ram' [E:/loongson/cdp_ede_local/mycpu_env/soc_verify/soc_dram/rtl/soc_lite_top.v:166]
INFO: [Synth 8-6157] synthesizing module 'bridge_1x2' [E:/loongson/cdp_ede_local/mycpu_env/soc_verify/soc_dram/rtl/BRIDGE/bridge_1x2.v:50]
INFO: [Synth 8-6155] done synthesizing module 'bridge_1x2' (10#1) [E:/loongson/cdp_ede_local/mycpu_env/soc_verify/soc_dram/rtl/BRIDGE/bridge_1x2.v:50]
INFO: [Synth 8-6157] synthesizing module 'data_ram' [E:/loongson/cdp_ede_local/mycpu_env/soc_verify/soc_dram/run_vivado/project/loongson.runs/synth_1/.Xil/Vivado-32064-xiaochou/realtime/data_ram_stub.v:6]
INFO: [Synth 8-6155] done synthesizing module 'data_ram' (11#1) [E:/loongson/cdp_ede_local/mycpu_env/soc_verify/soc_dram/run_vivado/project/loongson.runs/synth_1/.Xil/Vivado-32064-xiaochou/realtime/data_ram_stub.v:6]
WARNING: [Synth 8-689] width (16) of port connection 'a' does not match port width (10) of module 'data_ram' [E:/loongson/cdp_ede_local/mycpu_env/soc_verify/soc_dram/rtl/soc_lite_top.v:198]
INFO: [Synth 8-6157] synthesizing module 'confreg' [E:/loongson/cdp_ede_local/mycpu_env/soc_verify/soc_dram/rtl/CONFREG/confreg.v:73]
	Parameter SIMULATION bound to: 1'b0 
WARNING: [Synth 8-6014] Unused sequential element confreg_uart_data_reg was removed.  [E:/loongson/cdp_ede_local/mycpu_env/soc_verify/soc_dram/rtl/CONFREG/confreg.v:304]
WARNING: [Synth 8-6014] Unused sequential element confreg_uart_valid_reg was removed.  [E:/loongson/cdp_ede_local/mycpu_env/soc_verify/soc_dram/rtl/CONFREG/confreg.v:305]
INFO: [Synth 8-6155] done synthesizing module 'confreg' (12#1) [E:/loongson/cdp_ede_local/mycpu_env/soc_verify/soc_dram/rtl/CONFREG/confreg.v:73]
INFO: [Synth 8-6155] done synthesizing module 'soc_lite_top' (13#1) [E:/loongson/cdp_ede_local/mycpu_env/soc_verify/soc_dram/rtl/soc_lite_top.v:67]
WARNING: [Synth 8-3331] design confreg has unconnected port conf_addr[31]
WARNING: [Synth 8-3331] design confreg has unconnected port conf_addr[30]
WARNING: [Synth 8-3331] design confreg has unconnected port conf_addr[29]
WARNING: [Synth 8-3331] design confreg has unconnected port conf_addr[28]
WARNING: [Synth 8-3331] design confreg has unconnected port conf_addr[27]
WARNING: [Synth 8-3331] design confreg has unconnected port conf_addr[26]
WARNING: [Synth 8-3331] design confreg has unconnected port conf_addr[25]
WARNING: [Synth 8-3331] design confreg has unconnected port conf_addr[24]
WARNING: [Synth 8-3331] design confreg has unconnected port conf_addr[23]
WARNING: [Synth 8-3331] design confreg has unconnected port conf_addr[22]
WARNING: [Synth 8-3331] design confreg has unconnected port conf_addr[21]
WARNING: [Synth 8-3331] design confreg has unconnected port conf_addr[20]
WARNING: [Synth 8-3331] design confreg has unconnected port conf_addr[19]
WARNING: [Synth 8-3331] design confreg has unconnected port conf_addr[18]
WARNING: [Synth 8-3331] design confreg has unconnected port conf_addr[17]
WARNING: [Synth 8-3331] design confreg has unconnected port conf_addr[16]
WARNING: [Synth 8-3331] design bridge_1x2 has unconnected port clk
WARNING: [Synth 8-3331] design bridge_1x2 has unconnected port resetn
WARNING: [Synth 8-3331] design mycpu_top has unconnected port debug_wb_rf_we[3]
WARNING: [Synth 8-3331] design mycpu_top has unconnected port debug_wb_rf_we[2]
WARNING: [Synth 8-3331] design mycpu_top has unconnected port debug_wb_rf_we[1]
WARNING: [Synth 8-3331] design mycpu_top has unconnected port debug_wb_rf_we[0]
WARNING: [Synth 8-3331] design mycpu_top has unconnected port data_sram_rdata[31]
WARNING: [Synth 8-3331] design mycpu_top has unconnected port data_sram_rdata[30]
WARNING: [Synth 8-3331] design mycpu_top has unconnected port data_sram_rdata[29]
WARNING: [Synth 8-3331] design mycpu_top has unconnected port data_sram_rdata[28]
WARNING: [Synth 8-3331] design mycpu_top has unconnected port data_sram_rdata[27]
WARNING: [Synth 8-3331] design mycpu_top has unconnected port data_sram_rdata[26]
WARNING: [Synth 8-3331] design mycpu_top has unconnected port data_sram_rdata[25]
WARNING: [Synth 8-3331] design mycpu_top has unconnected port data_sram_rdata[24]
WARNING: [Synth 8-3331] design mycpu_top has unconnected port data_sram_rdata[23]
WARNING: [Synth 8-3331] design mycpu_top has unconnected port data_sram_rdata[22]
WARNING: [Synth 8-3331] design mycpu_top has unconnected port data_sram_rdata[21]
WARNING: [Synth 8-3331] design mycpu_top has unconnected port data_sram_rdata[20]
WARNING: [Synth 8-3331] design mycpu_top has unconnected port data_sram_rdata[19]
WARNING: [Synth 8-3331] design mycpu_top has unconnected port data_sram_rdata[18]
WARNING: [Synth 8-3331] design mycpu_top has unconnected port data_sram_rdata[17]
WARNING: [Synth 8-3331] design mycpu_top has unconnected port data_sram_rdata[16]
WARNING: [Synth 8-3331] design mycpu_top has unconnected port data_sram_rdata[15]
WARNING: [Synth 8-3331] design mycpu_top has unconnected port data_sram_rdata[14]
WARNING: [Synth 8-3331] design mycpu_top has unconnected port data_sram_rdata[13]
WARNING: [Synth 8-3331] design mycpu_top has unconnected port data_sram_rdata[12]
WARNING: [Synth 8-3331] design mycpu_top has unconnected port data_sram_rdata[11]
WARNING: [Synth 8-3331] design mycpu_top has unconnected port data_sram_rdata[10]
WARNING: [Synth 8-3331] design mycpu_top has unconnected port data_sram_rdata[9]
WARNING: [Synth 8-3331] design mycpu_top has unconnected port data_sram_rdata[8]
WARNING: [Synth 8-3331] design mycpu_top has unconnected port data_sram_rdata[7]
WARNING: [Synth 8-3331] design mycpu_top has unconnected port data_sram_rdata[6]
WARNING: [Synth 8-3331] design mycpu_top has unconnected port data_sram_rdata[5]
WARNING: [Synth 8-3331] design mycpu_top has unconnected port data_sram_rdata[4]
WARNING: [Synth 8-3331] design mycpu_top has unconnected port data_sram_rdata[3]
WARNING: [Synth 8-3331] design mycpu_top has unconnected port data_sram_rdata[2]
WARNING: [Synth 8-3331] design mycpu_top has unconnected port data_sram_rdata[1]
---------------------------------------------------------------------------------
Finished RTL Elaboration : Time (s): cpu = 00:00:03 ; elapsed = 00:00:03 . Memory (MB): peak = 975.820 ; gain = 309.719
---------------------------------------------------------------------------------

Report Check Netlist: 
+------+------------------+-------+---------+-------+------------------+
|      |Item              |Errors |Warnings |Status |Description       |
+------+------------------+-------+---------+-------+------------------+
|1     |multi_driven_nets |      0|        0|Passed |Multi driven nets |
+------+------------------+-------+---------+-------+------------------+
---------------------------------------------------------------------------------
Start Handling Custom Attributes
---------------------------------------------------------------------------------
---------------------------------------------------------------------------------
Finished Handling Custom Attributes : Time (s): cpu = 00:00:03 ; elapsed = 00:00:03 . Memory (MB): peak = 975.820 ; gain = 309.719
---------------------------------------------------------------------------------
---------------------------------------------------------------------------------
Finished RTL Optimization Phase 1 : Time (s): cpu = 00:00:03 ; elapsed = 00:00:03 . Memory (MB): peak = 975.820 ; gain = 309.719
---------------------------------------------------------------------------------
Netlist sorting complete. Time (s): cpu = 00:00:00 ; elapsed = 00:00:00.021 . Memory (MB): peak = 975.820 ; gain = 0.000
INFO: [Project 1-570] Preparing netlist for logic optimization

Processing XDC Constraints
Initializing timing engine
Parsing XDC File [e:/loongson/cdp_ede_local/mycpu_env/soc_verify/soc_dram/rtl/xilinx_ip/inst_ram/inst_ram/inst_ram_in_context.xdc] for cell 'inst_ram'
Finished Parsing XDC File [e:/loongson/cdp_ede_local/mycpu_env/soc_verify/soc_dram/rtl/xilinx_ip/inst_ram/inst_ram/inst_ram_in_context.xdc] for cell 'inst_ram'
Parsing XDC File [e:/loongson/cdp_ede_local/mycpu_env/soc_verify/soc_dram/rtl/xilinx_ip/clk_pll/clk_pll/clk_pll_in_context.xdc] for cell 'pll.clk_pll'
Finished Parsing XDC File [e:/loongson/cdp_ede_local/mycpu_env/soc_verify/soc_dram/rtl/xilinx_ip/clk_pll/clk_pll/clk_pll_in_context.xdc] for cell 'pll.clk_pll'
Parsing XDC File [e:/loongson/cdp_ede_local/mycpu_env/soc_verify/soc_dram/rtl/xilinx_ip/data_ram/data_ram/data_ram_in_context.xdc] for cell 'data_ram'
Finished Parsing XDC File [e:/loongson/cdp_ede_local/mycpu_env/soc_verify/soc_dram/rtl/xilinx_ip/data_ram/data_ram/data_ram_in_context.xdc] for cell 'data_ram'
Parsing XDC File [E:/loongson/cdp_ede_local/mycpu_env/soc_verify/soc_dram/run_vivado/constraints/soc_lite_top.xdc]
WARNING: [Constraints 18-619] A clock with name 'clk' already exists, overwriting the previous clock with the same name. [E:/loongson/cdp_ede_local/mycpu_env/soc_verify/soc_dram/run_vivado/constraints/soc_lite_top.xdc:5]
WARNING: [Vivado 12-508] No pins matched 'pll.clk_pll/inst/plle2_adv_inst/CLKOUT1'. [E:/loongson/cdp_ede_local/mycpu_env/soc_verify/soc_dram/run_vivado/constraints/soc_lite_top.xdc:126]
WARNING: [Vivado 12-508] No pins matched 'pll.clk_pll/inst/plle2_adv_inst/CLKOUT0'. [E:/loongson/cdp_ede_local/mycpu_env/soc_verify/soc_dram/run_vivado/constraints/soc_lite_top.xdc:127]
Finished Parsing XDC File [E:/loongson/cdp_ede_local/mycpu_env/soc_verify/soc_dram/run_vivado/constraints/soc_lite_top.xdc]
WARNING: [Project 1-498] One or more constraints failed evaluation while reading constraint file [E:/loongson/cdp_ede_local/mycpu_env/soc_verify/soc_dram/run_vivado/constraints/soc_lite_top.xdc] and the design contains unresolved black boxes. These constraints will be read post-synthesis (as long as their source constraint file is marked as used_in_implementation) and should be applied correctly then. You should review the constraints listed in the file [.Xil/soc_lite_top_propImpl.xdc] and check the run log file to verify that these constraints were correctly applied.
INFO: [Project 1-236] Implementation specific constraints were found while reading constraint file [E:/loongson/cdp_ede_local/mycpu_env/soc_verify/soc_dram/run_vivado/constraints/soc_lite_top.xdc]. These constraints will be ignored for synthesis but will be used in implementation. Impacted constraints are listed in the file [.Xil/soc_lite_top_propImpl.xdc].
Resolution: To avoid this warning, move constraints listed in [.Xil/soc_lite_top_propImpl.xdc] to another XDC file and exclude this new file from synthesis with the used_in_synthesis property (File Properties dialog in GUI) and re-run elaboration/synthesis.
Completed Processing XDC Constraints

Netlist sorting complete. Time (s): cpu = 00:00:00 ; elapsed = 00:00:00 . Memory (MB): peak = 1103.645 ; gain = 0.000
INFO: [Project 1-111] Unisim Transformation Summary:
No Unisim elements were transformed.

Constraint Validation Runtime : Time (s): cpu = 00:00:00 ; elapsed = 00:00:00.006 . Memory (MB): peak = 1103.645 ; gain = 0.000
---------------------------------------------------------------------------------
Finished Constraint Validation : Time (s): cpu = 00:00:07 ; elapsed = 00:00:07 . Memory (MB): peak = 1103.645 ; gain = 437.543
---------------------------------------------------------------------------------
---------------------------------------------------------------------------------
Start Loading Part and Timing Information
---------------------------------------------------------------------------------
Loading part: xc7a200tfbg676-1
---------------------------------------------------------------------------------
Finished Loading Part and Timing Information : Time (s): cpu = 00:00:07 ; elapsed = 00:00:07 . Memory (MB): peak = 1103.645 ; gain = 437.543
---------------------------------------------------------------------------------
---------------------------------------------------------------------------------
Start Applying 'set_property' XDC Constraints
---------------------------------------------------------------------------------
Applied set_property IO_BUFFER_TYPE = NONE for clk. (constraint file  e:/loongson/cdp_ede_local/mycpu_env/soc_verify/soc_dram/rtl/xilinx_ip/clk_pll/clk_pll/clk_pll_in_context.xdc, line 4).
Applied set_property CLOCK_BUFFER_TYPE = NONE for clk. (constraint file  e:/loongson/cdp_ede_local/mycpu_env/soc_verify/soc_dram/rtl/xilinx_ip/clk_pll/clk_pll/clk_pll_in_context.xdc, line 5).
Applied set_property DONT_TOUCH = true for inst_ram. (constraint file  auto generated constraint, line ).
Applied set_property DONT_TOUCH = true for \pll.clk_pll . (constraint file  auto generated constraint, line ).
Applied set_property DONT_TOUCH = true for data_ram. (constraint file  auto generated constraint, line ).
---------------------------------------------------------------------------------
Finished applying 'set_property' XDC Constraints : Time (s): cpu = 00:00:07 ; elapsed = 00:00:07 . Memory (MB): peak = 1103.645 ; gain = 437.543
---------------------------------------------------------------------------------
INFO: [Synth 8-5818] HDL ADVISOR - The operator resource <adder> is shared. To prevent sharing consider applying a KEEP on the output of the operator [E:/loongson/cdp_ede_local/mycpu_env/myCPU/mycpu_top.v:245]
INFO: [Synth 8-802] inferred FSM for state register 'state_reg' in module 'confreg'
INFO: [Synth 8-5544] ROM "num_csn" won't be mapped to Block RAM because address size (3) smaller than threshold (5)
INFO: [Synth 8-5544] ROM "num_a_g" won't be mapped to Block RAM because address size (4) smaller than threshold (5)
---------------------------------------------------------------------------------------------------
                   State |                     New Encoding |                Previous Encoding 
---------------------------------------------------------------------------------------------------
                 iSTATE4 |                           000001 |                              000
                  iSTATE |                           100000 |                              001
                 iSTATE0 |                           010000 |                              010
                 iSTATE1 |                           001000 |                              011
                 iSTATE2 |                           000100 |                              100
                 iSTATE3 |                           000010 |                              111
---------------------------------------------------------------------------------------------------
INFO: [Synth 8-3354] encoded FSM with state register 'state_reg' using encoding 'one-hot' in module 'confreg'
---------------------------------------------------------------------------------
Finished RTL Optimization Phase 2 : Time (s): cpu = 00:00:07 ; elapsed = 00:00:08 . Memory (MB): peak = 1103.645 ; gain = 437.543
---------------------------------------------------------------------------------

Report RTL Partitions: 
+-+--------------+------------+----------+
| |RTL Partition |Replication |Instances |
+-+--------------+------------+----------+
+-+--------------+------------+----------+
---------------------------------------------------------------------------------
Start RTL Component Statistics 
---------------------------------------------------------------------------------
Detailed RTL Component Info : 
+---Adders : 
	   3 Input     33 Bit       Adders := 1     
	   2 Input     32 Bit       Adders := 2     
	   2 Input      4 Bit       Adders := 1     
+---XORs : 
	   2 Input     32 Bit         XORs := 1     
	   2 Input      1 Bit         XORs := 1     
+---Registers : 
	               32 Bit    Registers := 20    
	               16 Bit    Registers := 1     
	                8 Bit    Registers := 2     
	                7 Bit    Registers := 1     
	                4 Bit    Registers := 2     
	                1 Bit    Registers := 16    
+---Muxes : 
	   2 Input     32 Bit        Muxes := 11    
	   2 Input     16 Bit        Muxes := 13    
	   6 Input     16 Bit        Muxes := 1     
	  17 Input     16 Bit        Muxes := 1     
	   8 Input      8 Bit        Muxes := 1     
	   6 Input      6 Bit        Muxes := 1     
	   2 Input      6 Bit        Muxes := 6     
	   2 Input      5 Bit        Muxes := 2     
	   6 Input      4 Bit        Muxes := 1     
	   2 Input      3 Bit        Muxes := 10    
	   6 Input      3 Bit        Muxes := 2     
	   2 Input      1 Bit        Muxes := 6     
---------------------------------------------------------------------------------
Finished RTL Component Statistics 
---------------------------------------------------------------------------------
---------------------------------------------------------------------------------
Start RTL Hierarchical Component Statistics 
---------------------------------------------------------------------------------
Hierarchical RTL Component report 
Module soc_lite_top 
Detailed RTL Component Info : 
+---Registers : 
	                1 Bit    Registers := 1     
Module regfile 
Detailed RTL Component Info : 
+---Muxes : 
	   2 Input     32 Bit        Muxes := 2     
Module alu 
Detailed RTL Component Info : 
+---Adders : 
	   3 Input     33 Bit       Adders := 1     
+---XORs : 
	   2 Input     32 Bit         XORs := 1     
	   2 Input      1 Bit         XORs := 1     
+---Muxes : 
	   2 Input     32 Bit        Muxes := 1     
Module mycpu_top 
Detailed RTL Component Info : 
+---Adders : 
	   2 Input     32 Bit       Adders := 2     
+---Registers : 
	               32 Bit    Registers := 1     
	                1 Bit    Registers := 2     
+---Muxes : 
	   2 Input     32 Bit        Muxes := 7     
	   2 Input      5 Bit        Muxes := 2     
	   2 Input      1 Bit        Muxes := 1     
Module confreg 
Detailed RTL Component Info : 
+---Adders : 
	   2 Input      4 Bit       Adders := 1     
+---Registers : 
	               32 Bit    Registers := 19    
	               16 Bit    Registers := 1     
	                8 Bit    Registers := 2     
	                7 Bit    Registers := 1     
	                4 Bit    Registers := 2     
	                1 Bit    Registers := 13    
+---Muxes : 
	   2 Input     32 Bit        Muxes := 1     
	   2 Input     16 Bit        Muxes := 13    
	   6 Input     16 Bit        Muxes := 1     
	  17 Input     16 Bit        Muxes := 1     
	   8 Input      8 Bit        Muxes := 1     
	   6 Input      6 Bit        Muxes := 1     
	   2 Input      6 Bit        Muxes := 6     
	   6 Input      4 Bit        Muxes := 1     
	   2 Input      3 Bit        Muxes := 10    
	   6 Input      3 Bit        Muxes := 2     
	   2 Input      1 Bit        Muxes := 5     
---------------------------------------------------------------------------------
Finished RTL Hierarchical Component Statistics
---------------------------------------------------------------------------------
---------------------------------------------------------------------------------
Start Part Resource Summary
---------------------------------------------------------------------------------
Part Resources:
DSPs: 740 (col length:100)
BRAMs: 730 (col length: RAMB18 100 RAMB36 50)
---------------------------------------------------------------------------------
Finished Part Resource Summary
---------------------------------------------------------------------------------
---------------------------------------------------------------------------------
Start Cross Boundary and Area Optimization
---------------------------------------------------------------------------------
Warning: Parallel synthesis criteria is not met 
WARNING: [Synth 8-3331] design confreg has unconnected port conf_addr[31]
WARNING: [Synth 8-3331] design confreg has unconnected port conf_addr[30]
WARNING: [Synth 8-3331] design confreg has unconnected port conf_addr[29]
WARNING: [Synth 8-3331] design confreg has unconnected port conf_addr[28]
WARNING: [Synth 8-3331] design confreg has unconnected port conf_addr[27]
WARNING: [Synth 8-3331] design confreg has unconnected port conf_addr[26]
WARNING: [Synth 8-3331] design confreg has unconnected port conf_addr[25]
WARNING: [Synth 8-3331] design confreg has unconnected port conf_addr[24]
WARNING: [Synth 8-3331] design confreg has unconnected port conf_addr[23]
WARNING: [Synth 8-3331] design confreg has unconnected port conf_addr[22]
WARNING: [Synth 8-3331] design confreg has unconnected port conf_addr[21]
WARNING: [Synth 8-3331] design confreg has unconnected port conf_addr[20]
WARNING: [Synth 8-3331] design confreg has unconnected port conf_addr[19]
WARNING: [Synth 8-3331] design confreg has unconnected port conf_addr[18]
WARNING: [Synth 8-3331] design confreg has unconnected port conf_addr[17]
WARNING: [Synth 8-3331] design confreg has unconnected port conf_addr[16]
WARNING: [Synth 8-3331] design bridge_1x2 has unconnected port clk
WARNING: [Synth 8-3331] design bridge_1x2 has unconnected port resetn
WARNING: [Synth 8-3331] design mycpu_top has unconnected port debug_wb_rf_we[3]
WARNING: [Synth 8-3331] design mycpu_top has unconnected port debug_wb_rf_we[2]
WARNING: [Synth 8-3331] design mycpu_top has unconnected port debug_wb_rf_we[1]
WARNING: [Synth 8-3331] design mycpu_top has unconnected port debug_wb_rf_we[0]
WARNING: [Synth 8-3331] design mycpu_top has unconnected port data_sram_rdata[31]
WARNING: [Synth 8-3331] design mycpu_top has unconnected port data_sram_rdata[30]
WARNING: [Synth 8-3331] design mycpu_top has unconnected port data_sram_rdata[29]
WARNING: [Synth 8-3331] design mycpu_top has unconnected port data_sram_rdata[28]
WARNING: [Synth 8-3331] design mycpu_top has unconnected port data_sram_rdata[27]
WARNING: [Synth 8-3331] design mycpu_top has unconnected port data_sram_rdata[26]
WARNING: [Synth 8-3331] design mycpu_top has unconnected port data_sram_rdata[25]
WARNING: [Synth 8-3331] design mycpu_top has unconnected port data_sram_rdata[24]
WARNING: [Synth 8-3331] design mycpu_top has unconnected port data_sram_rdata[23]
WARNING: [Synth 8-3331] design mycpu_top has unconnected port data_sram_rdata[22]
WARNING: [Synth 8-3331] design mycpu_top has unconnected port data_sram_rdata[21]
WARNING: [Synth 8-3331] design mycpu_top has unconnected port data_sram_rdata[20]
WARNING: [Synth 8-3331] design mycpu_top has unconnected port data_sram_rdata[19]
WARNING: [Synth 8-3331] design mycpu_top has unconnected port data_sram_rdata[18]
WARNING: [Synth 8-3331] design mycpu_top has unconnected port data_sram_rdata[17]
WARNING: [Synth 8-3331] design mycpu_top has unconnected port data_sram_rdata[16]
WARNING: [Synth 8-3331] design mycpu_top has unconnected port data_sram_rdata[15]
WARNING: [Synth 8-3331] design mycpu_top has unconnected port data_sram_rdata[14]
WARNING: [Synth 8-3331] design mycpu_top has unconnected port data_sram_rdata[13]
WARNING: [Synth 8-3331] design mycpu_top has unconnected port data_sram_rdata[12]
WARNING: [Synth 8-3331] design mycpu_top has unconnected port data_sram_rdata[11]
WARNING: [Synth 8-3331] design mycpu_top has unconnected port data_sram_rdata[10]
WARNING: [Synth 8-3331] design mycpu_top has unconnected port data_sram_rdata[9]
WARNING: [Synth 8-3331] design mycpu_top has unconnected port data_sram_rdata[8]
WARNING: [Synth 8-3331] design mycpu_top has unconnected port data_sram_rdata[7]
INFO: [Common 17-14] Message 'Synth 8-3331' appears 100 times and further instances of the messages will be disabled. Use the Tcl command set_msg_config to change the current settings.
INFO: [Synth 8-3886] merging instance 'u_confreg/simu_flag_reg[1]' (FDRE) to 'u_confreg/simu_flag_reg[0]'
INFO: [Synth 8-3886] merging instance 'u_confreg/simu_flag_reg[2]' (FDRE) to 'u_confreg/simu_flag_reg[0]'
INFO: [Synth 8-3886] merging instance 'u_confreg/simu_flag_reg[3]' (FDRE) to 'u_confreg/simu_flag_reg[0]'
INFO: [Synth 8-3886] merging instance 'u_confreg/simu_flag_reg[4]' (FDRE) to 'u_confreg/simu_flag_reg[0]'
INFO: [Synth 8-3886] merging instance 'u_confreg/simu_flag_reg[5]' (FDRE) to 'u_confreg/simu_flag_reg[0]'
INFO: [Synth 8-3886] merging instance 'u_confreg/simu_flag_reg[6]' (FDRE) to 'u_confreg/simu_flag_reg[0]'
INFO: [Synth 8-3886] merging instance 'u_confreg/simu_flag_reg[7]' (FDRE) to 'u_confreg/simu_flag_reg[0]'
INFO: [Synth 8-3886] merging instance 'u_confreg/simu_flag_reg[8]' (FDRE) to 'u_confreg/simu_flag_reg[0]'
INFO: [Synth 8-3886] merging instance 'u_confreg/simu_flag_reg[9]' (FDRE) to 'u_confreg/simu_flag_reg[0]'
INFO: [Synth 8-3886] merging instance 'u_confreg/simu_flag_reg[10]' (FDRE) to 'u_confreg/simu_flag_reg[0]'
INFO: [Synth 8-3886] merging instance 'u_confreg/simu_flag_reg[11]' (FDRE) to 'u_confreg/simu_flag_reg[0]'
INFO: [Synth 8-3886] merging instance 'u_confreg/simu_flag_reg[12]' (FDRE) to 'u_confreg/simu_flag_reg[0]'
INFO: [Synth 8-3886] merging instance 'u_confreg/simu_flag_reg[13]' (FDRE) to 'u_confreg/simu_flag_reg[0]'
INFO: [Synth 8-3886] merging instance 'u_confreg/simu_flag_reg[14]' (FDRE) to 'u_confreg/simu_flag_reg[0]'
INFO: [Synth 8-3886] merging instance 'u_confreg/simu_flag_reg[15]' (FDRE) to 'u_confreg/simu_flag_reg[0]'
INFO: [Synth 8-3886] merging instance 'u_confreg/simu_flag_reg[16]' (FDRE) to 'u_confreg/simu_flag_reg[0]'
INFO: [Synth 8-3886] merging instance 'u_confreg/simu_flag_reg[17]' (FDRE) to 'u_confreg/simu_flag_reg[0]'
INFO: [Synth 8-3886] merging instance 'u_confreg/simu_flag_reg[18]' (FDRE) to 'u_confreg/simu_flag_reg[0]'
INFO: [Synth 8-3886] merging instance 'u_confreg/simu_flag_reg[19]' (FDRE) to 'u_confreg/simu_flag_reg[0]'
INFO: [Synth 8-3886] merging instance 'u_confreg/simu_flag_reg[20]' (FDRE) to 'u_confreg/simu_flag_reg[0]'
INFO: [Synth 8-3886] merging instance 'u_confreg/simu_flag_reg[21]' (FDRE) to 'u_confreg/simu_flag_reg[0]'
INFO: [Synth 8-3886] merging instance 'u_confreg/simu_flag_reg[22]' (FDRE) to 'u_confreg/simu_flag_reg[0]'
INFO: [Synth 8-3886] merging instance 'u_confreg/simu_flag_reg[23]' (FDRE) to 'u_confreg/simu_flag_reg[0]'
INFO: [Synth 8-3886] merging instance 'u_confreg/simu_flag_reg[24]' (FDRE) to 'u_confreg/simu_flag_reg[0]'
INFO: [Synth 8-3886] merging instance 'u_confreg/simu_flag_reg[25]' (FDRE) to 'u_confreg/simu_flag_reg[0]'
INFO: [Synth 8-3886] merging instance 'u_confreg/simu_flag_reg[26]' (FDRE) to 'u_confreg/simu_flag_reg[0]'
INFO: [Synth 8-3886] merging instance 'u_confreg/simu_flag_reg[27]' (FDRE) to 'u_confreg/simu_flag_reg[0]'
INFO: [Synth 8-3886] merging instance 'u_confreg/simu_flag_reg[28]' (FDRE) to 'u_confreg/simu_flag_reg[0]'
INFO: [Synth 8-3886] merging instance 'u_confreg/simu_flag_reg[29]' (FDRE) to 'u_confreg/simu_flag_reg[0]'
INFO: [Synth 8-3886] merging instance 'u_confreg/simu_flag_reg[30]' (FDRE) to 'u_confreg/simu_flag_reg[0]'
INFO: [Synth 8-3886] merging instance 'u_confreg/simu_flag_reg[31]' (FDRE) to 'u_confreg/simu_flag_reg[0]'
INFO: [Synth 8-3333] propagating constant 0 across sequential element (\u_confreg/simu_flag_reg[0] )
INFO: [Synth 8-3886] merging instance 'u_confreg/io_simu_reg[26]' (FDRE) to 'u_confreg/io_simu_reg[0]'
INFO: [Synth 8-3886] merging instance 'u_confreg/io_simu_reg[12]' (FDRE) to 'u_confreg/io_simu_reg[0]'
INFO: [Synth 8-3886] merging instance 'u_confreg/io_simu_reg[6]' (FDRE) to 'u_confreg/io_simu_reg[0]'
INFO: [Synth 8-3886] merging instance 'u_confreg/num_data_reg[6]' (FDRE) to 'u_confreg/num_data_reg[12]'
INFO: [Synth 8-3886] merging instance 'u_confreg/num_data_reg[7]' (FDRE) to 'u_confreg/num_data_reg[13]'
INFO: [Synth 8-3886] merging instance 'u_confreg/num_data_reg[8]' (FDRE) to 'u_confreg/num_data_reg[14]'
INFO: [Synth 8-3886] merging instance 'u_confreg/num_data_reg[9]' (FDRE) to 'u_confreg/num_data_reg[15]'
INFO: [Synth 8-3886] merging instance 'u_confreg/num_data_reg[10]' (FDRE) to 'u_confreg/num_data_reg[16]'
INFO: [Synth 8-3886] merging instance 'u_confreg/num_data_reg[11]' (FDRE) to 'u_confreg/num_data_reg[17]'
INFO: [Synth 8-3886] merging instance 'u_confreg/num_data_reg[12]' (FDRE) to 'u_confreg/num_data_reg[18]'
INFO: [Synth 8-3886] merging instance 'u_confreg/num_data_reg[13]' (FDRE) to 'u_confreg/num_data_reg[19]'
INFO: [Synth 8-3886] merging instance 'u_confreg/num_data_reg[14]' (FDRE) to 'u_confreg/num_data_reg[20]'
INFO: [Synth 8-3886] merging instance 'u_confreg/num_data_reg[15]' (FDRE) to 'u_confreg/num_data_reg[21]'
INFO: [Synth 8-3886] merging instance 'u_confreg/num_data_reg[16]' (FDRE) to 'u_confreg/num_data_reg[22]'
INFO: [Synth 8-3886] merging instance 'u_confreg/num_data_reg[17]' (FDRE) to 'u_confreg/num_data_reg[23]'
INFO: [Synth 8-3886] merging instance 'u_confreg/num_data_reg[18]' (FDRE) to 'u_confreg/num_data_reg[24]'
INFO: [Synth 8-3886] merging instance 'u_confreg/num_data_reg[19]' (FDRE) to 'u_confreg/num_data_reg[25]'
INFO: [Synth 8-3886] merging instance 'u_confreg/num_data_reg[20]' (FDRE) to 'u_confreg/num_data_reg[26]'
INFO: [Synth 8-3886] merging instance 'u_confreg/num_data_reg[21]' (FDRE) to 'u_confreg/num_data_reg[27]'
INFO: [Synth 8-3886] merging instance 'u_confreg/num_data_reg[22]' (FDRE) to 'u_confreg/num_data_reg[28]'
INFO: [Synth 8-3886] merging instance 'u_confreg/num_data_reg[23]' (FDRE) to 'u_confreg/num_data_reg[29]'
INFO: [Synth 8-3886] merging instance 'u_confreg/num_data_reg[24]' (FDRE) to 'u_confreg/num_data_reg[30]'
INFO: [Synth 8-3886] merging instance 'u_confreg/num_data_reg[25]' (FDRE) to 'u_confreg/num_data_reg[31]'
INFO: [Synth 8-3886] merging instance 'u_confreg/led_data_reg[30]' (FDRE) to 'u_confreg/led_data_reg[6]'
INFO: [Synth 8-3886] merging instance 'u_confreg/led_data_reg[24]' (FDRE) to 'u_confreg/led_data_reg[6]'
INFO: [Synth 8-3886] merging instance 'u_confreg/led_data_reg[18]' (FDRE) to 'u_confreg/led_data_reg[6]'
INFO: [Synth 8-3886] merging instance 'u_confreg/led_data_reg[6]' (FDRE) to 'u_confreg/led_data_reg[12]'
INFO: [Synth 8-3886] merging instance 'u_confreg/led_data_reg[31]' (FDRE) to 'u_confreg/led_data_reg[7]'
INFO: [Synth 8-3886] merging instance 'u_confreg/led_data_reg[25]' (FDRE) to 'u_confreg/led_data_reg[7]'
INFO: [Synth 8-3886] merging instance 'u_confreg/led_data_reg[19]' (FDRE) to 'u_confreg/led_data_reg[7]'
INFO: [Synth 8-3886] merging instance 'u_confreg/led_data_reg[7]' (FDRE) to 'u_confreg/led_data_reg[13]'
INFO: [Synth 8-3886] merging instance 'u_confreg/led_data_reg[26]' (FDRE) to 'u_confreg/led_data_reg[8]'
INFO: [Synth 8-3886] merging instance 'u_confreg/led_data_reg[20]' (FDRE) to 'u_confreg/led_data_reg[8]'
INFO: [Synth 8-3886] merging instance 'u_confreg/led_data_reg[8]' (FDRE) to 'u_confreg/led_data_reg[14]'
INFO: [Synth 8-3886] merging instance 'u_confreg/led_data_reg[27]' (FDRE) to 'u_confreg/led_data_reg[9]'
INFO: [Synth 8-3886] merging instance 'u_confreg/led_data_reg[21]' (FDRE) to 'u_confreg/led_data_reg[9]'
INFO: [Synth 8-3886] merging instance 'u_confreg/led_data_reg[9]' (FDRE) to 'u_confreg/led_data_reg[15]'
INFO: [Synth 8-3886] merging instance 'u_confreg/led_data_reg[28]' (FDRE) to 'u_confreg/led_data_reg[10]'
INFO: [Synth 8-3886] merging instance 'u_confreg/led_data_reg[22]' (FDRE) to 'u_confreg/led_data_reg[10]'
INFO: [Synth 8-3886] merging instance 'u_confreg/led_data_reg[16]' (FDRE) to 'u_confreg/led_data_reg[10]'
INFO: [Synth 8-3886] merging instance 'u_confreg/led_data_reg[29]' (FDRE) to 'u_confreg/led_data_reg[11]'
INFO: [Synth 8-3886] merging instance 'u_confreg/led_data_reg[23]' (FDRE) to 'u_confreg/led_data_reg[11]'
INFO: [Synth 8-3886] merging instance 'u_confreg/led_data_reg[17]' (FDRE) to 'u_confreg/led_data_reg[11]'
---------------------------------------------------------------------------------
Finished Cross Boundary and Area Optimization : Time (s): cpu = 00:00:14 ; elapsed = 00:00:14 . Memory (MB): peak = 1103.645 ; gain = 437.543
---------------------------------------------------------------------------------
---------------------------------------------------------------------------------
Start ROM, RAM, DSP and Shift Register Reporting
---------------------------------------------------------------------------------

Distributed RAM: Preliminary Mapping	Report (see note below)
+-------------+----------------------+-----------+----------------------+--------------+
|Module Name  | RTL Object           | Inference | Size (Depth x Width) | Primitives   | 
+-------------+----------------------+-----------+----------------------+--------------+
|soc_lite_top | cpu/u_regfile/rf_reg | Implied   | 32 x 1               | RAM32M x 12	 | 
+-------------+----------------------+-----------+----------------------+--------------+

Note: The table above is a preliminary report that shows the Distributed RAMs at the current stage of the synthesis flow. Some Distributed RAMs may be reimplemented as non Distributed RAM primitives later in the synthesis flow. Multiple instantiated RAMs are reported only once.
---------------------------------------------------------------------------------
Finished ROM, RAM, DSP and Shift Register Reporting
---------------------------------------------------------------------------------

Report RTL Partitions: 
+-+--------------+------------+----------+
| |RTL Partition |Replication |Instances |
+-+--------------+------------+----------+
+-+--------------+------------+----------+
---------------------------------------------------------------------------------
Start Applying XDC Timing Constraints
---------------------------------------------------------------------------------
WARNING: [Synth 8-565] redefining clock 'clk'
---------------------------------------------------------------------------------
Finished Applying XDC Timing Constraints : Time (s): cpu = 00:00:18 ; elapsed = 00:00:19 . Memory (MB): peak = 1103.645 ; gain = 437.543
---------------------------------------------------------------------------------
---------------------------------------------------------------------------------
Start Timing Optimization
---------------------------------------------------------------------------------
---------------------------------------------------------------------------------
Finished Timing Optimization : Time (s): cpu = 00:00:20 ; elapsed = 00:00:21 . Memory (MB): peak = 1155.148 ; gain = 489.047
---------------------------------------------------------------------------------
---------------------------------------------------------------------------------
Start ROM, RAM, DSP and Shift Register Reporting
---------------------------------------------------------------------------------

Distributed RAM: Final Mapping	Report
+-------------+----------------------+-----------+----------------------+--------------+
|Module Name  | RTL Object           | Inference | Size (Depth x Width) | Primitives   | 
+-------------+----------------------+-----------+----------------------+--------------+
|soc_lite_top | cpu/u_regfile/rf_reg | Implied   | 32 x 1               | RAM32M x 12	 | 
+-------------+----------------------+-----------+----------------------+--------------+

---------------------------------------------------------------------------------
Finished ROM, RAM, DSP and Shift Register Reporting
---------------------------------------------------------------------------------

Report RTL Partitions: 
+-+--------------+------------+----------+
| |RTL Partition |Replication |Instances |
+-+--------------+------------+----------+
+-+--------------+------------+----------+
---------------------------------------------------------------------------------
Start Technology Mapping
---------------------------------------------------------------------------------
Found timing loop:
     0: i_445/O (LUT2)
      [E:/loongson/cdp_ede_local/mycpu_env/myCPU/alu.v:56]
     1: i_445/I0 (LUT2)
     2: i_59/O (LUT6)
      [E:/loongson/cdp_ede_local/mycpu_env/myCPU/alu.v:56]
     3: i_59/I3 (LUT6)
     4: i_215/O (LUT6)
      [E:/loongson/cdp_ede_local/mycpu_env/myCPU/alu.v:56]
     5: i_215/I2 (LUT6)
     6: i_445/O (LUT2)
      [E:/loongson/cdp_ede_local/mycpu_env/myCPU/alu.v:56]
CRITICAL WARNING: [Synth 8-295] found timing loop. [E:/loongson/cdp_ede_local/mycpu_env/soc_verify/soc_dram/rtl/soc_lite_top.v:67]
Inferred a: "set_disable_timing -from I0 -to O i_445"
Found timing loop:
     0: i_441/O (LUT2)
      [E:/loongson/cdp_ede_local/mycpu_env/myCPU/alu.v:56]
     1: i_441/I1 (LUT2)
     2: i_65/O (LUT5)
      [E:/loongson/cdp_ede_local/mycpu_env/myCPU/alu.v:56]
     3: i_65/I2 (LUT5)
     4: i_66/O (LUT6)
      [E:/loongson/cdp_ede_local/mycpu_env/myCPU/alu.v:56]
     5: i_66/I4 (LUT6)
     6: i_441/O (LUT2)
      [E:/loongson/cdp_ede_local/mycpu_env/myCPU/alu.v:56]
CRITICAL WARNING: [Synth 8-295] found timing loop. [E:/loongson/cdp_ede_local/mycpu_env/soc_verify/soc_dram/rtl/soc_lite_top.v:67]
Inferred a: "set_disable_timing -from I1 -to O i_441"
Found timing loop:
     0: i_442/O (LUT2)
      [E:/loongson/cdp_ede_local/mycpu_env/myCPU/alu.v:56]
     1: i_442/I1 (LUT2)
     2: i_63/O (LUT5)
      [E:/loongson/cdp_ede_local/mycpu_env/myCPU/alu.v:56]
     3: i_63/I2 (LUT5)
     4: i_64/O (LUT6)
      [E:/loongson/cdp_ede_local/mycpu_env/myCPU/alu.v:56]
     5: i_64/I4 (LUT6)
     6: i_442/O (LUT2)
      [E:/loongson/cdp_ede_local/mycpu_env/myCPU/alu.v:56]
CRITICAL WARNING: [Synth 8-295] found timing loop. [E:/loongson/cdp_ede_local/mycpu_env/soc_verify/soc_dram/rtl/soc_lite_top.v:67]
Inferred a: "set_disable_timing -from I1 -to O i_442"
Found timing loop:
     0: i_440/O (LUT2)
      [E:/loongson/cdp_ede_local/mycpu_env/myCPU/alu.v:56]
     1: i_440/I0 (LUT2)
     2: i_67/O (LUT6)
      [E:/loongson/cdp_ede_local/mycpu_env/myCPU/alu.v:56]
     3: i_67/I4 (LUT6)
     4: i_440/O (LUT2)
      [E:/loongson/cdp_ede_local/mycpu_env/myCPU/alu.v:56]
CRITICAL WARNING: [Synth 8-295] found timing loop. [E:/loongson/cdp_ede_local/mycpu_env/soc_verify/soc_dram/rtl/soc_lite_top.v:67]
Inferred a: "set_disable_timing -from I0 -to O i_440"
Found timing loop:
     0: i_439/O (LUT2)
      [E:/loongson/cdp_ede_local/mycpu_env/myCPU/alu.v:56]
     1: i_439/I0 (LUT2)
     2: i_54/O (LUT5)
      [E:/loongson/cdp_ede_local/mycpu_env/myCPU/alu.v:56]
     3: i_54/I0 (LUT5)
     4: i_55/O (LUT6)
      [E:/loongson/cdp_ede_local/mycpu_env/myCPU/alu.v:56]
     5: i_55/I4 (LUT6)
     6: i_439/O (LUT2)
      [E:/loongson/cdp_ede_local/mycpu_env/myCPU/alu.v:56]
CRITICAL WARNING: [Synth 8-295] found timing loop. [E:/loongson/cdp_ede_local/mycpu_env/soc_verify/soc_dram/rtl/soc_lite_top.v:67]
Inferred a: "set_disable_timing -from I0 -to O i_439"
Found timing loop:
     0: i_448/O (LUT2)
      [E:/loongson/cdp_ede_local/mycpu_env/myCPU/alu.v:56]
     1: i_448/I1 (LUT2)
     2: i_56/O (LUT6)
      [E:/loongson/cdp_ede_local/mycpu_env/myCPU/alu.v:56]
     3: i_56/I0 (LUT6)
     4: i_221/O (LUT6)
      [E:/loongson/cdp_ede_local/mycpu_env/myCPU/alu.v:56]
     5: i_221/I2 (LUT6)
     6: i_448/O (LUT2)
      [E:/loongson/cdp_ede_local/mycpu_env/myCPU/alu.v:56]
CRITICAL WARNING: [Synth 8-295] found timing loop. [E:/loongson/cdp_ede_local/mycpu_env/soc_verify/soc_dram/rtl/soc_lite_top.v:67]
Inferred a: "set_disable_timing -from I1 -to O i_448"
Found timing loop:
     0: i_449/O (LUT2)
      [E:/loongson/cdp_ede_local/mycpu_env/myCPU/alu.v:56]
     1: i_449/I0 (LUT2)
     2: i_53/O (LUT5)
      [E:/loongson/cdp_ede_local/mycpu_env/myCPU/alu.v:56]
     3: i_53/I2 (LUT5)
     4: i_104/O (LUT5)
      [E:/loongson/cdp_ede_local/mycpu_env/myCPU/alu.v:56]
     5: i_104/I3 (LUT5)
     6: i_449/O (LUT2)
      [E:/loongson/cdp_ede_local/mycpu_env/myCPU/alu.v:56]
CRITICAL WARNING: [Synth 8-295] found timing loop. [E:/loongson/cdp_ede_local/mycpu_env/soc_verify/soc_dram/rtl/soc_lite_top.v:67]
Inferred a: "set_disable_timing -from I0 -to O i_449"
Found timing loop:
     0: i_447/O (LUT2)
      [E:/loongson/cdp_ede_local/mycpu_env/myCPU/alu.v:56]
     1: i_447/I0 (LUT2)
     2: i_57/O (LUT6)
      [E:/loongson/cdp_ede_local/mycpu_env/myCPU/alu.v:56]
     3: i_57/I4 (LUT6)
     4: i_447/O (LUT2)
      [E:/loongson/cdp_ede_local/mycpu_env/myCPU/alu.v:56]
CRITICAL WARNING: [Synth 8-295] found timing loop. [E:/loongson/cdp_ede_local/mycpu_env/soc_verify/soc_dram/rtl/soc_lite_top.v:67]
Inferred a: "set_disable_timing -from I0 -to O i_447"
Found timing loop:
     0: i_444/O (LUT2)
      [E:/loongson/cdp_ede_local/mycpu_env/myCPU/alu.v:56]
     1: i_444/I0 (LUT2)
     2: i_61/O (LUT6)
      [E:/loongson/cdp_ede_local/mycpu_env/myCPU/alu.v:56]
     3: i_61/I5 (LUT6)
     4: i_209/O (LUT6)
      [E:/loongson/cdp_ede_local/mycpu_env/myCPU/alu.v:56]
     5: i_209/I2 (LUT6)
     6: i_444/O (LUT2)
      [E:/loongson/cdp_ede_local/mycpu_env/myCPU/alu.v:56]
CRITICAL WARNING: [Synth 8-295] found timing loop. [E:/loongson/cdp_ede_local/mycpu_env/soc_verify/soc_dram/rtl/soc_lite_top.v:67]
Inferred a: "set_disable_timing -from I0 -to O i_444"
Found timing loop:
     0: i_436/O (LUT2)
      [E:/loongson/cdp_ede_local/mycpu_env/myCPU/alu.v:56]
     1: i_436/I1 (LUT2)
     2: i_71/O (LUT5)
      [E:/loongson/cdp_ede_local/mycpu_env/myCPU/alu.v:56]
     3: i_71/I0 (LUT5)
     4: i_190/O (LUT6)
      [E:/loongson/cdp_ede_local/mycpu_env/myCPU/alu.v:56]
     5: i_190/I2 (LUT6)
     6: i_436/O (LUT2)
      [E:/loongson/cdp_ede_local/mycpu_env/myCPU/alu.v:56]
CRITICAL WARNING: [Synth 8-295] found timing loop. [E:/loongson/cdp_ede_local/mycpu_env/soc_verify/soc_dram/rtl/soc_lite_top.v:67]
Inferred a: "set_disable_timing -from I1 -to O i_436"
Found timing loop:
     0: i_446/O (LUT2)
      [E:/loongson/cdp_ede_local/mycpu_env/myCPU/alu.v:56]
     1: i_446/I0 (LUT2)
     2: i_58/O (LUT6)
      [E:/loongson/cdp_ede_local/mycpu_env/myCPU/alu.v:56]
     3: i_58/I3 (LUT6)
     4: i_218/O (LUT6)
      [E:/loongson/cdp_ede_local/mycpu_env/myCPU/alu.v:56]
     5: i_218/I2 (LUT6)
     6: i_446/O (LUT2)
      [E:/loongson/cdp_ede_local/mycpu_env/myCPU/alu.v:56]
CRITICAL WARNING: [Synth 8-295] found timing loop. [E:/loongson/cdp_ede_local/mycpu_env/soc_verify/soc_dram/rtl/soc_lite_top.v:67]
Inferred a: "set_disable_timing -from I0 -to O i_446"
Found timing loop:
     0: i_435/O (LUT2)
      [E:/loongson/cdp_ede_local/mycpu_env/myCPU/alu.v:56]
     1: i_435/I0 (LUT2)
     2: i_72/O (LUT5)
      [E:/loongson/cdp_ede_local/mycpu_env/myCPU/alu.v:56]
     3: i_72/I0 (LUT5)
     4: i_184/O (LUT6)
      [E:/loongson/cdp_ede_local/mycpu_env/myCPU/alu.v:56]
     5: i_184/I2 (LUT6)
     6: i_435/O (LUT2)
      [E:/loongson/cdp_ede_local/mycpu_env/myCPU/alu.v:56]
CRITICAL WARNING: [Synth 8-295] found timing loop. [E:/loongson/cdp_ede_local/mycpu_env/soc_verify/soc_dram/rtl/soc_lite_top.v:67]
Inferred a: "set_disable_timing -from I0 -to O i_435"
Found timing loop:
     0: i_438/O (LUT2)
      [E:/loongson/cdp_ede_local/mycpu_env/myCPU/alu.v:56]
     1: i_438/I1 (LUT2)
     2: i_68/O (LUT6)
      [E:/loongson/cdp_ede_local/mycpu_env/myCPU/alu.v:56]
     3: i_68/I4 (LUT6)
     4: i_438/O (LUT2)
      [E:/loongson/cdp_ede_local/mycpu_env/myCPU/alu.v:56]
CRITICAL WARNING: [Synth 8-295] found timing loop. [E:/loongson/cdp_ede_local/mycpu_env/soc_verify/soc_dram/rtl/soc_lite_top.v:67]
Inferred a: "set_disable_timing -from I1 -to O i_438"
Found timing loop:
     0: i_437/O (LUT2)
      [E:/loongson/cdp_ede_local/mycpu_env/myCPU/alu.v:56]
     1: i_437/I1 (LUT2)
     2: i_69/O (LUT5)
      [E:/loongson/cdp_ede_local/mycpu_env/myCPU/alu.v:56]
     3: i_69/I0 (LUT5)
     4: i_70/O (LUT6)
      [E:/loongson/cdp_ede_local/mycpu_env/myCPU/alu.v:56]
     5: i_70/I4 (LUT6)
     6: i_437/O (LUT2)
      [E:/loongson/cdp_ede_local/mycpu_env/myCPU/alu.v:56]
CRITICAL WARNING: [Synth 8-295] found timing loop. [E:/loongson/cdp_ede_local/mycpu_env/soc_verify/soc_dram/rtl/soc_lite_top.v:67]
Inferred a: "set_disable_timing -from I1 -to O i_437"
Found timing loop:
     0: i_450/O (LUT2)
      [E:/loongson/cdp_ede_local/mycpu_env/myCPU/alu.v:56]
     1: i_450/I0 (LUT2)
     2: i_60/O (LUT6)
      [E:/loongson/cdp_ede_local/mycpu_env/myCPU/alu.v:56]
     3: i_60/I5 (LUT6)
     4: i_211/O (LUT6)
      [E:/loongson/cdp_ede_local/mycpu_env/myCPU/alu.v:56]
     5: i_211/I2 (LUT6)
     6: i_450/O (LUT2)
      [E:/loongson/cdp_ede_local/mycpu_env/myCPU/alu.v:56]
CRITICAL WARNING: [Synth 8-295] found timing loop. [E:/loongson/cdp_ede_local/mycpu_env/soc_verify/soc_dram/rtl/soc_lite_top.v:67]
Inferred a: "set_disable_timing -from I0 -to O i_450"
Found timing loop:
     0: i_424/O (LUT2)
      [E:/loongson/cdp_ede_local/mycpu_env/myCPU/alu.v:56]
     1: i_424/I0 (LUT2)
     2: i_19/O (LUT5)
      [E:/loongson/cdp_ede_local/mycpu_env/myCPU/alu.v:56]
     3: i_19/I0 (LUT5)
     4: i_20/O (LUT6)
      [E:/loongson/cdp_ede_local/mycpu_env/myCPU/alu.v:56]
     5: i_20/I4 (LUT6)
     6: i_424/O (LUT2)
      [E:/loongson/cdp_ede_local/mycpu_env/myCPU/alu.v:56]
CRITICAL WARNING: [Synth 8-295] found timing loop. [E:/loongson/cdp_ede_local/mycpu_env/soc_verify/soc_dram/rtl/soc_lite_top.v:67]
Inferred a: "set_disable_timing -from I0 -to O i_424"
Found timing loop:
     0: i_429/O (LUT2)
      [E:/loongson/cdp_ede_local/mycpu_env/myCPU/alu.v:56]
     1: i_429/I0 (LUT2)
     2: i_80/O (LUT5)
      [E:/loongson/cdp_ede_local/mycpu_env/myCPU/alu.v:56]
     3: i_80/I0 (LUT5)
     4: i_144/O (LUT6)
      [E:/loongson/cdp_ede_local/mycpu_env/myCPU/alu.v:56]
     5: i_144/I2 (LUT6)
     6: i_429/O (LUT2)
      [E:/loongson/cdp_ede_local/mycpu_env/myCPU/alu.v:56]
CRITICAL WARNING: [Synth 8-295] found timing loop. [E:/loongson/cdp_ede_local/mycpu_env/soc_verify/soc_dram/rtl/soc_lite_top.v:67]
Inferred a: "set_disable_timing -from I0 -to O i_429"
Found timing loop:
     0: i_426/O (LUT2)
      [E:/loongson/cdp_ede_local/mycpu_env/myCPU/alu.v:56]
     1: i_426/I1 (LUT2)
     2: i_83/O (LUT5)
      [E:/loongson/cdp_ede_local/mycpu_env/myCPU/alu.v:56]
     3: i_83/I0 (LUT5)
     4: i_141/O (LUT6)
      [E:/loongson/cdp_ede_local/mycpu_env/myCPU/alu.v:56]
     5: i_141/I2 (LUT6)
     6: i_426/O (LUT2)
      [E:/loongson/cdp_ede_local/mycpu_env/myCPU/alu.v:56]
CRITICAL WARNING: [Synth 8-295] found timing loop. [E:/loongson/cdp_ede_local/mycpu_env/soc_verify/soc_dram/rtl/soc_lite_top.v:67]
Inferred a: "set_disable_timing -from I1 -to O i_426"
Found timing loop:
     0: i_425/O (LUT2)
      [E:/loongson/cdp_ede_local/mycpu_env/myCPU/alu.v:56]
     1: i_425/I0 (LUT2)
     2: i_84/O (LUT5)
      [E:/loongson/cdp_ede_local/mycpu_env/myCPU/alu.v:56]
     3: i_84/I0 (LUT5)
     4: i_135/O (LUT6)
      [E:/loongson/cdp_ede_local/mycpu_env/myCPU/alu.v:56]
     5: i_135/I2 (LUT6)
     6: i_425/O (LUT2)
      [E:/loongson/cdp_ede_local/mycpu_env/myCPU/alu.v:56]
CRITICAL WARNING: [Synth 8-295] found timing loop. [E:/loongson/cdp_ede_local/mycpu_env/soc_verify/soc_dram/rtl/soc_lite_top.v:67]
Inferred a: "set_disable_timing -from I0 -to O i_425"
Found timing loop:
     0: i_434/O (LUT2)
      [E:/loongson/cdp_ede_local/mycpu_env/myCPU/alu.v:56]
     1: i_434/I0 (LUT2)
     2: i_73/O (LUT5)
      [E:/loongson/cdp_ede_local/mycpu_env/myCPU/alu.v:56]
     3: i_73/I0 (LUT5)
     4: i_74/O (LUT6)
      [E:/loongson/cdp_ede_local/mycpu_env/myCPU/alu.v:56]
     5: i_74/I4 (LUT6)
     6: i_434/O (LUT2)
      [E:/loongson/cdp_ede_local/mycpu_env/myCPU/alu.v:56]
CRITICAL WARNING: [Synth 8-295] found timing loop. [E:/loongson/cdp_ede_local/mycpu_env/soc_verify/soc_dram/rtl/soc_lite_top.v:67]
Inferred a: "set_disable_timing -from I0 -to O i_434"
Found timing loop:
     0: i_423/O (LUT2)
      [E:/loongson/cdp_ede_local/mycpu_env/myCPU/alu.v:56]
     1: i_423/I0 (LUT2)
     2: i_31/O (LUT5)
      [E:/loongson/cdp_ede_local/mycpu_env/myCPU/alu.v:56]
     3: i_31/I0 (LUT5)
     4: i_125/O (LUT6)
      [E:/loongson/cdp_ede_local/mycpu_env/myCPU/alu.v:56]
     5: i_125/I2 (LUT6)
     6: i_423/O (LUT2)
      [E:/loongson/cdp_ede_local/mycpu_env/myCPU/alu.v:56]
CRITICAL WARNING: [Synth 8-295] found timing loop. [E:/loongson/cdp_ede_local/mycpu_env/soc_verify/soc_dram/rtl/soc_lite_top.v:67]
Inferred a: "set_disable_timing -from I0 -to O i_423"
Found timing loop:
     0: i_432/O (LUT2)
      [E:/loongson/cdp_ede_local/mycpu_env/myCPU/alu.v:56]
     1: i_432/I0 (LUT2)
     2: i_76/O (LUT6)
      [E:/loongson/cdp_ede_local/mycpu_env/myCPU/alu.v:56]
     3: i_76/I4 (LUT6)
     4: i_432/O (LUT2)
      [E:/loongson/cdp_ede_local/mycpu_env/myCPU/alu.v:56]
CRITICAL WARNING: [Synth 8-295] found timing loop. [E:/loongson/cdp_ede_local/mycpu_env/soc_verify/soc_dram/rtl/soc_lite_top.v:67]
Inferred a: "set_disable_timing -from I0 -to O i_432"
Found timing loop:
     0: i_433/O (LUT2)
      [E:/loongson/cdp_ede_local/mycpu_env/myCPU/alu.v:56]
     1: i_433/I1 (LUT2)
     2: i_75/O (LUT5)
      [E:/loongson/cdp_ede_local/mycpu_env/myCPU/alu.v:56]
     3: i_75/I0 (LUT5)
     4: i_174/O (LUT6)
      [E:/loongson/cdp_ede_local/mycpu_env/myCPU/alu.v:56]
     5: i_174/I2 (LUT6)
     6: i_433/O (LUT2)
      [E:/loongson/cdp_ede_local/mycpu_env/myCPU/alu.v:56]
CRITICAL WARNING: [Synth 8-295] found timing loop. [E:/loongson/cdp_ede_local/mycpu_env/soc_verify/soc_dram/rtl/soc_lite_top.v:67]
Inferred a: "set_disable_timing -from I1 -to O i_433"
Found timing loop:
     0: i_427/O (LUT2)
      [E:/loongson/cdp_ede_local/mycpu_env/myCPU/alu.v:56]
     1: i_427/I1 (LUT2)
     2: i_82/O (LUT5)
      [E:/loongson/cdp_ede_local/mycpu_env/myCPU/alu.v:56]
     3: i_82/I0 (LUT5)
     4: i_171/O (LUT6)
      [E:/loongson/cdp_ede_local/mycpu_env/myCPU/alu.v:56]
     5: i_171/I2 (LUT6)
     6: i_427/O (LUT2)
      [E:/loongson/cdp_ede_local/mycpu_env/myCPU/alu.v:56]
CRITICAL WARNING: [Synth 8-295] found timing loop. [E:/loongson/cdp_ede_local/mycpu_env/soc_verify/soc_dram/rtl/soc_lite_top.v:67]
Inferred a: "set_disable_timing -from I1 -to O i_427"
Found timing loop:
     0: i_431/O (LUT2)
      [E:/loongson/cdp_ede_local/mycpu_env/myCPU/alu.v:56]
     1: i_431/I0 (LUT2)
     2: i_77/O (LUT5)
      [E:/loongson/cdp_ede_local/mycpu_env/myCPU/alu.v:56]
     3: i_77/I0 (LUT5)
     4: i_78/O (LUT6)
      [E:/loongson/cdp_ede_local/mycpu_env/myCPU/alu.v:56]
     5: i_78/I4 (LUT6)
     6: i_431/O (LUT2)
      [E:/loongson/cdp_ede_local/mycpu_env/myCPU/alu.v:56]
CRITICAL WARNING: [Synth 8-295] found timing loop. [E:/loongson/cdp_ede_local/mycpu_env/soc_verify/soc_dram/rtl/soc_lite_top.v:67]
Inferred a: "set_disable_timing -from I0 -to O i_431"
Found timing loop:
     0: i_430/O (LUT2)
      [E:/loongson/cdp_ede_local/mycpu_env/myCPU/alu.v:56]
     1: i_430/I0 (LUT2)
     2: i_79/O (LUT5)
      [E:/loongson/cdp_ede_local/mycpu_env/myCPU/alu.v:56]
     3: i_79/I0 (LUT5)
     4: i_155/O (LUT6)
      [E:/loongson/cdp_ede_local/mycpu_env/myCPU/alu.v:56]
     5: i_155/I2 (LUT6)
     6: i_430/O (LUT2)
      [E:/loongson/cdp_ede_local/mycpu_env/myCPU/alu.v:56]
CRITICAL WARNING: [Synth 8-295] found timing loop. [E:/loongson/cdp_ede_local/mycpu_env/soc_verify/soc_dram/rtl/soc_lite_top.v:67]
Inferred a: "set_disable_timing -from I0 -to O i_430"
Found timing loop:
     0: i_422/O (LUT2)
      [E:/loongson/cdp_ede_local/mycpu_env/myCPU/alu.v:56]
     1: i_422/I1 (LUT2)
     2: i_33/O (LUT6)
      [E:/loongson/cdp_ede_local/mycpu_env/myCPU/alu.v:56]
     3: i_33/I0 (LUT6)
     4: i_121/O (LUT6)
      [E:/loongson/cdp_ede_local/mycpu_env/myCPU/alu.v:56]
     5: i_121/I2 (LUT6)
     6: i_422/O (LUT2)
      [E:/loongson/cdp_ede_local/mycpu_env/myCPU/alu.v:56]
CRITICAL WARNING: [Synth 8-295] found timing loop. [E:/loongson/cdp_ede_local/mycpu_env/soc_verify/soc_dram/rtl/soc_lite_top.v:67]
Inferred a: "set_disable_timing -from I1 -to O i_422"
Found timing loop:
     0: i_428/O (LUT2)
      [E:/loongson/cdp_ede_local/mycpu_env/myCPU/alu.v:56]
     1: i_428/I0 (LUT2)
     2: i_81/O (LUT5)
      [E:/loongson/cdp_ede_local/mycpu_env/myCPU/alu.v:56]
     3: i_81/I0 (LUT5)
     4: i_180/O (LUT6)
      [E:/loongson/cdp_ede_local/mycpu_env/myCPU/alu.v:56]
     5: i_180/I3 (LUT6)
     6: i_428/O (LUT2)
      [E:/loongson/cdp_ede_local/mycpu_env/myCPU/alu.v:56]
CRITICAL WARNING: [Synth 8-295] found timing loop. [E:/loongson/cdp_ede_local/mycpu_env/soc_verify/soc_dram/rtl/soc_lite_top.v:67]
Inferred a: "set_disable_timing -from I0 -to O i_428"
Found timing loop:
     0: i_443/O (LUT2)
      [E:/loongson/cdp_ede_local/mycpu_env/myCPU/alu.v:56]
     1: i_443/I1 (LUT2)
     2: i_62/O (LUT6)
      [E:/loongson/cdp_ede_local/mycpu_env/myCPU/alu.v:56]
     3: i_62/I3 (LUT6)
     4: i_206/O (LUT6)
      [E:/loongson/cdp_ede_local/mycpu_env/myCPU/alu.v:56]
     5: i_206/I2 (LUT6)
     6: i_443/O (LUT2)
      [E:/loongson/cdp_ede_local/mycpu_env/myCPU/alu.v:56]
CRITICAL WARNING: [Synth 8-295] found timing loop. [E:/loongson/cdp_ede_local/mycpu_env/soc_verify/soc_dram/rtl/soc_lite_top.v:67]
Inferred a: "set_disable_timing -from I1 -to O i_443"
---------------------------------------------------------------------------------
Finished Technology Mapping : Time (s): cpu = 00:00:20 ; elapsed = 00:00:21 . Memory (MB): peak = 1164.219 ; gain = 498.117
---------------------------------------------------------------------------------

Report RTL Partitions: 
+-+--------------+------------+----------+
| |RTL Partition |Replication |Instances |
+-+--------------+------------+----------+
+-+--------------+------------+----------+
---------------------------------------------------------------------------------
Start IO Insertion
---------------------------------------------------------------------------------
---------------------------------------------------------------------------------
Start Flattening Before IO Insertion
---------------------------------------------------------------------------------
---------------------------------------------------------------------------------
Finished Flattening Before IO Insertion
---------------------------------------------------------------------------------
---------------------------------------------------------------------------------
Start Final Netlist Cleanup
---------------------------------------------------------------------------------
---------------------------------------------------------------------------------
Finished Final Netlist Cleanup
---------------------------------------------------------------------------------
---------------------------------------------------------------------------------
Finished IO Insertion : Time (s): cpu = 00:00:22 ; elapsed = 00:00:23 . Memory (MB): peak = 1164.219 ; gain = 498.117
---------------------------------------------------------------------------------
---------------------------------------------------------------------------------
Start Renaming Generated Instances
---------------------------------------------------------------------------------
---------------------------------------------------------------------------------
Finished Renaming Generated Instances : Time (s): cpu = 00:00:22 ; elapsed = 00:00:23 . Memory (MB): peak = 1164.219 ; gain = 498.117
---------------------------------------------------------------------------------

Report RTL Partitions: 
+-+--------------+------------+----------+
| |RTL Partition |Replication |Instances |
+-+--------------+------------+----------+
+-+--------------+------------+----------+

Report Check Netlist: 
+------+------------------+-------+---------+-------+------------------+
|      |Item              |Errors |Warnings |Status |Description       |
+------+------------------+-------+---------+-------+------------------+
|1     |multi_driven_nets |      0|        0|Passed |Multi driven nets |
+------+------------------+-------+---------+-------+------------------+
WARNING: [Synth 8-326] inferred exception to break timing loop: 'set_false_path -through data_ram_i_32/O'
WARNING: [Synth 8-326] inferred exception to break timing loop: 'set_false_path -through data_ram_i_15/O'
WARNING: [Synth 8-326] inferred exception to break timing loop: 'set_false_path -through data_ram_i_33/O'
WARNING: [Synth 8-326] inferred exception to break timing loop: 'set_false_path -through data_ram_i_1/O'
WARNING: [Synth 8-326] inferred exception to break timing loop: 'set_false_path -through data_ram_i_17/O'
WARNING: [Synth 8-326] inferred exception to break timing loop: 'set_false_path -through \led_rg0_data[1]_i_6 /O'
WARNING: [Synth 8-326] inferred exception to break timing loop: 'set_false_path -through rf_reg_r1_0_31_0_5_i_34/O'
WARNING: [Synth 8-326] inferred exception to break timing loop: 'set_false_path -through \led_data[15]_i_14 /O'
WARNING: [Synth 8-326] inferred exception to break timing loop: 'set_false_path -through \led_data[15]_i_10 /O'
WARNING: [Synth 8-326] inferred exception to break timing loop: 'set_false_path -through rf_reg_r1_0_31_0_5_i_99/O'
WARNING: [Synth 8-326] inferred exception to break timing loop: 'set_false_path -through rf_reg_r1_0_31_0_5_i_103/O'
WARNING: [Synth 8-326] inferred exception to break timing loop: 'set_false_path -through rf_reg_r1_0_31_0_5_i_78/O'
WARNING: [Synth 8-326] inferred exception to break timing loop: 'set_false_path -through data_ram_i_80/O'
WARNING: [Synth 8-326] inferred exception to break timing loop: 'set_false_path -through rf_reg_r1_0_31_0_5_i_107/O'
WARNING: [Synth 8-326] inferred exception to break timing loop: 'set_false_path -through rf_reg_r1_0_31_0_5_i_91/O'
WARNING: [Synth 8-326] inferred exception to break timing loop: 'set_false_path -through rf_reg_r1_0_31_0_5_i_87/O'
WARNING: [Synth 8-326] inferred exception to break timing loop: 'set_false_path -through rf_reg_r1_0_31_0_5_i_51/O'
WARNING: [Synth 8-326] inferred exception to break timing loop: 'set_false_path -through rf_reg_r1_0_31_0_5_i_81/O'
WARNING: [Synth 8-326] inferred exception to break timing loop: 'set_false_path -through rf_reg_r1_0_31_0_5_i_95/O'
WARNING: [Synth 8-326] inferred exception to break timing loop: 'set_false_path -through \led_rg1_data[1]_i_14 /O'
WARNING: [Synth 8-326] inferred exception to break timing loop: 'set_false_path -through data_ram_i_7/O'
WARNING: [Synth 8-326] inferred exception to break timing loop: 'set_false_path -through data_ram_i_75/O'
WARNING: [Synth 8-326] inferred exception to break timing loop: 'set_false_path -through data_ram_i_70/O'
WARNING: [Synth 8-326] inferred exception to break timing loop: 'set_false_path -through \led_rg1_data[1]_i_11 /O'
WARNING: [Synth 8-326] inferred exception to break timing loop: 'set_false_path -through data_ram_i_8/O'
WARNING: [Synth 8-326] inferred exception to break timing loop: 'set_false_path -through rf_reg_r1_0_31_0_5_i_104/O'
WARNING: [Synth 8-326] inferred exception to break timing loop: 'set_false_path -through rf_reg_r1_0_31_0_5_i_47/O'
WARNING: [Synth 8-326] inferred exception to break timing loop: 'set_false_path -through rf_reg_r1_0_31_0_5_i_109/O'
WARNING: [Synth 8-326] inferred exception to break timing loop: 'set_false_path -through rf_reg_r1_0_31_0_5_i_55/O'
WARNING: [Synth 8-326] inferred exception to break timing loop: 'set_false_path -through data_ram_i_92/O'
WARNING: [Synth 8-326] inferred exception to break timing loop: 'set_false_path -through data_ram_i_4/O'
WARNING: [Synth 8-326] inferred exception to break timing loop: 'set_false_path -through rf_reg_r1_0_31_0_5_i_28/O'
WARNING: [Synth 8-326] inferred exception to break timing loop: 'set_false_path -through \led_rg0_data[1]_i_5 /O'
WARNING: [Synth 8-326] inferred exception to break timing loop: 'set_false_path -through rf_reg_r1_0_31_0_5_i_9/O'
---------------------------------------------------------------------------------
Start Rebuilding User Hierarchy
---------------------------------------------------------------------------------
---------------------------------------------------------------------------------
Finished Rebuilding User Hierarchy : Time (s): cpu = 00:00:22 ; elapsed = 00:00:23 . Memory (MB): peak = 1164.219 ; gain = 498.117
---------------------------------------------------------------------------------
---------------------------------------------------------------------------------
Start Renaming Generated Ports
---------------------------------------------------------------------------------
---------------------------------------------------------------------------------
Finished Renaming Generated Ports : Time (s): cpu = 00:00:22 ; elapsed = 00:00:23 . Memory (MB): peak = 1164.219 ; gain = 498.117
---------------------------------------------------------------------------------
---------------------------------------------------------------------------------
Start Handling Custom Attributes
---------------------------------------------------------------------------------
---------------------------------------------------------------------------------
Finished Handling Custom Attributes : Time (s): cpu = 00:00:22 ; elapsed = 00:00:23 . Memory (MB): peak = 1164.219 ; gain = 498.117
---------------------------------------------------------------------------------
---------------------------------------------------------------------------------
Start Renaming Generated Nets
---------------------------------------------------------------------------------
---------------------------------------------------------------------------------
Finished Renaming Generated Nets : Time (s): cpu = 00:00:22 ; elapsed = 00:00:23 . Memory (MB): peak = 1164.219 ; gain = 498.117
---------------------------------------------------------------------------------
---------------------------------------------------------------------------------
Start Writing Synthesis Report
---------------------------------------------------------------------------------

Report BlackBoxes: 
+------+--------------+----------+
|      |BlackBox name |Instances |
+------+--------------+----------+
|1     |clk_pll       |         1|
|2     |inst_ram      |         1|
|3     |data_ram      |         1|
+------+--------------+----------+

Report Cell Usage: 
+------+---------+------+
|      |Cell     |Count |
+------+---------+------+
|1     |clk_pll  |     1|
|2     |data_ram |     1|
|3     |inst_ram |     1|
|4     |CARRY4   |    35|
|5     |LUT1     |    35|
|6     |LUT2     |    52|
|7     |LUT3     |    64|
|8     |LUT4     |    48|
|9     |LUT5     |    94|
|10    |LUT6     |   206|
|11    |MUXF7    |     4|
|12    |RAM32M   |     4|
|13    |FDRE     |   137|
|14    |FDSE     |    27|
|15    |IBUF     |     7|
|16    |OBUF     |    71|
+------+---------+------+

Report Instance Areas: 
+------+--------------+----------+------+
|      |Instance      |Module    |Cells |
+------+--------------+----------+------+
|1     |top           |          |   850|
|2     |  cpu         |mycpu_top |   421|
|3     |    u_alu     |alu       |     8|
|4     |    u_regfile |regfile   |   364|
|5     |  u_confreg   |confreg   |   253|
+------+--------------+----------+------+
---------------------------------------------------------------------------------
Finished Writing Synthesis Report : Time (s): cpu = 00:00:22 ; elapsed = 00:00:23 . Memory (MB): peak = 1164.219 ; gain = 498.117
---------------------------------------------------------------------------------
Synthesis finished with 0 errors, 29 critical warnings and 88 warnings.
Synthesis Optimization Runtime : Time (s): cpu = 00:00:17 ; elapsed = 00:00:21 . Memory (MB): peak = 1164.219 ; gain = 370.293
Synthesis Optimization Complete : Time (s): cpu = 00:00:22 ; elapsed = 00:00:23 . Memory (MB): peak = 1164.219 ; gain = 498.117
INFO: [Project 1-571] Translating synthesized netlist
Netlist sorting complete. Time (s): cpu = 00:00:00 ; elapsed = 00:00:00.008 . Memory (MB): peak = 1176.078 ; gain = 0.000
INFO: [Netlist 29-17] Analyzing 43 Unisim elements for replacement
INFO: [Netlist 29-28] Unisim Transformation completed in 0 CPU seconds
INFO: [Project 1-570] Preparing netlist for logic optimization
INFO: [Opt 31-138] Pushed 0 inverter(s) to 0 load pin(s).
Netlist sorting complete. Time (s): cpu = 00:00:00 ; elapsed = 00:00:00.001 . Memory (MB): peak = 1176.078 ; gain = 0.000
INFO: [Project 1-111] Unisim Transformation Summary:
  A total of 4 instances were transformed.
  RAM32M => RAM32M (RAMD32(x6), RAMS32(x2)): 4 instances

INFO: [Common 17-83] Releasing license: Synthesis
119 Infos, 145 Warnings, 29 Critical Warnings and 0 Errors encountered.
synth_design completed successfully
synth_design: Time (s): cpu = 00:00:25 ; elapsed = 00:00:27 . Memory (MB): peak = 1176.078 ; gain = 837.539
Netlist sorting complete. Time (s): cpu = 00:00:00 ; elapsed = 00:00:00.001 . Memory (MB): peak = 1176.078 ; gain = 0.000
WARNING: [Constraints 18-5210] No constraints selected for write.
Resolution: This message can indicate that there are no constraints for the design, or it can indicate that the used_in flags are set such that the constraints are ignored. This later case is used when running synth_design to not write synthesis constraints to the resulting checkpoint. Instead, project constraints are read when the synthesized design is opened.
INFO: [Common 17-1381] The checkpoint 'E:/loongson/cdp_ede_local/mycpu_env/soc_verify/soc_dram/run_vivado/project/loongson.runs/synth_1/soc_lite_top.dcp' has been generated.
INFO: [runtcl-4] Executing : report_utilization -file soc_lite_top_utilization_synth.rpt -pb soc_lite_top_utilization_synth.pb
INFO: [Common 17-206] Exiting Vivado at Thu Jul  3 22:46:55 2025...
