
*** Running vivado
    with args -log soc_lite_top.vdi -applog -m64 -product Vivado -messageDb vivado.pb -mode batch -source soc_lite_top.tcl -notrace


****** Vivado v2019.2 (64-bit)
  **** SW Build 2708876 on Wed Nov  6 21:40:23 MST 2019
  **** IP Build 2700528 on Thu Nov  7 00:09:20 MST 2019
    ** Copyright 1986-2019 Xilinx, Inc. All Rights Reserved.

source soc_lite_top.tcl -notrace
Command: link_design -top soc_lite_top -part xc7a200tfbg676-1
Design is defaulting to srcset: sources_1
Design is defaulting to constrset: constrs_1
INFO: [Device 21-403] Loading part xc7a200tfbg676-1
INFO: [Project 1-454] Reading design checkpoint 'e:/loongson/cdp_ede_local/mycpu_env/soc_verify/soc_dram/rtl/xilinx_ip/data_ram/data_ram.dcp' for cell 'data_ram'
INFO: [Project 1-454] Reading design checkpoint 'e:/loongson/cdp_ede_local/mycpu_env/soc_verify/soc_dram/rtl/xilinx_ip/inst_ram/inst_ram.dcp' for cell 'inst_ram'
INFO: [Project 1-454] Reading design checkpoint 'e:/loongson/cdp_ede_local/mycpu_env/soc_verify/soc_dram/rtl/xilinx_ip/clk_pll/clk_pll.dcp' for cell 'pll.clk_pll'
Netlist sorting complete. Time (s): cpu = 00:00:00 ; elapsed = 00:00:00.023 . Memory (MB): peak = 682.789 ; gain = 0.000
INFO: [Netlist 29-17] Analyzing 5068 Unisim elements for replacement
INFO: [Netlist 29-28] Unisim Transformation completed in 1 CPU seconds
WARNING: [Netlist 29-43] Netlist 'soc_lite_top' is not ideal for floorplanning, since the cellview 'inst_ram_spram' defined in file 'inst_ram.edf' contains large number of primitives.  Please consider enabling hierarchy in synthesis if you want to do floorplanning.
INFO: [Project 1-479] Netlist was created with Vivado 2019.2
INFO: [Project 1-570] Preparing netlist for logic optimization
Parsing XDC File [e:/loongson/cdp_ede_local/mycpu_env/soc_verify/soc_dram/rtl/xilinx_ip/clk_pll/clk_pll_board.xdc] for cell 'pll.clk_pll/inst'
Finished Parsing XDC File [e:/loongson/cdp_ede_local/mycpu_env/soc_verify/soc_dram/rtl/xilinx_ip/clk_pll/clk_pll_board.xdc] for cell 'pll.clk_pll/inst'
Parsing XDC File [e:/loongson/cdp_ede_local/mycpu_env/soc_verify/soc_dram/rtl/xilinx_ip/clk_pll/clk_pll.xdc] for cell 'pll.clk_pll/inst'
INFO: [Timing 38-35] Done setting XDC timing constraints. [e:/loongson/cdp_ede_local/mycpu_env/soc_verify/soc_dram/rtl/xilinx_ip/clk_pll/clk_pll.xdc:57]
INFO: [Timing 38-2] Deriving generated clocks [e:/loongson/cdp_ede_local/mycpu_env/soc_verify/soc_dram/rtl/xilinx_ip/clk_pll/clk_pll.xdc:57]
get_clocks: Time (s): cpu = 00:00:06 ; elapsed = 00:00:07 . Memory (MB): peak = 1510.363 ; gain = 646.684
Finished Parsing XDC File [e:/loongson/cdp_ede_local/mycpu_env/soc_verify/soc_dram/rtl/xilinx_ip/clk_pll/clk_pll.xdc] for cell 'pll.clk_pll/inst'
Parsing XDC File [E:/loongson/cdp_ede_local/mycpu_env/soc_verify/soc_dram/run_vivado/constraints/soc_lite_top.xdc]
WARNING: [Constraints 18-619] A clock with name 'clk' already exists, overwriting the previous clock with the same name. [E:/loongson/cdp_ede_local/mycpu_env/soc_verify/soc_dram/run_vivado/constraints/soc_lite_top.xdc:5]
Finished Parsing XDC File [E:/loongson/cdp_ede_local/mycpu_env/soc_verify/soc_dram/run_vivado/constraints/soc_lite_top.xdc]
INFO: [Opt 31-138] Pushed 0 inverter(s) to 0 load pin(s).
Netlist sorting complete. Time (s): cpu = 00:00:00 ; elapsed = 00:00:00.014 . Memory (MB): peak = 1519.094 ; gain = 0.000
INFO: [Project 1-111] Unisim Transformation Summary:
  A total of 4228 instances were transformed.
  RAM256X1S => RAM256X1S (MUXF7(x2), MUXF8, RAMS64E(x4)): 4224 instances
  RAM32M => RAM32M (RAMD32(x6), RAMS32(x2)): 4 instances

12 Infos, 2 Warnings, 0 Critical Warnings and 0 Errors encountered.
link_design completed successfully
link_design: Time (s): cpu = 00:00:14 ; elapsed = 00:00:14 . Memory (MB): peak = 1519.094 ; gain = 1180.227
Command: opt_design
Attempting to get a license for feature 'Implementation' and/or device 'xc7a200t'
INFO: [Common 17-349] Got license for feature 'Implementation' and/or device 'xc7a200t'
Running DRC as a precondition to command opt_design

Starting DRC Task
INFO: [DRC 23-27] Running DRC with 2 threads
INFO: [Project 1-461] DRC finished with 0 Errors
INFO: [Project 1-462] Please refer to the DRC report (report_drc) for more information.

Time (s): cpu = 00:00:00 ; elapsed = 00:00:00.362 . Memory (MB): peak = 1519.094 ; gain = 0.000

Starting Cache Timing Information Task
INFO: [Timing 38-35] Done setting XDC timing constraints.
Ending Cache Timing Information Task | Checksum: 15c0d3e83

Time (s): cpu = 00:00:02 ; elapsed = 00:00:00.836 . Memory (MB): peak = 1526.051 ; gain = 6.957

Starting Logic Optimization Task

Phase 1 Retarget
INFO: [Opt 31-138] Pushed 0 inverter(s) to 0 load pin(s).
INFO: [Opt 31-49] Retargeted 0 cell(s).
Phase 1 Retarget | Checksum: c4cccefc

Time (s): cpu = 00:00:02 ; elapsed = 00:00:01 . Memory (MB): peak = 1715.484 ; gain = 0.000
INFO: [Opt 31-389] Phase Retarget created 0 cells and removed 29 cells
INFO: [Opt 31-1021] In phase Retarget, 1 netlist objects are constrained preventing optimization. Please run opt_design with -debug_log to get more detail. 

Phase 2 Constant propagation
INFO: [Opt 31-138] Pushed 0 inverter(s) to 0 load pin(s).
Phase 2 Constant propagation | Checksum: 18d7865de

Time (s): cpu = 00:00:02 ; elapsed = 00:00:02 . Memory (MB): peak = 1715.484 ; gain = 0.000
INFO: [Opt 31-389] Phase Constant propagation created 0 cells and removed 144 cells

Phase 3 Sweep
Phase 3 Sweep | Checksum: 171c7ab55

Time (s): cpu = 00:00:02 ; elapsed = 00:00:02 . Memory (MB): peak = 1715.484 ; gain = 0.000
INFO: [Opt 31-389] Phase Sweep created 36 cells and removed 233 cells

Phase 4 BUFG optimization
INFO: [Opt 31-1112] Starts optimizing BUFG(s) with a common MMCM/DPLL/XPLL driver.
INFO: [Opt 31-1112] Starts optimizing BUFG(s) with a common driver.
INFO: [Opt 31-1092] Phase BUFG optimization transformed 0 BUFG(s) to MBUFG(s).
Phase 4 BUFG optimization | Checksum: 171c7ab55

Time (s): cpu = 00:00:03 ; elapsed = 00:00:03 . Memory (MB): peak = 1715.484 ; gain = 0.000
INFO: [Opt 31-662] Phase BUFG optimization created 0 cells of which 0 are BUFGs and removed 0 cells.

Phase 5 Shift Register Optimization
INFO: [Opt 31-1064] SRL Remap converted 0 SRLs to 0 registers and converted 0 registers of register chains to 0 SRLs
Phase 5 Shift Register Optimization | Checksum: 171c7ab55

Time (s): cpu = 00:00:03 ; elapsed = 00:00:03 . Memory (MB): peak = 1715.484 ; gain = 0.000
INFO: [Opt 31-389] Phase Shift Register Optimization created 0 cells and removed 0 cells

Phase 6 Post Processing Netlist
Phase 6 Post Processing Netlist | Checksum: 1302f7228

Time (s): cpu = 00:00:03 ; elapsed = 00:00:03 . Memory (MB): peak = 1715.484 ; gain = 0.000
INFO: [Opt 31-389] Phase Post Processing Netlist created 0 cells and removed 0 cells
Opt_design Change Summary
=========================


-------------------------------------------------------------------------------------------------------------------------
|  Phase                        |  #Cells created  |  #Cells Removed  |  #Constrained objects preventing optimizations  |
-------------------------------------------------------------------------------------------------------------------------
|  Retarget                     |               0  |              29  |                                              1  |
|  Constant propagation         |               0  |             144  |                                              0  |
|  Sweep                        |              36  |             233  |                                              0  |
|  BUFG optimization            |               0  |               0  |                                              0  |
|  Shift Register Optimization  |               0  |               0  |                                              0  |
|  Post Processing Netlist      |               0  |               0  |                                              0  |
-------------------------------------------------------------------------------------------------------------------------



Starting Connectivity Check Task

Time (s): cpu = 00:00:00 ; elapsed = 00:00:00.006 . Memory (MB): peak = 1715.484 ; gain = 0.000
Ending Logic Optimization Task | Checksum: dd4b62e7

Time (s): cpu = 00:00:04 ; elapsed = 00:00:03 . Memory (MB): peak = 1715.484 ; gain = 0.000

Starting Power Optimization Task
INFO: [Pwropt 34-132] Skipping clock gating for clocks with a period < 2.00 ns.
Ending Power Optimization Task | Checksum: dd4b62e7

Time (s): cpu = 00:00:00 ; elapsed = 00:00:00.028 . Memory (MB): peak = 1715.484 ; gain = 0.000

Starting Final Cleanup Task
Ending Final Cleanup Task | Checksum: dd4b62e7

Time (s): cpu = 00:00:00 ; elapsed = 00:00:00 . Memory (MB): peak = 1715.484 ; gain = 0.000

Starting Netlist Obfuscation Task
Netlist sorting complete. Time (s): cpu = 00:00:00 ; elapsed = 00:00:00.014 . Memory (MB): peak = 1715.484 ; gain = 0.000
Ending Netlist Obfuscation Task | Checksum: dd4b62e7

Time (s): cpu = 00:00:00 ; elapsed = 00:00:00.014 . Memory (MB): peak = 1715.484 ; gain = 0.000
INFO: [Common 17-83] Releasing license: Implementation
33 Infos, 2 Warnings, 0 Critical Warnings and 0 Errors encountered.
opt_design completed successfully
opt_design: Time (s): cpu = 00:00:07 ; elapsed = 00:00:06 . Memory (MB): peak = 1715.484 ; gain = 196.391
Netlist sorting complete. Time (s): cpu = 00:00:00 ; elapsed = 00:00:00.012 . Memory (MB): peak = 1715.484 ; gain = 0.000
INFO: [Timing 38-480] Writing timing data to binary archive.
Writing placer database...
Writing XDEF routing.
Writing XDEF routing logical nets.
Writing XDEF routing special nets.
Write XDEF Complete: Time (s): cpu = 00:00:00 ; elapsed = 00:00:00.027 . Memory (MB): peak = 1715.484 ; gain = 0.000
INFO: [Common 17-1381] The checkpoint 'E:/loongson/cdp_ede_local/mycpu_env/soc_verify/soc_dram/run_vivado/project/loongson.runs/impl_1/soc_lite_top_opt.dcp' has been generated.
INFO: [runtcl-4] Executing : report_drc -file soc_lite_top_drc_opted.rpt -pb soc_lite_top_drc_opted.pb -rpx soc_lite_top_drc_opted.rpx
Command: report_drc -file soc_lite_top_drc_opted.rpt -pb soc_lite_top_drc_opted.pb -rpx soc_lite_top_drc_opted.rpx
INFO: [IP_Flow 19-1839] IP Catalog is up to date.
INFO: [DRC 23-27] Running DRC with 2 threads
INFO: [Coretcl 2-168] The results of DRC are in file E:/loongson/cdp_ede_local/mycpu_env/soc_verify/soc_dram/run_vivado/project/loongson.runs/impl_1/soc_lite_top_drc_opted.rpt.
report_drc completed successfully
Command: place_design
Attempting to get a license for feature 'Implementation' and/or device 'xc7a200t'
INFO: [Common 17-349] Got license for feature 'Implementation' and/or device 'xc7a200t'
INFO: [DRC 23-27] Running DRC with 2 threads
INFO: [Vivado_Tcl 4-198] DRC finished with 0 Errors
INFO: [Vivado_Tcl 4-199] Please refer to the DRC report (report_drc) for more information.
Running DRC as a precondition to command place_design
INFO: [DRC 23-27] Running DRC with 2 threads
CRITICAL WARNING: [DRC LUTLP-1] Combinatorial Loop Alert: 2 LUT cells form a combinatorial loop. This can create a race condition. Timing analysis may not be accurate. The preferred resolution is to modify the design to remove combinatorial logic loops. If the loop is known and understood, this DRC can be bypassed by acknowledging the condition and setting the following XDC constraint on any one of the nets in the loop: 'set_property ALLOW_COMBINATORIAL_LOOPS TRUE [get_nets <myHier/myNet>]'. One net in the loop is cpu/u_regfile/cpu_data_addr[3]. Please evaluate your design. The cells in the loop are: cpu/u_regfile/data_ram_i_12, and cpu/u_regfile/data_ram_i_33.
CRITICAL WARNING: [DRC LUTLP-1] Combinatorial Loop Alert: 2 LUT cells form a combinatorial loop. This can create a race condition. Timing analysis may not be accurate. The preferred resolution is to modify the design to remove combinatorial logic loops. If the loop is known and understood, this DRC can be bypassed by acknowledging the condition and setting the following XDC constraint on any one of the nets in the loop: 'set_property ALLOW_COMBINATORIAL_LOOPS TRUE [get_nets <myHier/myNet>]'. One net in the loop is cpu/u_regfile/data_ram_i_15_n_0. Please evaluate your design. The cells in the loop are: cpu/u_regfile/data_ram_i_2, and cpu/u_regfile/data_ram_i_15.
CRITICAL WARNING: [DRC LUTLP-1] Combinatorial Loop Alert: 2 LUT cells form a combinatorial loop. This can create a race condition. Timing analysis may not be accurate. The preferred resolution is to modify the design to remove combinatorial logic loops. If the loop is known and understood, this DRC can be bypassed by acknowledging the condition and setting the following XDC constraint on any one of the nets in the loop: 'set_property ALLOW_COMBINATORIAL_LOOPS TRUE [get_nets <myHier/myNet>]'. One net in the loop is cpu/u_regfile/data_ram_i_17_n_0. Please evaluate your design. The cells in the loop are: cpu/u_regfile/data_ram_i_3, and cpu/u_regfile/data_ram_i_17.
CRITICAL WARNING: [DRC LUTLP-1] Combinatorial Loop Alert: 2 LUT cells form a combinatorial loop. This can create a race condition. Timing analysis may not be accurate. The preferred resolution is to modify the design to remove combinatorial logic loops. If the loop is known and understood, this DRC can be bypassed by acknowledging the condition and setting the following XDC constraint on any one of the nets in the loop: 'set_property ALLOW_COMBINATORIAL_LOOPS TRUE [get_nets <myHier/myNet>]'. One net in the loop is cpu/u_regfile/data_ram_i_32_0. Please evaluate your design. The cells in the loop are: cpu/u_regfile/data_ram_i_10, and cpu/u_regfile/data_ram_i_32.
CRITICAL WARNING: [DRC LUTLP-1] Combinatorial Loop Alert: 2 LUT cells form a combinatorial loop. This can create a race condition. Timing analysis may not be accurate. The preferred resolution is to modify the design to remove combinatorial logic loops. If the loop is known and understood, this DRC can be bypassed by acknowledging the condition and setting the following XDC constraint on any one of the nets in the loop: 'set_property ALLOW_COMBINATORIAL_LOOPS TRUE [get_nets <myHier/myNet>]'. One net in the loop is cpu/u_regfile/led_data[15]_i_10_n_0. Please evaluate your design. The cells in the loop are: cpu/u_regfile/led_data[15]_i_8, and cpu/u_regfile/led_data[15]_i_10.
CRITICAL WARNING: [DRC LUTLP-1] Combinatorial Loop Alert: 2 LUT cells form a combinatorial loop. This can create a race condition. Timing analysis may not be accurate. The preferred resolution is to modify the design to remove combinatorial logic loops. If the loop is known and understood, this DRC can be bypassed by acknowledging the condition and setting the following XDC constraint on any one of the nets in the loop: 'set_property ALLOW_COMBINATORIAL_LOOPS TRUE [get_nets <myHier/myNet>]'. One net in the loop is cpu/u_regfile/led_data[15]_i_14_n_0. Please evaluate your design. The cells in the loop are: cpu/u_regfile/led_data[15]_i_9, and cpu/u_regfile/led_data[15]_i_14.
CRITICAL WARNING: [DRC LUTLP-1] Combinatorial Loop Alert: 2 LUT cells form a combinatorial loop. This can create a race condition. Timing analysis may not be accurate. The preferred resolution is to modify the design to remove combinatorial logic loops. If the loop is known and understood, this DRC can be bypassed by acknowledging the condition and setting the following XDC constraint on any one of the nets in the loop: 'set_property ALLOW_COMBINATORIAL_LOOPS TRUE [get_nets <myHier/myNet>]'. One net in the loop is cpu/u_regfile/led_rg0_data[1]_i_4_n_0. Please evaluate your design. The cells in the loop are: cpu/u_regfile/led_rg0_data[1]_i_4, and cpu/u_regfile/led_rg0_data[1]_i_6.
CRITICAL WARNING: [DRC LUTLP-1] Combinatorial Loop Alert: 2 LUT cells form a combinatorial loop. This can create a race condition. Timing analysis may not be accurate. The preferred resolution is to modify the design to remove combinatorial logic loops. If the loop is known and understood, this DRC can be bypassed by acknowledging the condition and setting the following XDC constraint on any one of the nets in the loop: 'set_property ALLOW_COMBINATORIAL_LOOPS TRUE [get_nets <myHier/myNet>]'. One net in the loop is cpu/u_regfile/rf_reg_r1_0_31_0_5_i_103_n_0. Please evaluate your design. The cells in the loop are: cpu/u_regfile/rf_reg_r1_0_31_0_5_i_43, and cpu/u_regfile/rf_reg_r1_0_31_0_5_i_103.
CRITICAL WARNING: [DRC LUTLP-1] Combinatorial Loop Alert: 2 LUT cells form a combinatorial loop. This can create a race condition. Timing analysis may not be accurate. The preferred resolution is to modify the design to remove combinatorial logic loops. If the loop is known and understood, this DRC can be bypassed by acknowledging the condition and setting the following XDC constraint on any one of the nets in the loop: 'set_property ALLOW_COMBINATORIAL_LOOPS TRUE [get_nets <myHier/myNet>]'. One net in the loop is cpu/u_regfile/rf_reg_r1_0_31_0_5_i_104_n_0. Please evaluate your design. The cells in the loop are: cpu/u_regfile/rf_reg_r1_0_31_0_5_i_44, and cpu/u_regfile/rf_reg_r1_0_31_0_5_i_104.
CRITICAL WARNING: [DRC LUTLP-1] Combinatorial Loop Alert: 2 LUT cells form a combinatorial loop. This can create a race condition. Timing analysis may not be accurate. The preferred resolution is to modify the design to remove combinatorial logic loops. If the loop is known and understood, this DRC can be bypassed by acknowledging the condition and setting the following XDC constraint on any one of the nets in the loop: 'set_property ALLOW_COMBINATORIAL_LOOPS TRUE [get_nets <myHier/myNet>]'. One net in the loop is cpu/u_regfile/rf_reg_r1_0_31_0_5_i_107_n_0. Please evaluate your design. The cells in the loop are: cpu/u_regfile/rf_reg_r1_0_31_0_5_i_45, and cpu/u_regfile/rf_reg_r1_0_31_0_5_i_107.
CRITICAL WARNING: [DRC LUTLP-1] Combinatorial Loop Alert: 2 LUT cells form a combinatorial loop. This can create a race condition. Timing analysis may not be accurate. The preferred resolution is to modify the design to remove combinatorial logic loops. If the loop is known and understood, this DRC can be bypassed by acknowledging the condition and setting the following XDC constraint on any one of the nets in the loop: 'set_property ALLOW_COMBINATORIAL_LOOPS TRUE [get_nets <myHier/myNet>]'. One net in the loop is cpu/u_regfile/rf_reg_r1_0_31_0_5_i_109_n_0. Please evaluate your design. The cells in the loop are: cpu/u_regfile/rf_reg_r1_0_31_0_5_i_46, and cpu/u_regfile/rf_reg_r1_0_31_0_5_i_109.
CRITICAL WARNING: [DRC LUTLP-1] Combinatorial Loop Alert: 2 LUT cells form a combinatorial loop. This can create a race condition. Timing analysis may not be accurate. The preferred resolution is to modify the design to remove combinatorial logic loops. If the loop is known and understood, this DRC can be bypassed by acknowledging the condition and setting the following XDC constraint on any one of the nets in the loop: 'set_property ALLOW_COMBINATORIAL_LOOPS TRUE [get_nets <myHier/myNet>]'. One net in the loop is cpu/u_regfile/rf_reg_r1_0_31_0_5_i_12_n_0. Please evaluate your design. The cells in the loop are: cpu/u_regfile/rf_reg_r1_0_31_0_5_i_12, and cpu/u_regfile/rf_reg_r1_0_31_0_5_i_28.
CRITICAL WARNING: [DRC LUTLP-1] Combinatorial Loop Alert: 2 LUT cells form a combinatorial loop. This can create a race condition. Timing analysis may not be accurate. The preferred resolution is to modify the design to remove combinatorial logic loops. If the loop is known and understood, this DRC can be bypassed by acknowledging the condition and setting the following XDC constraint on any one of the nets in the loop: 'set_property ALLOW_COMBINATORIAL_LOOPS TRUE [get_nets <myHier/myNet>]'. One net in the loop is cpu/u_regfile/rf_reg_r1_0_31_0_5_i_16_n_0. Please evaluate your design. The cells in the loop are: cpu/u_regfile/rf_reg_r1_0_31_0_5_i_16, and cpu/u_regfile/rf_reg_r1_0_31_0_5_i_34.
CRITICAL WARNING: [DRC LUTLP-1] Combinatorial Loop Alert: 2 LUT cells form a combinatorial loop. This can create a race condition. Timing analysis may not be accurate. The preferred resolution is to modify the design to remove combinatorial logic loops. If the loop is known and understood, this DRC can be bypassed by acknowledging the condition and setting the following XDC constraint on any one of the nets in the loop: 'set_property ALLOW_COMBINATORIAL_LOOPS TRUE [get_nets <myHier/myNet>]'. One net in the loop is cpu/u_regfile/rf_reg_r1_0_31_0_5_i_19_n_0. Please evaluate your design. The cells in the loop are: cpu/u_regfile/rf_reg_r1_0_31_0_5_i_19, and cpu/u_regfile/rf_reg_r1_0_31_0_5_i_47.
CRITICAL WARNING: [DRC LUTLP-1] Combinatorial Loop Alert: 2 LUT cells form a combinatorial loop. This can create a race condition. Timing analysis may not be accurate. The preferred resolution is to modify the design to remove combinatorial logic loops. If the loop is known and understood, this DRC can be bypassed by acknowledging the condition and setting the following XDC constraint on any one of the nets in the loop: 'set_property ALLOW_COMBINATORIAL_LOOPS TRUE [get_nets <myHier/myNet>]'. One net in the loop is cpu/u_regfile/rf_reg_r1_0_31_0_5_i_20_n_0. Please evaluate your design. The cells in the loop are: cpu/u_regfile/rf_reg_r1_0_31_0_5_i_20, and cpu/u_regfile/rf_reg_r1_0_31_0_5_i_51.
CRITICAL WARNING: [DRC LUTLP-1] Combinatorial Loop Alert: 2 LUT cells form a combinatorial loop. This can create a race condition. Timing analysis may not be accurate. The preferred resolution is to modify the design to remove combinatorial logic loops. If the loop is known and understood, this DRC can be bypassed by acknowledging the condition and setting the following XDC constraint on any one of the nets in the loop: 'set_property ALLOW_COMBINATORIAL_LOOPS TRUE [get_nets <myHier/myNet>]'. One net in the loop is cpu/u_regfile/rf_reg_r1_0_31_0_5_i_21_n_0. Please evaluate your design. The cells in the loop are: cpu/u_regfile/rf_reg_r1_0_31_0_5_i_21, and cpu/u_regfile/rf_reg_r1_0_31_0_5_i_55.
CRITICAL WARNING: [DRC LUTLP-1] Combinatorial Loop Alert: 2 LUT cells form a combinatorial loop. This can create a race condition. Timing analysis may not be accurate. The preferred resolution is to modify the design to remove combinatorial logic loops. If the loop is known and understood, this DRC can be bypassed by acknowledging the condition and setting the following XDC constraint on any one of the nets in the loop: 'set_property ALLOW_COMBINATORIAL_LOOPS TRUE [get_nets <myHier/myNet>]'. One net in the loop is cpu/u_regfile/rf_reg_r1_0_31_0_5_i_37_n_0. Please evaluate your design. The cells in the loop are: cpu/u_regfile/rf_reg_r1_0_31_0_5_i_37, and cpu/u_regfile/rf_reg_r1_0_31_0_5_i_81.
CRITICAL WARNING: [DRC LUTLP-1] Combinatorial Loop Alert: 2 LUT cells form a combinatorial loop. This can create a race condition. Timing analysis may not be accurate. The preferred resolution is to modify the design to remove combinatorial logic loops. If the loop is known and understood, this DRC can be bypassed by acknowledging the condition and setting the following XDC constraint on any one of the nets in the loop: 'set_property ALLOW_COMBINATORIAL_LOOPS TRUE [get_nets <myHier/myNet>]'. One net in the loop is cpu/u_regfile/rf_reg_r1_0_31_0_5_i_39_n_0. Please evaluate your design. The cells in the loop are: cpu/u_regfile/rf_reg_r1_0_31_0_5_i_39, and cpu/u_regfile/rf_reg_r1_0_31_0_5_i_87.
CRITICAL WARNING: [DRC LUTLP-1] Combinatorial Loop Alert: 2 LUT cells form a combinatorial loop. This can create a race condition. Timing analysis may not be accurate. The preferred resolution is to modify the design to remove combinatorial logic loops. If the loop is known and understood, this DRC can be bypassed by acknowledging the condition and setting the following XDC constraint on any one of the nets in the loop: 'set_property ALLOW_COMBINATORIAL_LOOPS TRUE [get_nets <myHier/myNet>]'. One net in the loop is cpu/u_regfile/rf_reg_r1_0_31_0_5_i_40_n_0. Please evaluate your design. The cells in the loop are: cpu/u_regfile/rf_reg_r1_0_31_0_5_i_40, and cpu/u_regfile/rf_reg_r1_0_31_0_5_i_91.
CRITICAL WARNING: [DRC LUTLP-1] Combinatorial Loop Alert: 2 LUT cells form a combinatorial loop. This can create a race condition. Timing analysis may not be accurate. The preferred resolution is to modify the design to remove combinatorial logic loops. If the loop is known and understood, this DRC can be bypassed by acknowledging the condition and setting the following XDC constraint on any one of the nets in the loop: 'set_property ALLOW_COMBINATORIAL_LOOPS TRUE [get_nets <myHier/myNet>]'. One net in the loop is cpu/u_regfile/rf_reg_r1_0_31_0_5_i_41_n_0. Please evaluate your design. The cells in the loop are: cpu/u_regfile/rf_reg_r1_0_31_0_5_i_41, and cpu/u_regfile/rf_reg_r1_0_31_0_5_i_95.
CRITICAL WARNING: [DRC LUTLP-1] Combinatorial Loop Alert: 2 LUT cells form a combinatorial loop. This can create a race condition. Timing analysis may not be accurate. The preferred resolution is to modify the design to remove combinatorial logic loops. If the loop is known and understood, this DRC can be bypassed by acknowledging the condition and setting the following XDC constraint on any one of the nets in the loop: 'set_property ALLOW_COMBINATORIAL_LOOPS TRUE [get_nets <myHier/myNet>]'. One net in the loop is cpu/u_regfile/rf_reg_r1_0_31_0_5_i_42_n_0. Please evaluate your design. The cells in the loop are: cpu/u_regfile/rf_reg_r1_0_31_0_5_i_42, and cpu/u_regfile/rf_reg_r1_0_31_0_5_i_99.
CRITICAL WARNING: [DRC LUTLP-1] Combinatorial Loop Alert: 3 LUT cells form a combinatorial loop. This can create a race condition. Timing analysis may not be accurate. The preferred resolution is to modify the design to remove combinatorial logic loops. If the loop is known and understood, this DRC can be bypassed by acknowledging the condition and setting the following XDC constraint on any one of the nets in the loop: 'set_property ALLOW_COMBINATORIAL_LOOPS TRUE [get_nets <myHier/myNet>]'. One net in the loop is cpu/u_regfile/cpu_data_addr[2]. Please evaluate your design. The cells in the loop are: cpu/u_regfile/data_ram_i_20, cpu/u_regfile/data_ram_i_55, and cpu/u_regfile/data_ram_i_92.
CRITICAL WARNING: [DRC LUTLP-1] Combinatorial Loop Alert: 3 LUT cells form a combinatorial loop. This can create a race condition. Timing analysis may not be accurate. The preferred resolution is to modify the design to remove combinatorial logic loops. If the loop is known and understood, this DRC can be bypassed by acknowledging the condition and setting the following XDC constraint on any one of the nets in the loop: 'set_property ALLOW_COMBINATORIAL_LOOPS TRUE [get_nets <myHier/myNet>]'. One net in the loop is cpu/u_regfile/data_ram_i_25_n_0. Please evaluate your design. The cells in the loop are: cpu/u_regfile/data_ram_i_5, cpu/u_regfile/data_ram_i_25, and cpu/u_regfile/data_ram_i_70.
CRITICAL WARNING: [DRC LUTLP-1] Combinatorial Loop Alert: 3 LUT cells form a combinatorial loop. This can create a race condition. Timing analysis may not be accurate. The preferred resolution is to modify the design to remove combinatorial logic loops. If the loop is known and understood, this DRC can be bypassed by acknowledging the condition and setting the following XDC constraint on any one of the nets in the loop: 'set_property ALLOW_COMBINATORIAL_LOOPS TRUE [get_nets <myHier/myNet>]'. One net in the loop is cpu/u_regfile/data_ram_i_27_n_0. Please evaluate your design. The cells in the loop are: cpu/u_regfile/data_ram_i_6, cpu/u_regfile/data_ram_i_27, and cpu/u_regfile/data_ram_i_75.
CRITICAL WARNING: [DRC LUTLP-1] Combinatorial Loop Alert: 3 LUT cells form a combinatorial loop. This can create a race condition. Timing analysis may not be accurate. The preferred resolution is to modify the design to remove combinatorial logic loops. If the loop is known and understood, this DRC can be bypassed by acknowledging the condition and setting the following XDC constraint on any one of the nets in the loop: 'set_property ALLOW_COMBINATORIAL_LOOPS TRUE [get_nets <myHier/myNet>]'. One net in the loop is cpu/u_regfile/data_ram_i_30_n_0. Please evaluate your design. The cells in the loop are: cpu/u_regfile/data_ram_i_9, cpu/u_regfile/data_ram_i_30, and cpu/u_regfile/data_ram_i_80.
CRITICAL WARNING: [DRC LUTLP-1] Combinatorial Loop Alert: 3 LUT cells form a combinatorial loop. This can create a race condition. Timing analysis may not be accurate. The preferred resolution is to modify the design to remove combinatorial logic loops. If the loop is known and understood, this DRC can be bypassed by acknowledging the condition and setting the following XDC constraint on any one of the nets in the loop: 'set_property ALLOW_COMBINATORIAL_LOOPS TRUE [get_nets <myHier/myNet>]'. One net in the loop is cpu/u_regfile/led_rg1_data[1]_i_11_n_0. Please evaluate your design. The cells in the loop are: cpu/u_regfile/led_rg1_data[1]_i_2, cpu/u_regfile/led_rg1_data[1]_i_7, and cpu/u_regfile/led_rg1_data[1]_i_11.
CRITICAL WARNING: [DRC LUTLP-1] Combinatorial Loop Alert: 3 LUT cells form a combinatorial loop. This can create a race condition. Timing analysis may not be accurate. The preferred resolution is to modify the design to remove combinatorial logic loops. If the loop is known and understood, this DRC can be bypassed by acknowledging the condition and setting the following XDC constraint on any one of the nets in the loop: 'set_property ALLOW_COMBINATORIAL_LOOPS TRUE [get_nets <myHier/myNet>]'. One net in the loop is cpu/u_regfile/led_rg1_data[1]_i_14_n_0. Please evaluate your design. The cells in the loop are: cpu/u_regfile/led_rg1_data[1]_i_3, cpu/u_regfile/led_rg1_data[1]_i_8, and cpu/u_regfile/led_rg1_data[1]_i_14.
CRITICAL WARNING: [DRC LUTLP-1] Combinatorial Loop Alert: 3 LUT cells form a combinatorial loop. This can create a race condition. Timing analysis may not be accurate. The preferred resolution is to modify the design to remove combinatorial logic loops. If the loop is known and understood, this DRC can be bypassed by acknowledging the condition and setting the following XDC constraint on any one of the nets in the loop: 'set_property ALLOW_COMBINATORIAL_LOOPS TRUE [get_nets <myHier/myNet>]'. One net in the loop is cpu/u_regfile/rf_reg_r1_0_31_0_5_i_138_n_0. Please evaluate your design. The cells in the loop are: cpu/u_regfile/rf_reg_r1_0_31_0_5_i_38, cpu/u_regfile/rf_reg_r1_0_31_0_5_i_86, and cpu/u_regfile/rf_reg_r1_0_31_0_5_i_138.
CRITICAL WARNING: [DRC LUTLP-1] Combinatorial Loop Alert: 3 LUT cells form a combinatorial loop. This can create a race condition. Timing analysis may not be accurate. The preferred resolution is to modify the design to remove combinatorial logic loops. If the loop is known and understood, this DRC can be bypassed by acknowledging the condition and setting the following XDC constraint on any one of the nets in the loop: 'set_property ALLOW_COMBINATORIAL_LOOPS TRUE [get_nets <myHier/myNet>]'. One net in the loop is cpu/u_regfile/rf_reg_r1_0_31_0_5_i_15_n_0. Please evaluate your design. The cells in the loop are: cpu/u_regfile/rf_reg_r1_0_31_0_5_i_15, cpu/u_regfile/rf_reg_r1_0_31_0_5_i_33, and cpu/u_regfile/rf_reg_r1_0_31_0_5_i_78.
INFO: [Vivado_Tcl 4-198] DRC finished with 0 Errors, 29 Critical Warnings
INFO: [Vivado_Tcl 4-199] Please refer to the DRC report (report_drc) for more information.

Starting Placer Task
INFO: [Place 30-611] Multithreading enabled for place_design using a maximum of 2 CPUs

Phase 1 Placer Initialization

Phase 1.1 Placer Initialization Netlist Sorting
Netlist sorting complete. Time (s): cpu = 00:00:00 ; elapsed = 00:00:00.013 . Memory (MB): peak = 1715.484 ; gain = 0.000
Phase 1.1 Placer Initialization Netlist Sorting | Checksum: 8fbe360c

Time (s): cpu = 00:00:00 ; elapsed = 00:00:00.024 . Memory (MB): peak = 1715.484 ; gain = 0.000
Netlist sorting complete. Time (s): cpu = 00:00:00 ; elapsed = 00:00:00.012 . Memory (MB): peak = 1715.484 ; gain = 0.000

Phase 1.2 IO Placement/ Clock Placement/ Build Placer Device
INFO: [Timing 38-35] Done setting XDC timing constraints.
Phase 1.2 IO Placement/ Clock Placement/ Build Placer Device | Checksum: 4c33093b

Time (s): cpu = 00:00:02 ; elapsed = 00:00:02 . Memory (MB): peak = 1715.484 ; gain = 0.000

Phase 1.3 Build Placer Netlist Model
Phase 1.3 Build Placer Netlist Model | Checksum: 6b684098

Time (s): cpu = 00:00:11 ; elapsed = 00:00:09 . Memory (MB): peak = 1997.090 ; gain = 281.605

Phase 1.4 Constrain Clocks/Macros
Phase 1.4 Constrain Clocks/Macros | Checksum: 6b684098

Time (s): cpu = 00:00:11 ; elapsed = 00:00:09 . Memory (MB): peak = 1997.090 ; gain = 281.605
Phase 1 Placer Initialization | Checksum: 6b684098

Time (s): cpu = 00:00:11 ; elapsed = 00:00:09 . Memory (MB): peak = 1997.090 ; gain = 281.605

Phase 2 Global Placement

Phase 2.1 Floorplanning
Phase 2.1 Floorplanning | Checksum: d658cce0

Time (s): cpu = 00:00:13 ; elapsed = 00:00:11 . Memory (MB): peak = 1997.090 ; gain = 281.605

Phase 2.2 Global Placement Core

Phase 2.2.1 Physical Synthesis In Placer
INFO: [Physopt 32-1018] Found 9 candidate LUT instances to create LUTNM shape
INFO: [Physopt 32-775] End 1 Pass. Optimized 46 nets or cells. Created 43 new cells, deleted 3 existing cells and moved 0 existing cell
INFO: [Physopt 32-76] Pass 1. Identified 10 candidate nets for fanout optimization.
INFO: [Physopt 32-81] Processed net cpu/Q[0]. Replicated 19 times.
INFO: [Physopt 32-81] Processed net cpu/Q[1]. Replicated 20 times.
INFO: [Physopt 32-81] Processed net cpu/Q[2]. Replicated 20 times.
INFO: [Physopt 32-81] Processed net cpu/Q[3]. Replicated 19 times.
INFO: [Physopt 32-81] Processed net cpu/Q[7]. Replicated 15 times.
INFO: [Physopt 32-81] Processed net cpu/Q[6]. Replicated 11 times.
INFO: [Physopt 32-81] Processed net cpu/Q[5]. Replicated 20 times.
INFO: [Physopt 32-81] Processed net cpu/Q[4]. Replicated 19 times.
INFO: [Physopt 32-81] Processed net cpu/Q[8]. Replicated 7 times.
INFO: [Physopt 32-81] Processed net cpu/Q[9]. Replicated 7 times.
INFO: [Physopt 32-232] Optimized 10 nets. Created 157 new instances.
INFO: [Physopt 32-775] End 1 Pass. Optimized 10 nets or cells. Created 157 new cells, deleted 0 existing cell and moved 0 existing cell
Netlist sorting complete. Time (s): cpu = 00:00:00 ; elapsed = 00:00:00.050 . Memory (MB): peak = 1997.090 ; gain = 0.000
INFO: [Physopt 32-456] No candidate cells for DSP register optimization found in the design.
INFO: [Physopt 32-775] End 2 Pass. Optimized 0 net or cell. Created 0 new cell, deleted 0 existing cell and moved 0 existing cell
INFO: [Physopt 32-775] End 1 Pass. Optimized 0 net or cell. Created 0 new cell, deleted 0 existing cell and moved 0 existing cell
INFO: [Physopt 32-677] No candidate cells for Shift Register optimization found in the design
INFO: [Physopt 32-775] End 1 Pass. Optimized 0 net or cell. Created 0 new cell, deleted 0 existing cell and moved 0 existing cell
INFO: [Physopt 32-526] No candidate cells for BRAM register optimization found in the design
INFO: [Physopt 32-775] End 1 Pass. Optimized 0 net or cell. Created 0 new cell, deleted 0 existing cell and moved 0 existing cell
INFO: [Physopt 32-949] No candidate nets found for HD net replication
INFO: [Physopt 32-775] End 1 Pass. Optimized 0 net or cell. Created 0 new cell, deleted 0 existing cell and moved 0 existing cell
Netlist sorting complete. Time (s): cpu = 00:00:00 ; elapsed = 00:00:00.014 . Memory (MB): peak = 1997.090 ; gain = 0.000
INFO: [Physopt 32-117] Net cpu/nextpc[2] could not be optimized because driver cpu/pc[2]_i_1 could not be replicated
INFO: [Physopt 32-117] Net cpu/nextpc[3] could not be optimized because driver cpu/pc[3]_i_1 could not be replicated
INFO: [Physopt 32-117] Net cpu/nextpc[4] could not be optimized because driver cpu/pc[4]_i_1 could not be replicated
INFO: [Physopt 32-117] Net cpu/nextpc[5] could not be optimized because driver cpu/pc[5]_i_1 could not be replicated
INFO: [Physopt 32-117] Net cpu/nextpc[9] could not be optimized because driver cpu/pc[9]_i_1 could not be replicated
INFO: [Physopt 32-117] Net cpu/nextpc[8] could not be optimized because driver cpu/pc[8]_i_1 could not be replicated
INFO: [Physopt 32-117] Net cpu/nextpc[7] could not be optimized because driver cpu/pc[7]_i_1 could not be replicated
INFO: [Physopt 32-117] Net cpu/nextpc[6] could not be optimized because driver cpu/pc[6]_i_1 could not be replicated
INFO: [Physopt 32-68] No nets found for critical-cell optimization.
INFO: [Physopt 32-232] Optimized 0 net. Created 0 new instance.
INFO: [Physopt 32-775] End 1 Pass. Optimized 0 net or cell. Created 0 new cell, deleted 0 existing cell and moved 0 existing cell
Netlist sorting complete. Time (s): cpu = 00:00:00 ; elapsed = 00:00:00.013 . Memory (MB): peak = 1997.090 ; gain = 0.000

Summary of Physical Synthesis Optimizations
============================================


-----------------------------------------------------------------------------------------------------------------------------------------------------------
|  Optimization                                     |  Added Cells  |  Removed Cells  |  Optimized Cells/Nets  |  Dont Touch  |  Iterations  |  Elapsed   |
-----------------------------------------------------------------------------------------------------------------------------------------------------------
|  LUT Combining                                    |           43  |              3  |                    46  |           0  |           1  |  00:00:00  |
|  Very High Fanout                                 |          157  |              0  |                    10  |           0  |           1  |  00:00:56  |
|  DSP Register                                     |            0  |              0  |                     0  |           0  |           1  |  00:00:00  |
|  Shift Register to Pipeline                       |            0  |              0  |                     0  |           0  |           1  |  00:00:00  |
|  Shift Register                                   |            0  |              0  |                     0  |           0  |           1  |  00:00:00  |
|  BRAM Register                                    |            0  |              0  |                     0  |           0  |           1  |  00:00:00  |
|  Dynamic/Static Region Interface Net Replication  |            0  |              0  |                     0  |           0  |           1  |  00:00:00  |
|  Critical Cell                                    |            0  |              0  |                     0  |           0  |           1  |  00:00:00  |
|  Total                                            |          200  |              3  |                    56  |           0  |           8  |  00:00:56  |
-----------------------------------------------------------------------------------------------------------------------------------------------------------


Phase 2.2.1 Physical Synthesis In Placer | Checksum: 8b3dee36

Time (s): cpu = 00:01:46 ; elapsed = 00:01:41 . Memory (MB): peak = 1997.090 ; gain = 281.605
Phase 2.2 Global Placement Core | Checksum: 1c311810

Time (s): cpu = 00:01:50 ; elapsed = 00:01:44 . Memory (MB): peak = 1997.090 ; gain = 281.605
Phase 2 Global Placement | Checksum: 1c311810

Time (s): cpu = 00:01:50 ; elapsed = 00:01:44 . Memory (MB): peak = 1997.090 ; gain = 281.605

Phase 3 Detail Placement

Phase 3.1 Commit Multi Column Macros
Phase 3.1 Commit Multi Column Macros | Checksum: d24138f4

Time (s): cpu = 00:01:53 ; elapsed = 00:01:46 . Memory (MB): peak = 1997.090 ; gain = 281.605

Phase 3.2 Commit Most Macros & LUTRAMs
Phase 3.2 Commit Most Macros & LUTRAMs | Checksum: 683fc695

Time (s): cpu = 00:02:26 ; elapsed = 00:02:18 . Memory (MB): peak = 1997.090 ; gain = 281.605

Phase 3.3 Area Swap Optimization
Phase 3.3 Area Swap Optimization | Checksum: 137699893

Time (s): cpu = 00:02:26 ; elapsed = 00:02:18 . Memory (MB): peak = 1997.090 ; gain = 281.605

Phase 3.4 Pipeline Register Optimization
Phase 3.4 Pipeline Register Optimization | Checksum: 71e57c68

Time (s): cpu = 00:02:26 ; elapsed = 00:02:18 . Memory (MB): peak = 1997.090 ; gain = 281.605

Phase 3.5 Fast Optimization
Phase 3.5 Fast Optimization | Checksum: e2c8e57b

Time (s): cpu = 00:02:47 ; elapsed = 00:02:39 . Memory (MB): peak = 1997.090 ; gain = 281.605

Phase 3.6 Small Shape Detail Placement
Phase 3.6 Small Shape Detail Placement | Checksum: 1627d2f5a

Time (s): cpu = 00:02:49 ; elapsed = 00:02:40 . Memory (MB): peak = 1997.090 ; gain = 281.605

Phase 3.7 Re-assign LUT pins
Phase 3.7 Re-assign LUT pins | Checksum: 104dcb960

Time (s): cpu = 00:02:49 ; elapsed = 00:02:40 . Memory (MB): peak = 1997.090 ; gain = 281.605

Phase 3.8 Pipeline Register Optimization
Phase 3.8 Pipeline Register Optimization | Checksum: 176888624

Time (s): cpu = 00:02:49 ; elapsed = 00:02:41 . Memory (MB): peak = 1997.090 ; gain = 281.605

Phase 3.9 Fast Optimization
Phase 3.9 Fast Optimization | Checksum: 7502fec5

Time (s): cpu = 00:03:22 ; elapsed = 00:03:13 . Memory (MB): peak = 1997.090 ; gain = 281.605
Phase 3 Detail Placement | Checksum: 7502fec5

Time (s): cpu = 00:03:22 ; elapsed = 00:03:13 . Memory (MB): peak = 1997.090 ; gain = 281.605

Phase 4 Post Placement Optimization and Clean-Up

Phase 4.1 Post Commit Optimization
INFO: [Timing 38-35] Done setting XDC timing constraints.

Phase 4.1.1 Post Placement Optimization
Post Placement Optimization Initialization | Checksum: 113c4a656

Phase 4.1.1.1 BUFG Insertion
INFO: [Place 46-56] BUFG insertion identified 0 candidate nets. Inserted BUFG: 0, Replicated BUFG Driver: 0, Skipped due to Placement/Routing Conflicts: 0, Skipped due to Timing Degradation: 0, Skipped due to Illegal Netlist: 0.
Phase 4.1.1.1 BUFG Insertion | Checksum: 113c4a656

Time (s): cpu = 00:03:31 ; elapsed = 00:03:19 . Memory (MB): peak = 2024.289 ; gain = 308.805
INFO: [Place 30-746] Post Placement Timing Summary WNS=-0.653. For the most accurate timing information please run report_timing.
Phase 4.1.1 Post Placement Optimization | Checksum: 1047655ac

Time (s): cpu = 00:03:59 ; elapsed = 00:03:41 . Memory (MB): peak = 2024.289 ; gain = 308.805
Phase 4.1 Post Commit Optimization | Checksum: 1047655ac

Time (s): cpu = 00:04:00 ; elapsed = 00:03:41 . Memory (MB): peak = 2024.289 ; gain = 308.805

Phase 4.2 Post Placement Cleanup
Phase 4.2 Post Placement Cleanup | Checksum: 1047655ac

Time (s): cpu = 00:04:00 ; elapsed = 00:03:41 . Memory (MB): peak = 2024.289 ; gain = 308.805

Phase 4.3 Placer Reporting
Phase 4.3 Placer Reporting | Checksum: 1047655ac

Time (s): cpu = 00:04:00 ; elapsed = 00:03:41 . Memory (MB): peak = 2024.289 ; gain = 308.805

Phase 4.4 Final Placement Cleanup
Netlist sorting complete. Time (s): cpu = 00:00:00 ; elapsed = 00:00:00.013 . Memory (MB): peak = 2024.289 ; gain = 0.000
Phase 4.4 Final Placement Cleanup | Checksum: a5bded4d

Time (s): cpu = 00:04:00 ; elapsed = 00:03:42 . Memory (MB): peak = 2024.289 ; gain = 308.805
Phase 4 Post Placement Optimization and Clean-Up | Checksum: a5bded4d

Time (s): cpu = 00:04:00 ; elapsed = 00:03:42 . Memory (MB): peak = 2024.289 ; gain = 308.805
Ending Placer Task | Checksum: 932ce5c9

Time (s): cpu = 00:04:00 ; elapsed = 00:03:42 . Memory (MB): peak = 2024.289 ; gain = 308.805
INFO: [Common 17-83] Releasing license: Implementation
87 Infos, 2 Warnings, 29 Critical Warnings and 0 Errors encountered.
place_design completed successfully
place_design: Time (s): cpu = 00:04:02 ; elapsed = 00:03:43 . Memory (MB): peak = 2024.289 ; gain = 308.805
Netlist sorting complete. Time (s): cpu = 00:00:00 ; elapsed = 00:00:00.015 . Memory (MB): peak = 2024.289 ; gain = 0.000
INFO: [Timing 38-480] Writing timing data to binary archive.
Writing placer database...
Writing XDEF routing.
Writing XDEF routing logical nets.
Writing XDEF routing special nets.
Write XDEF Complete: Time (s): cpu = 00:00:03 ; elapsed = 00:00:01 . Memory (MB): peak = 2024.289 ; gain = 0.000
INFO: [Common 17-1381] The checkpoint 'E:/loongson/cdp_ede_local/mycpu_env/soc_verify/soc_dram/run_vivado/project/loongson.runs/impl_1/soc_lite_top_placed.dcp' has been generated.
INFO: [runtcl-4] Executing : report_io -file soc_lite_top_io_placed.rpt
report_io: Time (s): cpu = 00:00:00 ; elapsed = 00:00:00.061 . Memory (MB): peak = 2024.289 ; gain = 0.000
INFO: [runtcl-4] Executing : report_utilization -file soc_lite_top_utilization_placed.rpt -pb soc_lite_top_utilization_placed.pb
INFO: [runtcl-4] Executing : report_control_sets -verbose -file soc_lite_top_control_sets_placed.rpt
report_control_sets: Time (s): cpu = 00:00:00 ; elapsed = 00:00:00.071 . Memory (MB): peak = 2024.289 ; gain = 0.000
Command: phys_opt_design
Attempting to get a license for feature 'Implementation' and/or device 'xc7a200t'
INFO: [Common 17-349] Got license for feature 'Implementation' and/or device 'xc7a200t'
Netlist sorting complete. Time (s): cpu = 00:00:00 ; elapsed = 00:00:00.013 . Memory (MB): peak = 2031.543 ; gain = 0.000

Starting Physical Synthesis Task

Phase 1 Physical Synthesis Initialization
INFO: [Physopt 32-721] Multithreading enabled for phys_opt_design using a maximum of 2 CPUs
INFO: [Physopt 32-619] Estimated Timing Summary | WNS=-0.653 | TNS=-17.594 |
Phase 1 Physical Synthesis Initialization | Checksum: 19735a2f4

Time (s): cpu = 00:00:10 ; elapsed = 00:00:05 . Memory (MB): peak = 2040.629 ; gain = 9.086
INFO: [Physopt 32-619] Estimated Timing Summary | WNS=-0.653 | TNS=-17.594 |

Phase 2 DSP Register Optimization
INFO: [Physopt 32-456] No candidate cells for DSP register optimization found in the design.
INFO: [Physopt 32-775] End 2 Pass. Optimized 0 net or cell. Created 0 new cell, deleted 0 existing cell and moved 0 existing cell
Phase 2 DSP Register Optimization | Checksum: 19735a2f4

Time (s): cpu = 00:00:10 ; elapsed = 00:00:05 . Memory (MB): peak = 2040.629 ; gain = 9.086

Phase 3 Critical Path Optimization
INFO: [Physopt 32-619] Estimated Timing Summary | WNS=-0.653 | TNS=-17.594 |
INFO: [Physopt 32-702] Processed net cpu/u_regfile/rf_reg_r2_0_31_0_5/DOA0. Optimizations did not improve timing on the net.
INFO: [Physopt 32-81] Processed net cpu/Q[2]_repN_1. Replicated 1 times.
INFO: [Physopt 32-735] Processed net cpu/Q[2]_repN_1. Optimization improves timing on the net.
INFO: [Physopt 32-619] Estimated Timing Summary | WNS=-0.564 | TNS=-11.724 |
INFO: [Physopt 32-572] Net cpu/Q[1]_repN was not replicated.
Resolution: phys_opt_design can be forced to replicate a net driver using the option -force_replication_on_nets <list of net objects>.
INFO: [Physopt 32-662] Processed net cpu/Q[1]_repN.  Did not re-place instance cpu/pc_reg[3]_replica
INFO: [Physopt 32-702] Processed net cpu/Q[1]_repN. Optimizations did not improve timing on the net.
INFO: [Physopt 32-662] Processed net cpu/u_regfile/rf_reg_r1_0_31_0_5_i_11_n_0.  Did not re-place instance cpu/u_regfile/rf_reg_r1_0_31_0_5_i_11
INFO: [Physopt 32-702] Processed net cpu/u_regfile/rf_reg_r1_0_31_0_5_i_11_n_0. Optimizations did not improve timing on the net.
INFO: [Physopt 32-662] Processed net cpu/u_regfile/rf_reg_r1_0_31_0_5_i_23_n_0.  Did not re-place instance cpu/u_regfile/rf_reg_r1_0_31_0_5_i_23
INFO: [Physopt 32-702] Processed net cpu/u_regfile/rf_reg_r1_0_31_0_5_i_23_n_0. Optimizations did not improve timing on the net.
INFO: [Physopt 32-662] Processed net cpu/u_regfile/rf_reg_r1_0_31_0_5_i_62_n_0.  Did not re-place instance cpu/u_regfile/rf_reg_r1_0_31_0_5_i_62
INFO: [Physopt 32-702] Processed net cpu/u_regfile/rf_reg_r1_0_31_0_5_i_62_n_0. Optimizations did not improve timing on the net.
INFO: [Physopt 32-662] Processed net cpu/u_regfile/rf_reg_r1_0_31_0_5_i_125_n_0.  Did not re-place instance cpu/u_regfile/rf_reg_r1_0_31_0_5_i_125
INFO: [Physopt 32-702] Processed net cpu/u_regfile/rf_reg_r1_0_31_0_5_i_125_n_0. Optimizations did not improve timing on the net.
INFO: [Physopt 32-662] Processed net cpu/u_regfile/rf_reg_r1_0_31_0_5_i_159_n_0.  Did not re-place instance cpu/u_regfile/rf_reg_r1_0_31_0_5_i_159
INFO: [Physopt 32-702] Processed net cpu/u_regfile/rf_reg_r1_0_31_0_5_i_159_n_0. Optimizations did not improve timing on the net.
INFO: [Physopt 32-662] Processed net cpu/u_regfile/rf_reg_r1_0_31_0_5_i_24_n_0.  Did not re-place instance cpu/u_regfile/rf_reg_r1_0_31_0_5_i_24
INFO: [Physopt 32-572] Net cpu/u_regfile/rf_reg_r1_0_31_0_5_i_24_n_0 was not replicated.
Resolution: phys_opt_design can be forced to replicate a net driver using the option -force_replication_on_nets <list of net objects>.
INFO: [Physopt 32-702] Processed net cpu/u_regfile/rf_reg_r1_0_31_0_5_i_24_n_0. Optimizations did not improve timing on the net.
INFO: [Physopt 32-663] Processed net cpu/u_regfile/led_rg0_data[1]_i_4_n_0.  Re-placed instance cpu/u_regfile/led_rg0_data[1]_i_4
INFO: [Physopt 32-735] Processed net cpu/u_regfile/led_rg0_data[1]_i_4_n_0. Optimization improves timing on the net.
INFO: [Physopt 32-619] Estimated Timing Summary | WNS=-0.538 | TNS=-12.045 |
INFO: [Physopt 32-662] Processed net data_ram/U0/synth_options.dist_mem_inst/gen_sp_ram.spram_inst/spo[0].  Did not re-place instance data_ram/U0/synth_options.dist_mem_inst/gen_sp_ram.spram_inst/spo[0]_INST_0
INFO: [Physopt 32-735] Processed net data_ram/U0/synth_options.dist_mem_inst/gen_sp_ram.spram_inst/spo[0]. Optimization improves timing on the net.
INFO: [Physopt 32-619] Estimated Timing Summary | WNS=-0.514 | TNS=-11.997 |
INFO: [Physopt 32-572] Net cpu/u_regfile/data_ram_i_27_0 was not replicated.
Resolution: phys_opt_design can be forced to replicate a net driver using the option -force_replication_on_nets <list of net objects>.
INFO: [Physopt 32-663] Processed net cpu/u_regfile/data_ram_i_27_0.  Re-placed instance cpu/u_regfile/data_ram_i_6
INFO: [Physopt 32-735] Processed net cpu/u_regfile/data_ram_i_27_0. Optimization improves timing on the net.
INFO: [Physopt 32-619] Estimated Timing Summary | WNS=-0.488 | TNS=-11.945 |
INFO: [Physopt 32-572] Net cpu/u_regfile/data_ram_i_27_0 was not replicated.
Resolution: phys_opt_design can be forced to replicate a net driver using the option -force_replication_on_nets <list of net objects>.
INFO: [Physopt 32-662] Processed net cpu/u_regfile/data_ram_i_27_0.  Did not re-place instance cpu/u_regfile/data_ram_i_6
INFO: [Physopt 32-735] Processed net cpu/u_regfile/data_ram_i_27_0. Optimization improves timing on the net.
INFO: [Physopt 32-619] Estimated Timing Summary | WNS=-0.483 | TNS=-11.935 |
INFO: [Physopt 32-663] Processed net cpu/u_regfile/rf_reg_r1_0_31_0_5_i_61_n_0.  Re-placed instance cpu/u_regfile/rf_reg_r1_0_31_0_5_i_61
INFO: [Physopt 32-735] Processed net cpu/u_regfile/rf_reg_r1_0_31_0_5_i_61_n_0. Optimization improves timing on the net.
INFO: [Physopt 32-619] Estimated Timing Summary | WNS=-0.472 | TNS=-11.847 |
INFO: [Physopt 32-702] Processed net data_ram/U0/synth_options.dist_mem_inst/gen_sp_ram.spram_inst/ram_reg_256_511_0_0/OA. Optimizations did not improve timing on the net.
INFO: [Physopt 32-662] Processed net cpu/u_regfile/we.  Did not re-place instance cpu/u_regfile/data_ram_i_11
INFO: [Physopt 32-710] Processed net data_ram/U0/synth_options.dist_mem_inst/gen_sp_ram.spram_inst/ram_reg_256_511_0_0_i_1_n_0. Critical path length was reduced through logic transformation on cell data_ram/U0/synth_options.dist_mem_inst/gen_sp_ram.spram_inst/ram_reg_256_511_0_0_i_1_comp.
INFO: [Physopt 32-735] Processed net cpu/u_regfile/we. Optimization improves timing on the net.
INFO: [Physopt 32-619] Estimated Timing Summary | WNS=-0.439 | TNS=-10.118 |
INFO: [Physopt 32-663] Processed net cpu/u_regfile/rf_reg_r1_0_31_0_5_i_9_n_0.  Re-placed instance cpu/u_regfile/rf_reg_r1_0_31_0_5_i_9
INFO: [Physopt 32-735] Processed net cpu/u_regfile/rf_reg_r1_0_31_0_5_i_9_n_0. Optimization improves timing on the net.
INFO: [Physopt 32-619] Estimated Timing Summary | WNS=-0.433 | TNS=-10.106 |
INFO: [Physopt 32-662] Processed net data_ram/U0/synth_options.dist_mem_inst/gen_sp_ram.spram_inst/spo[0].  Did not re-place instance data_ram/U0/synth_options.dist_mem_inst/gen_sp_ram.spram_inst/spo[0]_INST_0
INFO: [Physopt 32-702] Processed net data_ram/U0/synth_options.dist_mem_inst/gen_sp_ram.spram_inst/spo[0]. Optimizations did not improve timing on the net.
INFO: [Physopt 32-702] Processed net data_ram/U0/synth_options.dist_mem_inst/gen_sp_ram.spram_inst/ram_reg_0_255_0_0/O. Optimizations did not improve timing on the net.
INFO: [Physopt 32-702] Processed net data_ram/U0/synth_options.dist_mem_inst/gen_sp_ram.spram_inst/ram_reg_0_255_0_0/O0. Optimizations did not improve timing on the net.
INFO: [Physopt 32-662] Processed net cpu/u_regfile/rf_reg_r1_0_31_0_5_i_2_n_0.  Did not re-place instance cpu/u_regfile/rf_reg_r1_0_31_0_5_i_2
INFO: [Physopt 32-572] Net cpu/u_regfile/rf_reg_r1_0_31_0_5_i_2_n_0 was not replicated.
Resolution: phys_opt_design can be forced to replicate a net driver using the option -force_replication_on_nets <list of net objects>.
INFO: [Physopt 32-702] Processed net cpu/u_regfile/rf_reg_r1_0_31_0_5_i_2_n_0. Optimizations did not improve timing on the net.
INFO: [Physopt 32-662] Processed net cpu/u_regfile/data_ram_i_32_0.  Did not re-place instance cpu/u_regfile/data_ram_i_10
INFO: [Physopt 32-572] Net cpu/u_regfile/data_ram_i_32_0 was not replicated.
Resolution: phys_opt_design can be forced to replicate a net driver using the option -force_replication_on_nets <list of net objects>.
INFO: [Physopt 32-735] Processed net cpu/u_regfile/data_ram_i_32_0. Optimization improves timing on the net.
INFO: [Physopt 32-619] Estimated Timing Summary | WNS=-0.430 | TNS=-10.100 |
INFO: [Physopt 32-662] Processed net cpu/u_regfile/cpu_data_addr[1].  Did not re-place instance cpu/u_regfile/led_rg1_data[1]_i_3
INFO: [Physopt 32-735] Processed net cpu/u_regfile/cpu_data_addr[1]. Optimization improves timing on the net.
INFO: [Physopt 32-619] Estimated Timing Summary | WNS=-0.425 | TNS=-10.090 |
INFO: [Physopt 32-81] Processed net cpu/Q[6]_repN_4. Replicated 2 times.
INFO: [Physopt 32-735] Processed net cpu/Q[6]_repN_4. Optimization improves timing on the net.
INFO: [Physopt 32-619] Estimated Timing Summary | WNS=-0.423 | TNS=-9.914 |
INFO: [Physopt 32-662] Processed net cpu/u_regfile/rf_reg_r1_0_31_0_5_i_22_n_0.  Did not re-place instance cpu/u_regfile/rf_reg_r1_0_31_0_5_i_22
INFO: [Physopt 32-702] Processed net cpu/u_regfile/rf_reg_r1_0_31_0_5_i_22_n_0. Optimizations did not improve timing on the net.
INFO: [Physopt 32-662] Processed net cpu/u_regfile/rf_reg_r1_0_31_0_5_i_60_n_0.  Did not re-place instance cpu/u_regfile/rf_reg_r1_0_31_0_5_i_60
INFO: [Physopt 32-710] Processed net cpu/u_regfile/rf_reg_r1_0_31_0_5_i_22_n_0. Critical path length was reduced through logic transformation on cell cpu/u_regfile/rf_reg_r1_0_31_0_5_i_22_comp.
INFO: [Physopt 32-735] Processed net cpu/u_regfile/rf_reg_r1_0_31_0_5_i_60_n_0. Optimization improves timing on the net.
INFO: [Physopt 32-619] Estimated Timing Summary | WNS=-0.421 | TNS=-9.910 |
INFO: [Physopt 32-572] Net cpu/u_regfile/cpu_data_addr[0] was not replicated.
Resolution: phys_opt_design can be forced to replicate a net driver using the option -force_replication_on_nets <list of net objects>.
INFO: [Physopt 32-662] Processed net cpu/u_regfile/cpu_data_addr[0].  Did not re-place instance cpu/u_regfile/led_rg1_data[1]_i_2
INFO: [Physopt 32-702] Processed net cpu/u_regfile/cpu_data_addr[0]. Optimizations did not improve timing on the net.
INFO: [Physopt 32-662] Processed net cpu/u_regfile/data_ram_i_29_n_0.  Did not re-place instance cpu/u_regfile/data_ram_i_29
INFO: [Physopt 32-572] Net cpu/u_regfile/data_ram_i_29_n_0 was not replicated.
Resolution: phys_opt_design can be forced to replicate a net driver using the option -force_replication_on_nets <list of net objects>.
INFO: [Physopt 32-735] Processed net cpu/u_regfile/data_ram_i_29_n_0. Optimization improves timing on the net.
INFO: [Physopt 32-619] Estimated Timing Summary | WNS=-0.420 | TNS=-9.908 |
INFO: [Physopt 32-663] Processed net cpu/u_regfile/rf_reg_r1_0_31_0_5_i_60_n_0.  Re-placed instance cpu/u_regfile/rf_reg_r1_0_31_0_5_i_60_comp
INFO: [Physopt 32-735] Processed net cpu/u_regfile/rf_reg_r1_0_31_0_5_i_60_n_0. Optimization improves timing on the net.
INFO: [Physopt 32-619] Estimated Timing Summary | WNS=-0.415 | TNS=-9.898 |
INFO: [Physopt 32-662] Processed net cpu/u_regfile/data_ram_i_30_0.  Did not re-place instance cpu/u_regfile/data_ram_i_9
INFO: [Physopt 32-572] Net cpu/u_regfile/data_ram_i_30_0 was not replicated.
Resolution: phys_opt_design can be forced to replicate a net driver using the option -force_replication_on_nets <list of net objects>.
INFO: [Physopt 32-735] Processed net cpu/u_regfile/data_ram_i_30_0. Optimization improves timing on the net.
INFO: [Physopt 32-619] Estimated Timing Summary | WNS=-0.413 | TNS=-9.894 |
INFO: [Physopt 32-662] Processed net cpu/u_regfile/data_ram_i_32_0.  Did not re-place instance cpu/u_regfile/data_ram_i_10
INFO: [Physopt 32-572] Net cpu/u_regfile/data_ram_i_32_0 was not replicated.
Resolution: phys_opt_design can be forced to replicate a net driver using the option -force_replication_on_nets <list of net objects>.
INFO: [Physopt 32-702] Processed net cpu/u_regfile/data_ram_i_32_0. Optimizations did not improve timing on the net.
INFO: [Physopt 32-662] Processed net cpu/u_regfile/data_ram_i_31_n_0.  Did not re-place instance cpu/u_regfile/data_ram_i_31
INFO: [Physopt 32-572] Net cpu/u_regfile/data_ram_i_31_n_0 was not replicated.
Resolution: phys_opt_design can be forced to replicate a net driver using the option -force_replication_on_nets <list of net objects>.
INFO: [Physopt 32-735] Processed net cpu/u_regfile/data_ram_i_31_n_0. Optimization improves timing on the net.
INFO: [Physopt 32-619] Estimated Timing Summary | WNS=-0.402 | TNS=-9.806 |
INFO: [Physopt 32-702] Processed net u_confreg/led_rg0_OBUF[0]. Optimizations did not improve timing on the net.
INFO: [Physopt 32-662] Processed net cpu/u_regfile/write_led_rg0.  Did not re-place instance cpu/u_regfile/led_rg0_data[1]_i_1
INFO: [Physopt 32-572] Net cpu/u_regfile/write_led_rg0 was not replicated.
Resolution: phys_opt_design can be forced to replicate a net driver using the option -force_replication_on_nets <list of net objects>.
INFO: [Physopt 32-702] Processed net cpu/u_regfile/write_led_rg0. Optimizations did not improve timing on the net.
INFO: [Physopt 32-663] Processed net cpu/u_regfile/led_rg0_data[1]_i_2_n_0.  Re-placed instance cpu/u_regfile/led_rg0_data[1]_i_2
INFO: [Physopt 32-735] Processed net cpu/u_regfile/led_rg0_data[1]_i_2_n_0. Optimization improves timing on the net.
INFO: [Physopt 32-619] Estimated Timing Summary | WNS=-0.369 | TNS=-9.656 |
INFO: [Physopt 32-662] Processed net cpu/u_regfile/data_ram_i_31_n_0.  Did not re-place instance cpu/u_regfile/data_ram_i_31
INFO: [Physopt 32-572] Net cpu/u_regfile/data_ram_i_31_n_0 was not replicated.
Resolution: phys_opt_design can be forced to replicate a net driver using the option -force_replication_on_nets <list of net objects>.
INFO: [Physopt 32-702] Processed net cpu/u_regfile/data_ram_i_31_n_0. Optimizations did not improve timing on the net.
INFO: [Physopt 32-663] Processed net cpu/u_regfile/data_ram_i_65_n_0.  Re-placed instance cpu/u_regfile/data_ram_i_65
INFO: [Physopt 32-735] Processed net cpu/u_regfile/data_ram_i_65_n_0. Optimization improves timing on the net.
INFO: [Physopt 32-619] Estimated Timing Summary | WNS=-0.360 | TNS=-9.634 |
INFO: [Physopt 32-663] Processed net u_confreg/num_data_reg[30]_lopt_replica_1.  Re-placed instance u_confreg/num_data_reg[30]_lopt_replica
INFO: [Physopt 32-735] Processed net u_confreg/num_data_reg[30]_lopt_replica_1. Optimization improves timing on the net.
INFO: [Physopt 32-619] Estimated Timing Summary | WNS=-0.360 | TNS=-9.273 |
INFO: [Physopt 32-663] Processed net u_confreg/num_data_reg[30]_lopt_replica_4_1.  Re-placed instance u_confreg/num_data_reg[30]_lopt_replica_4
INFO: [Physopt 32-735] Processed net u_confreg/num_data_reg[30]_lopt_replica_4_1. Optimization improves timing on the net.
INFO: [Physopt 32-619] Estimated Timing Summary | WNS=-0.358 | TNS=-8.913 |
INFO: [Physopt 32-662] Processed net cpu/u_regfile/data_ram_i_72_n_0.  Did not re-place instance cpu/u_regfile/data_ram_i_72
INFO: [Physopt 32-81] Processed net cpu/u_regfile/data_ram_i_72_n_0. Replicated 2 times.
INFO: [Physopt 32-735] Processed net cpu/u_regfile/data_ram_i_72_n_0. Optimization improves timing on the net.
INFO: [Physopt 32-619] Estimated Timing Summary | WNS=-0.339 | TNS=-8.809 |
INFO: [Physopt 32-663] Processed net u_confreg/num_data_reg[27]_lopt_replica_3_1.  Re-placed instance u_confreg/num_data_reg[27]_lopt_replica_3
INFO: [Physopt 32-735] Processed net u_confreg/num_data_reg[27]_lopt_replica_3_1. Optimization improves timing on the net.
INFO: [Physopt 32-619] Estimated Timing Summary | WNS=-0.339 | TNS=-8.494 |
INFO: [Physopt 32-663] Processed net u_confreg/num_data_reg[28]_lopt_replica_2_1.  Re-placed instance u_confreg/num_data_reg[28]_lopt_replica_2
INFO: [Physopt 32-735] Processed net u_confreg/num_data_reg[28]_lopt_replica_2_1. Optimization improves timing on the net.
INFO: [Physopt 32-619] Estimated Timing Summary | WNS=-0.339 | TNS=-8.155 |
INFO: [Physopt 32-662] Processed net u_confreg/num_data_reg[28]_lopt_replica_3_1.  Did not re-place instance u_confreg/num_data_reg[28]_lopt_replica_3
INFO: [Physopt 32-702] Processed net u_confreg/num_data_reg[28]_lopt_replica_3_1. Optimizations did not improve timing on the net.
INFO: [Physopt 32-662] Processed net cpu/u_regfile/led_data[15]_i_3_n_0.  Did not re-place instance cpu/u_regfile/led_data[15]_i_3
INFO: [Physopt 32-710] Processed net cpu/u_regfile/E[0]. Critical path length was reduced through logic transformation on cell cpu/u_regfile/num_data[31]_i_1_comp.
INFO: [Physopt 32-735] Processed net cpu/u_regfile/led_data[15]_i_3_n_0. Optimization improves timing on the net.
INFO: [Physopt 32-619] Estimated Timing Summary | WNS=-0.329 | TNS=-4.743 |
INFO: [Physopt 32-662] Processed net cpu/u_regfile/led_rg0_data[1]_i_2_n_0.  Did not re-place instance cpu/u_regfile/led_rg0_data[1]_i_2
INFO: [Physopt 32-710] Processed net cpu/u_regfile/write_led_rg0. Critical path length was reduced through logic transformation on cell cpu/u_regfile/led_rg0_data[1]_i_1_comp.
INFO: [Physopt 32-735] Processed net cpu/u_regfile/led_rg0_data[1]_i_2_n_0. Optimization improves timing on the net.
INFO: [Physopt 32-619] Estimated Timing Summary | WNS=-0.315 | TNS=-4.153 |
INFO: [Physopt 32-702] Processed net u_confreg/led_OBUF[0]. Optimizations did not improve timing on the net.
INFO: [Physopt 32-572] Net cpu/u_regfile/write_led was not replicated.
Resolution: phys_opt_design can be forced to replicate a net driver using the option -force_replication_on_nets <list of net objects>.
INFO: [Physopt 32-662] Processed net cpu/u_regfile/write_led.  Did not re-place instance cpu/u_regfile/led_data[15]_i_1
INFO: [Physopt 32-572] Net cpu/u_regfile/write_led was not replicated.
Resolution: phys_opt_design can be forced to replicate a net driver using the option -force_replication_on_nets <list of net objects>.
INFO: [Physopt 32-702] Processed net cpu/u_regfile/write_led. Optimizations did not improve timing on the net.
INFO: [Physopt 32-662] Processed net cpu/u_regfile/led_data[15]_i_3_n_0.  Did not re-place instance cpu/u_regfile/led_data[15]_i_3
INFO: [Physopt 32-572] Net cpu/u_regfile/led_data[15]_i_3_n_0 was not replicated.
Resolution: phys_opt_design can be forced to replicate a net driver using the option -force_replication_on_nets <list of net objects>.
INFO: [Physopt 32-702] Processed net cpu/u_regfile/led_data[15]_i_3_n_0. Optimizations did not improve timing on the net.
INFO: [Physopt 32-662] Processed net cpu/u_regfile/rf_reg_r1_0_31_0_5_i_10_n_0.  Did not re-place instance cpu/u_regfile/rf_reg_r1_0_31_0_5_i_10
INFO: [Physopt 32-710] Processed net cpu/u_regfile/led_data[15]_i_3_n_0. Critical path length was reduced through logic transformation on cell cpu/u_regfile/led_data[15]_i_3_comp_1.
INFO: [Physopt 32-735] Processed net cpu/u_regfile/rf_reg_r1_0_31_0_5_i_10_n_0. Optimization improves timing on the net.
INFO: [Physopt 32-619] Estimated Timing Summary | WNS=-0.309 | TNS=-3.838 |
INFO: [Physopt 32-663] Processed net cpu/u_regfile/led_data[15]_i_6_n_0.  Re-placed instance cpu/u_regfile/led_data[15]_i_6
INFO: [Physopt 32-735] Processed net cpu/u_regfile/led_data[15]_i_6_n_0. Optimization improves timing on the net.
INFO: [Physopt 32-619] Estimated Timing Summary | WNS=-0.306 | TNS=-3.690 |
INFO: [Physopt 32-662] Processed net cpu/u_regfile/rf_reg_r1_0_31_0_5_i_60_n_0.  Did not re-place instance cpu/u_regfile/rf_reg_r1_0_31_0_5_i_60_comp
INFO: [Physopt 32-735] Processed net cpu/u_regfile/rf_reg_r1_0_31_0_5_i_60_n_0. Optimization improves timing on the net.
INFO: [Physopt 32-619] Estimated Timing Summary | WNS=-0.290 | TNS=-3.658 |
INFO: [Physopt 32-662] Processed net cpu/u_regfile/data_ram_i_65_n_0.  Did not re-place instance cpu/u_regfile/data_ram_i_65
INFO: [Physopt 32-572] Net cpu/u_regfile/data_ram_i_65_n_0 was not replicated.
Resolution: phys_opt_design can be forced to replicate a net driver using the option -force_replication_on_nets <list of net objects>.
INFO: [Physopt 32-735] Processed net cpu/u_regfile/data_ram_i_65_n_0. Optimization improves timing on the net.
INFO: [Physopt 32-619] Estimated Timing Summary | WNS=-0.288 | TNS=-3.638 |
INFO: [Physopt 32-702] Processed net u_confreg/led_rg1_OBUF[0]. Optimizations did not improve timing on the net.
INFO: [Physopt 32-662] Processed net cpu/u_regfile/write_led_rg1.  Did not re-place instance cpu/u_regfile/led_rg1_data[1]_i_1
INFO: [Physopt 32-572] Net cpu/u_regfile/write_led_rg1 was not replicated.
Resolution: phys_opt_design can be forced to replicate a net driver using the option -force_replication_on_nets <list of net objects>.
INFO: [Physopt 32-702] Processed net cpu/u_regfile/write_led_rg1. Optimizations did not improve timing on the net.
INFO: [Physopt 32-662] Processed net cpu/u_regfile/led_rg1_data[1]_i_5_n_0.  Did not re-place instance cpu/u_regfile/led_rg1_data[1]_i_5
INFO: [Physopt 32-710] Processed net cpu/u_regfile/write_led_rg1. Critical path length was reduced through logic transformation on cell cpu/u_regfile/led_rg1_data[1]_i_1_comp.
INFO: [Physopt 32-735] Processed net cpu/u_regfile/led_rg1_data[1]_i_5_n_0. Optimization improves timing on the net.
INFO: [Physopt 32-619] Estimated Timing Summary | WNS=-0.280 | TNS=-3.384 |
INFO: [Physopt 32-662] Processed net cpu/u_regfile/rf_reg_r1_0_31_0_5_i_9_n_0.  Did not re-place instance cpu/u_regfile/rf_reg_r1_0_31_0_5_i_9
INFO: [Physopt 32-710] Processed net cpu/u_regfile/rf_reg_r1_0_31_0_5_i_2_n_0. Critical path length was reduced through logic transformation on cell cpu/u_regfile/rf_reg_r1_0_31_0_5_i_2_comp.
INFO: [Physopt 32-735] Processed net cpu/u_regfile/rf_reg_r1_0_31_0_5_i_9_n_0. Optimization improves timing on the net.
INFO: [Physopt 32-619] Estimated Timing Summary | WNS=-0.277 | TNS=-3.392 |
INFO: [Physopt 32-663] Processed net cpu/u_regfile/data_ram_i_72_n_0_repN.  Re-placed instance cpu/u_regfile/data_ram_i_72_replica
INFO: [Physopt 32-735] Processed net cpu/u_regfile/data_ram_i_72_n_0_repN. Optimization improves timing on the net.
INFO: [Physopt 32-619] Estimated Timing Summary | WNS=-0.276 | TNS=-3.390 |
INFO: [Physopt 32-662] Processed net cpu/u_regfile/led_rg0_data[1]_i_4_n_0.  Did not re-place instance cpu/u_regfile/led_rg0_data[1]_i_4
INFO: [Physopt 32-571] Net cpu/u_regfile/led_rg0_data[1]_i_4_n_0 was not replicated.
INFO: [Physopt 32-735] Processed net cpu/u_regfile/led_rg0_data[1]_i_4_n_0. Optimization improves timing on the net.
INFO: [Physopt 32-619] Estimated Timing Summary | WNS=-0.273 | TNS=-3.384 |
INFO: [Physopt 32-662] Processed net cpu/u_regfile/data_ram_i_72_n_0_repN.  Did not re-place instance cpu/u_regfile/data_ram_i_72_replica
INFO: [Physopt 32-572] Net cpu/u_regfile/data_ram_i_72_n_0_repN was not replicated.
Resolution: phys_opt_design can be forced to replicate a net driver using the option -force_replication_on_nets <list of net objects>.
INFO: [Physopt 32-735] Processed net cpu/u_regfile/data_ram_i_72_n_0_repN. Optimization improves timing on the net.
INFO: [Physopt 32-619] Estimated Timing Summary | WNS=-0.257 | TNS=-3.352 |
INFO: [Physopt 32-662] Processed net cpu/u_regfile/data_ram_i_25_0.  Did not re-place instance cpu/u_regfile/data_ram_i_5
INFO: [Physopt 32-572] Net cpu/u_regfile/data_ram_i_25_0 was not replicated.
Resolution: phys_opt_design can be forced to replicate a net driver using the option -force_replication_on_nets <list of net objects>.
INFO: [Physopt 32-735] Processed net cpu/u_regfile/data_ram_i_25_0. Optimization improves timing on the net.
INFO: [Physopt 32-619] Estimated Timing Summary | WNS=-0.253 | TNS=-3.344 |
INFO: [Physopt 32-662] Processed net cpu/u_regfile/cpu_data_addr[1].  Did not re-place instance cpu/u_regfile/led_rg1_data[1]_i_3
INFO: [Physopt 32-702] Processed net cpu/u_regfile/cpu_data_addr[1]. Optimizations did not improve timing on the net.
INFO: [Physopt 32-662] Processed net cpu/u_regfile/data_ram_i_26_n_0.  Did not re-place instance cpu/u_regfile/data_ram_i_26
INFO: [Physopt 32-572] Net cpu/u_regfile/data_ram_i_26_n_0 was not replicated.
Resolution: phys_opt_design can be forced to replicate a net driver using the option -force_replication_on_nets <list of net objects>.
INFO: [Physopt 32-735] Processed net cpu/u_regfile/data_ram_i_26_n_0. Optimization improves timing on the net.
INFO: [Physopt 32-619] Estimated Timing Summary | WNS=-0.241 | TNS=-3.320 |
INFO: [Physopt 32-662] Processed net cpu/u_regfile/led_rg0_data[1]_i_4_n_0.  Did not re-place instance cpu/u_regfile/led_rg0_data[1]_i_4
INFO: [Physopt 32-571] Net cpu/u_regfile/led_rg0_data[1]_i_4_n_0 was not replicated.
INFO: [Physopt 32-702] Processed net cpu/u_regfile/led_rg0_data[1]_i_4_n_0. Optimizations did not improve timing on the net.
INFO: [Physopt 32-663] Processed net cpu/u_regfile/led_rg0_data[1]_i_9_n_0.  Re-placed instance cpu/u_regfile/led_rg0_data[1]_i_9
INFO: [Physopt 32-735] Processed net cpu/u_regfile/led_rg0_data[1]_i_9_n_0. Optimization improves timing on the net.
INFO: [Physopt 32-619] Estimated Timing Summary | WNS=-0.238 | TNS=-3.298 |
INFO: [Physopt 32-702] Processed net data_ram/U0/synth_options.dist_mem_inst/gen_sp_ram.spram_inst/ram_reg_768_1023_0_0/OA. Optimizations did not improve timing on the net.
INFO: [Physopt 32-662] Processed net cpu/u_regfile/we.  Did not re-place instance cpu/u_regfile/data_ram_i_11
INFO: [Physopt 32-710] Processed net data_ram/U0/synth_options.dist_mem_inst/gen_sp_ram.spram_inst/ram_reg_768_1023_0_0_i_1_n_0. Critical path length was reduced through logic transformation on cell data_ram/U0/synth_options.dist_mem_inst/gen_sp_ram.spram_inst/ram_reg_768_1023_0_0_i_1_comp.
INFO: [Physopt 32-735] Processed net cpu/u_regfile/we. Optimization improves timing on the net.
INFO: [Physopt 32-619] Estimated Timing Summary | WNS=-0.230 | TNS=-2.321 |
INFO: [Physopt 32-662] Processed net cpu/u_regfile/data_ram_i_19_0.  Did not re-place instance cpu/u_regfile/data_ram_i_3
INFO: [Physopt 32-572] Net cpu/u_regfile/data_ram_i_19_0 was not replicated.
Resolution: phys_opt_design can be forced to replicate a net driver using the option -force_replication_on_nets <list of net objects>.
INFO: [Physopt 32-702] Processed net cpu/u_regfile/data_ram_i_19_0. Optimizations did not improve timing on the net.
INFO: [Physopt 32-662] Processed net cpu/u_regfile/data_ram_i_19_n_0.  Did not re-place instance cpu/u_regfile/data_ram_i_19
INFO: [Physopt 32-702] Processed net cpu/u_regfile/data_ram_i_19_n_0. Optimizations did not improve timing on the net.
INFO: [Physopt 32-662] Processed net cpu/u_regfile/data_ram_i_52_n_0.  Did not re-place instance cpu/u_regfile/data_ram_i_52
INFO: [Physopt 32-572] Net cpu/u_regfile/data_ram_i_52_n_0 was not replicated.
Resolution: phys_opt_design can be forced to replicate a net driver using the option -force_replication_on_nets <list of net objects>.
INFO: [Physopt 32-735] Processed net cpu/u_regfile/data_ram_i_52_n_0. Optimization improves timing on the net.
INFO: [Physopt 32-619] Estimated Timing Summary | WNS=-0.225 | TNS=-2.311 |
INFO: [Physopt 32-662] Processed net cpu/u_regfile/data_ram_i_52_n_0.  Did not re-place instance cpu/u_regfile/data_ram_i_52
INFO: [Physopt 32-572] Net cpu/u_regfile/data_ram_i_52_n_0 was not replicated.
Resolution: phys_opt_design can be forced to replicate a net driver using the option -force_replication_on_nets <list of net objects>.
INFO: [Physopt 32-702] Processed net cpu/u_regfile/data_ram_i_52_n_0. Optimizations did not improve timing on the net.
INFO: [Physopt 32-663] Processed net cpu/u_regfile/data_ram_i_88_n_0.  Re-placed instance cpu/u_regfile/data_ram_i_88
INFO: [Physopt 32-735] Processed net cpu/u_regfile/data_ram_i_88_n_0. Optimization improves timing on the net.
INFO: [Physopt 32-619] Estimated Timing Summary | WNS=-0.221 | TNS=-2.303 |
INFO: [Physopt 32-663] Processed net cpu/u_regfile/data_ram_i_81_n_0.  Re-placed instance cpu/u_regfile/data_ram_i_81
INFO: [Physopt 32-735] Processed net cpu/u_regfile/data_ram_i_81_n_0. Optimization improves timing on the net.
INFO: [Physopt 32-619] Estimated Timing Summary | WNS=-0.216 | TNS=-2.293 |
INFO: [Physopt 32-662] Processed net cpu/u_regfile/data_ram_i_27_0.  Did not re-place instance cpu/u_regfile/data_ram_i_6
INFO: [Physopt 32-572] Net cpu/u_regfile/data_ram_i_27_0 was not replicated.
Resolution: phys_opt_design can be forced to replicate a net driver using the option -force_replication_on_nets <list of net objects>.
INFO: [Physopt 32-702] Processed net cpu/u_regfile/data_ram_i_27_0. Optimizations did not improve timing on the net.
INFO: [Physopt 32-663] Processed net cpu/u_regfile/data_ram_i_21_n_0.  Re-placed instance cpu/u_regfile/data_ram_i_21
INFO: [Physopt 32-735] Processed net cpu/u_regfile/data_ram_i_21_n_0. Optimization improves timing on the net.
INFO: [Physopt 32-619] Estimated Timing Summary | WNS=-0.201 | TNS=-2.263 |
INFO: [Physopt 32-662] Processed net cpu/u_regfile/data_ram_i_28_n_0.  Did not re-place instance cpu/u_regfile/data_ram_i_28
INFO: [Physopt 32-572] Net cpu/u_regfile/data_ram_i_28_n_0 was not replicated.
Resolution: phys_opt_design can be forced to replicate a net driver using the option -force_replication_on_nets <list of net objects>.
INFO: [Physopt 32-702] Processed net cpu/u_regfile/data_ram_i_28_n_0. Optimizations did not improve timing on the net.
INFO: [Physopt 32-662] Processed net cpu/u_regfile/data_ram_i_77_n_0.  Did not re-place instance cpu/u_regfile/data_ram_i_77
INFO: [Physopt 32-572] Net cpu/u_regfile/data_ram_i_77_n_0 was not replicated.
Resolution: phys_opt_design can be forced to replicate a net driver using the option -force_replication_on_nets <list of net objects>.
INFO: [Physopt 32-735] Processed net cpu/u_regfile/data_ram_i_77_n_0. Optimization improves timing on the net.
INFO: [Physopt 32-619] Estimated Timing Summary | WNS=-0.183 | TNS=-2.223 |
INFO: [Physopt 32-702] Processed net data_ram/U0/synth_options.dist_mem_inst/gen_sp_ram.spram_inst/ram_reg_0_255_0_0/OA. Optimizations did not improve timing on the net.
INFO: [Physopt 32-662] Processed net cpu/u_regfile/we.  Did not re-place instance cpu/u_regfile/data_ram_i_11
INFO: [Physopt 32-710] Processed net data_ram/U0/synth_options.dist_mem_inst/gen_sp_ram.spram_inst/ram_reg_0_255_0_0_i_1_n_0. Critical path length was reduced through logic transformation on cell data_ram/U0/synth_options.dist_mem_inst/gen_sp_ram.spram_inst/ram_reg_0_255_0_0_i_1_comp.
INFO: [Physopt 32-735] Processed net cpu/u_regfile/we. Optimization improves timing on the net.
INFO: [Physopt 32-619] Estimated Timing Summary | WNS=-0.181 | TNS=-1.458 |
INFO: [Physopt 32-662] Processed net cpu/u_regfile/data_ram_i_81_n_0.  Did not re-place instance cpu/u_regfile/data_ram_i_81
INFO: [Physopt 32-735] Processed net cpu/u_regfile/data_ram_i_81_n_0. Optimization improves timing on the net.
INFO: [Physopt 32-619] Estimated Timing Summary | WNS=-0.173 | TNS=-1.442 |
INFO: [Physopt 32-662] Processed net cpu/u_regfile/data_ram_i_29_n_0.  Did not re-place instance cpu/u_regfile/data_ram_i_29
INFO: [Physopt 32-572] Net cpu/u_regfile/data_ram_i_29_n_0 was not replicated.
Resolution: phys_opt_design can be forced to replicate a net driver using the option -force_replication_on_nets <list of net objects>.
INFO: [Physopt 32-735] Processed net cpu/u_regfile/data_ram_i_29_n_0. Optimization improves timing on the net.
INFO: [Physopt 32-619] Estimated Timing Summary | WNS=-0.169 | TNS=-1.434 |
INFO: [Physopt 32-662] Processed net cpu/u_regfile/led_rg1_data[1]_i_6_n_0.  Did not re-place instance cpu/u_regfile/led_rg1_data[1]_i_6
INFO: [Physopt 32-572] Net cpu/u_regfile/led_rg1_data[1]_i_6_n_0 was not replicated.
Resolution: phys_opt_design can be forced to replicate a net driver using the option -force_replication_on_nets <list of net objects>.
INFO: [Physopt 32-735] Processed net cpu/u_regfile/led_rg1_data[1]_i_6_n_0. Optimization improves timing on the net.
INFO: [Physopt 32-619] Estimated Timing Summary | WNS=-0.167 | TNS=-1.430 |
INFO: [Physopt 32-662] Processed net cpu/u_regfile/cpu_data_addr[2].  Did not re-place instance cpu/u_regfile/data_ram_i_20
INFO: [Physopt 32-572] Net cpu/u_regfile/cpu_data_addr[2] was not replicated.
Resolution: phys_opt_design can be forced to replicate a net driver using the option -force_replication_on_nets <list of net objects>.
INFO: [Physopt 32-702] Processed net cpu/u_regfile/cpu_data_addr[2]. Optimizations did not improve timing on the net.
INFO: [Physopt 32-663] Processed net cpu/u_regfile/data_ram_i_23_n_0.  Re-placed instance cpu/u_regfile/data_ram_i_23
INFO: [Physopt 32-735] Processed net cpu/u_regfile/data_ram_i_23_n_0. Optimization improves timing on the net.
INFO: [Physopt 32-619] Estimated Timing Summary | WNS=-0.161 | TNS=-1.396 |
INFO: [Physopt 32-663] Processed net cpu/u_regfile/rf_reg_r1_0_31_0_5_i_18_n_0.  Re-placed instance cpu/u_regfile/rf_reg_r1_0_31_0_5_i_18
INFO: [Physopt 32-735] Processed net cpu/u_regfile/rf_reg_r1_0_31_0_5_i_18_n_0. Optimization improves timing on the net.
INFO: [Physopt 32-619] Estimated Timing Summary | WNS=-0.150 | TNS=-1.170 |
INFO: [Physopt 32-662] Processed net cpu/u_regfile/led_rg0_data[1]_i_10_n_0.  Did not re-place instance cpu/u_regfile/led_rg0_data[1]_i_10
INFO: [Physopt 32-702] Processed net cpu/u_regfile/led_rg0_data[1]_i_10_n_0. Optimizations did not improve timing on the net.
INFO: [Physopt 32-663] Processed net cpu/u_regfile/led_data[15]_i_12_n_0.  Re-placed instance cpu/u_regfile/led_data[15]_i_12
INFO: [Physopt 32-735] Processed net cpu/u_regfile/led_data[15]_i_12_n_0. Optimization improves timing on the net.
INFO: [Physopt 32-619] Estimated Timing Summary | WNS=-0.124 | TNS=-1.104 |
INFO: [Physopt 32-662] Processed net cpu/u_regfile/data_ram_i_26_n_0.  Did not re-place instance cpu/u_regfile/data_ram_i_26
INFO: [Physopt 32-572] Net cpu/u_regfile/data_ram_i_26_n_0 was not replicated.
Resolution: phys_opt_design can be forced to replicate a net driver using the option -force_replication_on_nets <list of net objects>.
INFO: [Physopt 32-702] Processed net cpu/u_regfile/data_ram_i_26_n_0. Optimizations did not improve timing on the net.
INFO: [Physopt 32-662] Processed net cpu/u_regfile/data_ram_i_63_n_0.  Did not re-place instance cpu/u_regfile/data_ram_i_63
INFO: [Physopt 32-572] Net cpu/u_regfile/data_ram_i_63_n_0 was not replicated.
Resolution: phys_opt_design can be forced to replicate a net driver using the option -force_replication_on_nets <list of net objects>.
INFO: [Physopt 32-735] Processed net cpu/u_regfile/data_ram_i_63_n_0. Optimization improves timing on the net.
INFO: [Physopt 32-619] Estimated Timing Summary | WNS=-0.124 | TNS=-1.104 |
INFO: [Physopt 32-662] Processed net cpu/u_regfile/data_ram_i_21_n_0.  Did not re-place instance cpu/u_regfile/data_ram_i_21
INFO: [Physopt 32-601] Processed net cpu/u_regfile/data_ram_i_21_n_0. Net driver cpu/u_regfile/data_ram_i_21 was replaced.
INFO: [Physopt 32-735] Processed net cpu/u_regfile/data_ram_i_21_n_0. Optimization improves timing on the net.
INFO: [Physopt 32-619] Estimated Timing Summary | WNS=-0.118 | TNS=-1.054 |
INFO: [Physopt 32-663] Processed net cpu/u_regfile/led_rg1_data[1]_i_4_n_0.  Re-placed instance cpu/u_regfile/led_rg1_data[1]_i_4
INFO: [Physopt 32-735] Processed net cpu/u_regfile/led_rg1_data[1]_i_4_n_0. Optimization improves timing on the net.
INFO: [Physopt 32-619] Estimated Timing Summary | WNS=-0.099 | TNS=-0.841 |
INFO: [Physopt 32-663] Processed net cpu/u_regfile/led_data[15]_i_8_n_0.  Re-placed instance cpu/u_regfile/led_data[15]_i_8
INFO: [Physopt 32-735] Processed net cpu/u_regfile/led_data[15]_i_8_n_0. Optimization improves timing on the net.
INFO: [Physopt 32-619] Estimated Timing Summary | WNS=-0.095 | TNS=-0.833 |
INFO: [Physopt 32-662] Processed net cpu/u_regfile/data_ram_i_25_0.  Did not re-place instance cpu/u_regfile/data_ram_i_5
INFO: [Physopt 32-572] Net cpu/u_regfile/data_ram_i_25_0 was not replicated.
Resolution: phys_opt_design can be forced to replicate a net driver using the option -force_replication_on_nets <list of net objects>.
INFO: [Physopt 32-702] Processed net cpu/u_regfile/data_ram_i_25_0. Optimizations did not improve timing on the net.
INFO: [Physopt 32-662] Processed net cpu/u_regfile/data_ram_i_23_n_0.  Did not re-place instance cpu/u_regfile/data_ram_i_23
INFO: [Physopt 32-81] Processed net cpu/u_regfile/data_ram_i_23_n_0. Replicated 1 times.
INFO: [Physopt 32-735] Processed net cpu/u_regfile/data_ram_i_23_n_0. Optimization improves timing on the net.
INFO: [Physopt 32-619] Estimated Timing Summary | WNS=-0.093 | TNS=-0.829 |
INFO: [Physopt 32-662] Processed net cpu/u_regfile/data_ram_i_88_n_0.  Did not re-place instance cpu/u_regfile/data_ram_i_88
INFO: [Physopt 32-735] Processed net cpu/u_regfile/data_ram_i_88_n_0. Optimization improves timing on the net.
INFO: [Physopt 32-619] Estimated Timing Summary | WNS=-0.083 | TNS=-0.809 |
INFO: [Physopt 32-662] Processed net cpu/u_regfile/rf_reg_r1_0_31_0_5_i_60_n_0.  Did not re-place instance cpu/u_regfile/rf_reg_r1_0_31_0_5_i_60_comp
INFO: [Physopt 32-702] Processed net cpu/u_regfile/rf_reg_r1_0_31_0_5_i_60_n_0. Optimizations did not improve timing on the net.
INFO: [Physopt 32-662] Processed net cpu/u_regfile/data_ram_i_15_0.  Did not re-place instance cpu/u_regfile/data_ram_i_2
INFO: [Physopt 32-572] Net cpu/u_regfile/data_ram_i_15_0 was not replicated.
Resolution: phys_opt_design can be forced to replicate a net driver using the option -force_replication_on_nets <list of net objects>.
INFO: [Physopt 32-702] Processed net cpu/u_regfile/data_ram_i_15_0. Optimizations did not improve timing on the net.
INFO: [Physopt 32-662] Processed net cpu/u_regfile/data_ram_i_15_n_0.  Did not re-place instance cpu/u_regfile/data_ram_i_15
Abnormal program termination (EXCEPTION_ACCESS_VIOLATION)
Please check 'E:/loongson/cdp_ede_local/mycpu_env/soc_verify/soc_dram/run_vivado/project/loongson.runs/impl_1/hs_err_pid24032.log' for details
